8165039,-377962,0,0,5295284,0,0,0,0
8180664,-1136719,-327605,2249855,5441980,7582108,7467626,7805110,7680415
8197265,1281,-136569,1971555,4850355,7602164,8070929,8221179,8222717
8212890,191997,-75919,1603641,4711077,7146222,7598483,7706447,7855789
8228515,79074,-88979,1171473,5280098,7707746,7434299,7502528,7781595
8244140,36442,-136534,693743,5535840,7878448,7091222,7147830,7641225
8260742,-65644,-185016,187401,5423373,7533365,7643011,7799823,7939214
8276367,-61713,-133712,-336819,5164505,7324348,7847629,7917331,8000998
8291992,144550,-127342,-848399,5223045,7129573,7590239,7617597,7841922
8308593,29952,-119796,-1320329,5615917,7826558,7376454,7407732,7739689
8324218,3373,-236953,-1764065,5645134,7775869,7000017,7124350,7600978
8339843,-60648,-238773,-2121181,5616793,7424383,7609980,7826047,7595531
8355468,81105,-113791,-2413180,4556788,7418318,7866142,8034754,8132743
8372070,213868,-173475,-2608396,4748805,7160874,7577737,7702081,7907558
8387695,84498,-286607,-2673742,5181374,8012465,7115503,7318632,7509276
8403320,69500,-388579,-2665244,5540818,7685948,6952424,7288793,7379026
8418945,46389,-293258,-2559803,4837024,7584987,7655481,8173152,7717832
8435546,87461,-102106,-2346006,4811669,7323349,7764831,7948781,8030869
8451171,129976,-126229,-2030778,5035714,7338704,7639814,7729749,7925081
8466796,40854,-73478,-1648586,5319827,8257054,7516005,7618325,8013884
8482421,-16545,-124817,-1210776,5689055,7877563,7530537,7685919,8123311
8499023,-77273,-75026,-722850,5229148,7757662,8196603,8313040,8388607
8514648,74469,-46073,-207957,4872385,7402552,7851270,7931866,8192330
8530273,138863,-137134,310770,5122649,7479516,7466646,7595053,8001814
8545898,61292,-308247,821940,5179545,7979467,7022205,7171802,7520718
8562500,16031,-347982,1281385,5567342,7517350,7288428,7565571,7625193
8578125,-12188,-154076,1709124,4638408,7563884,8052622,8271114,8388607
8593750,206598,-149811,2057996,4642958,7133782,7665618,7798582,7967799
8609375,149180,-139553,2299522,5046139,7647368,7609574,7735772,7884804
8625976,80743,-179076,2483917,5155895,8046246,7129758,7276574,7670565
8641601,-21502,-245273,2557561,5386467,7592596,7496992,7671607,7881579
8657226,51583,-241870,2514655,4796455,7418830,7907627,8154008,7877401
8672851,233941,-263881,2358019,4542987,7266631,7692427,8005461,7949361
8689453,141013,-308943,2108994,4816095,7968421,7400561,7736232,7648848
8705078,94231,-274345,1807268,5110932,7959860,7059290,7363253,7525814
8720703,-28150,-198745,1404180,5301852,7666147,7777288,7956461,8069572
8736328,76013,-130536,942996,4560064,7484240,8035549,8234963,8204277
8752929,181388,-150201,439806,4535583,7264317,7657815,7831546,8011893
8768554,-7178,-204682,-75349,5279787,7809368,7248173,7342749,7618909
8784179,-29341,-308534,-590914,5784962,7720765,6988518,7129716,7465816
8799804,-104131,-304287,-1089242,5599759,7511882,7552422,7818763,7630947
8816406,92789,-118947,-1547606,4738411,7374655,7921102,8080151,8132337
8832031,108331,-243518,-1942726,4810975,7314516,7460898,7668966,7687966
8847656,58407,-155112,-2266596,5393416,7848454,7377395,7517823,7749742
8863281,36119,-241034,-2507364,5224038,7892944,7242763,7455048,7747858
8879882,-115345,-259512,-2651728,5440452,7516744,7625742,7903196,7573467
8895507,28509,-106109,-2691035,4934260,7265489,7805894,7922542,8027180
8911132,158271,-127871,-2616487,4902917,7344023,7653041,7789594,7995927
8926757,55604,-172551,-2470709,5072135,8053489,7295889,7443832,7868314
8943359,6387,-245973,-2218582,5365109,7670722,7289597,7500195,7843665
8958984,-40549,-155324,-1870256,4865491,7525773,8015472,8205158,8300724
8974609,166461,-158378,-1448043,4795921,7174398,7710165,7812403,7932859
8990234,155963,-195455,-970128,5018413,7521621,7652754,7768207,7906614
9006835,57469,-171731,-472655,5239761,8104822,7253607,7404430,7775028
9022460,7759,-224803,47456,5520491,7696085,7498137,7674653,7912918
9038085,-30810,-268939,569841,4850150,7543025,7680430,7969113,7713827
9053710,171684,-139810,1064184,4802692,7021681,7666762,7867559,8052363
9070312,5966,-97513,1495653,5407572,7641829,7477618,7608114,7823736
9085937,-7385,-157142,1872733,5630826,7868639,7078906,7135792,7675270
9101562,-5934,-243034,2183079,5508687,7587604,7554236,7792127,8027126
9117187,-71542,-129244,2406788,5193778,7470396,8012712,8106356,8158458
9133789,110859,-377417,2530255,4912413,7129119,7237013,7447051,7437016
9149414,57835,-154035,2535573,5520077,7654033,7538704,7689581,7833573
9165039,39378,-257052,2431683,5622316,7999917,7111807,7259642,7678050
9180664,-26897,-339112,2250863,5375580,7589249,7608657,7909419,7770389
9197265,-32194,-277709,1970950,4997300,7432930,7642381,7887232,7713387
9212890,85804,-212892,1603625,4935916,7143390,7472983,7648235,7722888
9228515,57741,-133683,1177740,5311099,7815665,7569114,7714092,7870765
9245117,56588,-252792,696669,5180410,7948319,7061688,7296010,7619233
9260742,-3591,-304873,188652,5029395,7492672,7473237,7903879,7532574
9276367,199543,-264367,-337021,4314873,7246842,7276986,7643433,7378557
9291992,242914,-161925,-846899,4457781,7252632,7580050,7828755,7889711
9308593,83276,-182896,-1332878,5088667,7998967,7350888,7515322,7773124
9324218,44251,-242611,-1750039,5429455,7814620,7203743,7384030,7609107
9339843,-51397,-276306,-2132377,5002632,7549733,7666852,7943783,7726413
9355468,28892,-135331,-2414187,4817829,7177592,7828725,7962525,8080445
9372070,153171,-168999,-2582657,4916140,7399010,7711285,7890372,7965855
9387695,96788,-65431,-2671195,5108660,8388607,7657718,7911264,8194896
9403320,8004,-229769,-2691669,5327031,7885651,7324464,7496575,7831603
9418945,-69510,-166872,-2580410,5013221,7508647,7963543,8109323,8180429
9435546,80818,-138968,-2353378,4671080,7129145,7715629,7887889,8072526
9451171,138760,-207197,-2031826,4999476,7471445,7608722,7789695,7928247
9466796,59030,-183090,-1651053,5236586,8132989,7246894,7448161,7713823
9482421,-15171,-267007,-1223390,5324914,7602564,7338602,7562808,7837988
9499023,-51096,-260806,-727880,5069565,7385559,7758178,7995588,7699779
9514648,146169,-101286,-208250,4890514,7128205,7689970,7820595,7978815
9530273,102002,-95352,312459,5330598,7573807,7559014,7626250,7825664
9545898,52605,-152185,811400,5500634,8023193,7184922,7299364,7687571
9562500,-38536,-170228,1282689,5703673,7632668,7650167,7787419,7977811
9578125,-137362,-141143,1699487,5190457,7554708,7966134,8056418,8098174
9593750,73099,-134363,2041648,5120727,6994477,7556772,7684926,7916130
9609375,-22287,-214063,2294138,5579313,7698748,7435600,7540965,7774391
9625976,-26318,-241984,2477443,5891128,7877125,7011899,7147370,7467040
9641601,-75901,-267767,2543502,5753166,7493526,7336912,7622333,7495132
9657226,32197,-132181,2502761,4923050,7308687,7989414,8152993,8235233
9672851,87929,-148872,2351399,5036814,7282530,7648426,7775560,7982318
9689453,58308,-149962,2112085,5410416,7807463,7478972,7560585,7812634
9705078,44954,-237080,1806911,5360066,7874493,7125693,7296650,7712470
9720703,-43125,-212442,1403110,5334180,7578312,7950037,8192995,8306585
9736328,-60096,-117725,940734,5210537,7449531,7833599,7920854,8035151
9752929,190488,-189992,441193,5103268,7157713,7436050,7560012,7571431
9768554,101270,-154866,-74602,5371632,7955884,7410071,7591960,7763252
9784179,67618,-175456,-587322,5302495,7931407,7433119,7671816,7856313
9799804,-74997,-150870,-1089816,5259613,7730332,7987793,8147606,8195040
9816406,5269,-210719,-1550733,4920584,7249902,7577198,7761027,7683733
9832031,162699,-163241,-1949637,4980819,7220511,7523372,7708845,7902780
9847656,70826,-165585,-2282623,5095530,7999934,7249361,7423209,7732508
9863281,-4274,-226197,-2525440,5314625,7687033,7287483,7484490,7804624
9879882,-114406,-143360,-2658342,5240084,7499363,8010016,8137103,8213681
9895507,150424,-136732,-2690959,4718925,7247107,7812926,7919428,8029831
9911132,135780,-113387,-2618955,5144459,7515669,7598718,7707011,7878913
9926757,-9543,-142498,-2457063,5568055,8061529,7244044,7349557,7678141
9943359,-104674,-179160,-2202510,6063674,7598831,7486534,7556045,7907835
9958984,-44107,-36905,-1858414,5090179,7637826,8193504,8344541,8388607
9974609,135390,-15569,-1441026,4885959,7241176,7785080,7937884,8196917
9990234,141557,-56107,-968890,5297432,7851816,7817408,7953052,8218202
10006835,60858,-140967,-468511,5431907,8159317,7278605,7398147,7734786
10022460,-49983,-243487,52098,5331141,7648899,7520904,7716803,7967666
10038085,29176,-296999,571297,4534152,7405410,7732555,8049635,7814185
10053710,185341,-293019,1063566,4622113,7067576,7463448,7717523,7733578
10070312,89238,-134275,1497440,5194178,7760706,7553615,7684154,7784970
10085937,42799,-237563,1891600,5156280,7932407,6893345,7074991,7471813
10101562,-19778,-300591,2204084,5050952,7380742,7347674,7718099,7516231
10117187,133650,-247012,2420629,4255459,7297473,7541361,7814253,7536515
10133789,253067,-250256,2533541,4232697,7008185,7063967,7374793,7379577
10149414,139603,-155407,2540475,4922865,7683612,7156052,7422724,7554390
10165039,78131,-265988,2435628,5256228,7868336,6955847,7233412,7467688
10181640,-70086,-278497,2254160,4981059,7490542,7422864,7785529,7533358
10197265,-48593,-91746,1970012,4910321,7237417,7799192,7957253,8147961
10212890,58100,-160108,1600101,5117355,7240467,7601210,7691320,7892696
10228515,-23102,-131467,1170384,5650768,7888080,7411507,7469862,7769252
10245117,-31887,-206067,699724,5675420,7811101,7268912,7405540,7767646
10260742,-71560,-165548,188766,5270857,7628701,7953717,8154402,8140510
10276367,79357,-96921,-333246,4879215,7302052,7760625,7874244,7984521
10291992,169290,-177423,-841936,5049232,7272581,7531118,7647991,7866040
10308593,12996,-144632,-1318224,5340245,8071118,7404995,7538697,7802607
10324218,-7676,-118751,-1754950,5704021,7776668,7481549,7646041,8061243
10339843,-10768,-125652,-2118201,5073442,7679453,8043766,8191524,8141973
10355468,135667,-244641,-2402569,4555674,7185702,7396291,7608243,7403271
10372070,155824,-231535,-2610836,5069019,7308509,7437133,7661499,7719614
10387695,24687,-162608,-2671728,5449959,8088538,7328122,7521129,7752099
10403320,-75696,-214545,-2666799,5998845,7671741,7462022,7574425,7874421
10418945,-12395,-151947,-2554666,5110764,7557109,7918026,8105830,7901271
10435546,193593,-222104,-2342445,4484078,7080843,7339610,7610427,7524675
10451171,194504,-239049,-2049261,4765865,7476489,7161728,7459243,7445975
10466796,118305,-194274,-1667392,4989699,7908965,7017940,7309361,7563771
10482421,-23492,-221582,-1224225,5223823,7614069,7543418,7769894,7937648
10499023,38748,-209075,-729039,4448087,7447835,7899104,8200353,7876714
10514648,197397,-155226,-209949,4554769,7155964,7704137,7919356,8019010
10530273,118924,-155471,309472,5022891,7804517,7539992,7734807,7949152
10545898,66579,-236928,808959,5151918,8011888,7029281,7228093,7607538
10562500,-19300,-271408,1278469,5349663,7465903,7421997,7739050,7544526
10578125,12865,-111514,1697706,5005698,7427459,7946631,8102337,8162353
10593750,117841,-158460,2040179,4945267,7155494,7572065,7714732,7899724
10609375,-10446,-142479,2294978,5430490,7799740,7351172,7461617,7721225
10625976,-16035,-207086,2461309,5638587,7788293,7150357,7313816,7719086
10641601,-54510,-172694,2535998,5304185,7601422,7914714,8129607,8131077
10657226,78415,-123457,2497457,4819635,7457313,7954755,8118863,8140726
10672851,97543,-131159,2347198,5070650,7338148,7532595,7663145,7774654
10689453,21688,-143598,2111360,5479686,7850456,7375043,7459540,7726954
10705078,8723,-223552,1793771,5542315,7800303,7199116,7360444,7715133
10720703,-34951,-201463,1404293,4971029,7561059,7874647,8078946,8126298
10736328,122381,-234481,950035,4417739,7203053,7432987,7647213,7458092
10752929,55969,-244053,447771,5034390,7243239,7439973,7644490,7733276
10768554,-34885,-231855,-73386,5543000,7946425,7199768,7354562,7585701
10784179,-27325,-281778,-590171,5629334,7646377,7214046,7425864,7638862
10799804,-48060,-165958,-1097270,4820307,7645241,8046733,8274336,8294604
10816406,100528,-131481,-1556766,4872740,7148969,7690598,7832181,7973512
10832031,129978,-164084,-1938532,5153950,7448372,7537287,7656283,7859425
10847656,39129,-148843,-2257403,5426301,8041112,7194606,7339443,7704796
10863281,-15330,-205455,-2503925,5632343,7613723,7432639,7604755,7912650
10879882,-27658,-151521,-2665121,4762715,7559126,8022802,8212078,8236752
10895507,60838,-270672,-2708099,4885511,7088781,7465935,7666649,7735420
10911132,94915,-157967,-2612004,5335320,7507128,7545860,7671135,7871705
10926757,54199,-186649,-2447034,5549726,8023306,7155334,7277161,7694981
10943359,9936,-206006,-2201581,5339389,7655785,7701511,7947234,8058491
10958984,-12394,-93778,-1863874,4785155,7630680,8024909,8202804,8114153
10974609,87827,-93720,-1450239,4981139,7046877,7615529,7713868,7940483
10990234,-320,-100828,-967598,5499215,7743791,7622811,7719894,7968439
11006835,-21747,-248763,-470375,5948495,7944768,7028022,7181804,7617315
11022460,-66214,-250372,47423,5996809,7497435,7446555,7702939,7556482
11038085,28696,-63901,565978,4980097,7509837,8040272,8199306,8187079
11053710,150255,-127129,1055726,4956500,7160655,7530809,7666387,7861189
11070312,24364,-200520,1491115,5376869,7797825,7368329,7517155,7718924
11085937,21869,-319296,1870387,5384430,7825426,6996651,7310925,7651103
11101562,-56187,-284330,2179894,5515291,7496228,7538719,7831486,7602256
11118164,52465,-85188,2398141,4787634,7357207,7936952,8099364,8148231
11133789,194675,-145566,2514626,4641683,7242117,7633803,7806081,7993598
11149414,49993,-145300,2541936,5037995,7991069,7394330,7550784,7864775
11165039,9393,-224887,2452563,5121472,7733353,7140353,7340221,7712826
11181640,-75012,-244923,2270500,5078943,7465184,7634995,7884485,7710283
11197265,-12730,-116872,1979628,5092740,7137023,7794286,7909656,8096770
11212890,152475,-131811,1608090,5113135,7362212,7569221,7682503,7775439
11228515,-11474,-214133,1170639,5406458,8011982,7196689,7329809,7559841
11245117,-77537,-264761,696536,6017320,7592422,7253256,7434238,7743499
11260742,-158190,-130025,186870,5694407,7550317,7954556,8065585,8189666
11276367,123514,-86273,-336081,4608389,7271084,7800748,7907540,7985333
11291992,15561,-152694,-847682,5185128,7398865,7575830,7696353,7928622
11308593,-30964,-143352,-1317378,5666749,7977766,7267945,7357896,7726784
11324218,-39547,-282711,-1745486,5511738,7631615,7331722,7480144,7799858
11339843,-119881,-350996,-2117485,5164568,7431913,7667294,7951241,7722696
11355468,169167,-131046,-2400743,4645870,7092946,7714836,7924919,8080075
11372070,45544,-292873,-2581833,5045193,7639726,7233250,7533174,7566341
11387695,42752,-185838,-2671573,5688565,7866370,6938000,7157311,7451635
11403320,-1694,-295248,-2684041,5334735,7625128,7270278,7554345,7476643
11418945,35388,-184887,-2575877,4619402,7433696,7746146,8014081,7805466
11435546,182626,-97034,-2360213,4539714,7053832,7675104,7836638,7996645
11451171,99727,-148199,-2049928,4982026,7673180,7523636,7670637,7892954
11466796,19208,-265192,-1666144,5117539,7969525,6929016,7146369,7535576
11482421,-117043,-275827,-1219032,5664942,7351793,7263020,7536633,7470524
11499023,34729,-127730,-727002,4547081,7391859,7939436,8193998,8191631
11514648,184789,-346515,-213280,4603947,7080349,7166477,7462969,7427571
11530273,15492,-188944,307522,5356870,7706757,7343580,7559411,7683140
11545898,-6355,-267639,809134,5559729,7857415,6934438,7093363,7486062
11562500,6302,-275072,1281998,5036522,7457975,7352667,7652296,7381774
11578125,-51724,-271903,1701465,4924261,7237850,7250530,7542689,7459475
11593750,161670,-114511,2037011,4930246,7040003,7614771,7747745,7955229
11609375,51326,-101005,2291971,5304187,7985756,7510953,7594411,7876657
11625976,42067,-239985,2463061,5201014,7878242,7141046,7370543,7632040
11641601,-24126,-265648,2552035,4991001,7532806,7627313,8054127,7639088
11657226,68543,-109002,2509729,4851919,7258447,7863857,8035477,8144334
11672851,158676,-171923,2348910,4986856,7328890,7577060,7726523,7889729
11689453,-429,-188251,2106797,5354688,8030468,7333048,7500262,7837293
11705078,-58969,-248511,1792819,5511531,7682311,7331590,7550420,7975141
11720703,-138383,-142838,1398588,5385171,7600909,7978176,8150008,8259701
11736328,40742,-211987,939029,4789884,7201243,7451059,7670047,7574881
11752929,3069,-82084,443196,5360102,7231752,7427312,7546606,7831741
11768554,-11486,-116188,-68782,5733353,7906828,7291706,7342536,7746161
11784179,-14146,-180899,-586643,5546342,7710040,7472057,7635623,7914125
11799804,-106215,-93165,-1088444,5246970,7587211,7987540,8090941,8099667
11816406,165515,-200645,-1547884,4756551,7130841,7425029,7591378,7482324
11832031,34552,-110148,-1942514,5300823,7471619,7569931,7733976,7865153
11847656,-66408,-165625,-2259248,5784228,7955931,7109950,7198539,7606785
11863281,-121926,-251687,-2514074,6036407,7546079,7460884,7597825,7883188
11879882,-7154,-189145,-2657128,5085724,7478966,7860542,8093822,7807912
11895507,200811,-153681,-2689067,4803257,7155967,7710648,7888434,8019650
11911132,121299,-163661,-2614169,5112765,7712187,7502560,7668787,7867086
11926757,43543,-267102,-2473291,4956976,8023821,6957393,7258695,7652924
11943359,-100842,-291502,-2203211,5779520,7431143,7303820,7601234,7531047
11958984,-92120,-122479,-1856739,5202198,7398057,7970664,8129531,8219832
11974609,57258,-92296,-1434346,5079645,7147450,7569533,7688172,7911567
11990234,-11542,-159129,-967718,5529788,7662497,7437036,7528559,7805704
12006835,3316,-290315,-470362,5623413,7858490,6934877,7099955,7520957
12022460,-1200,-299235,50120,5421047,7449075,7467103,7751315,7496111
12038085,39113,-68988,569325,4603635,7510700,8002589,8181348,8202083
12054687,151345,-89719,1063988,4681482,7129710,7506246,7641869,7874911
12070312,46659,-124852,1504443,5221704,7768530,7381796,7455110,7776361
12085937,34896,-240433,1890812,5322492,7798539,7021352,7184265,7565451
12101562,-33295,-288174,2206356,5084030,7442477,7540910,7820824,7551205
12118164,103663,-238870,2424359,4440921,7243817,7636106,7955985,7760226
12133789,76167,-139538,2532086,4872003,7224644,7560866,7777713,7951654
12149414,17190,-158769,2520862,5169671,7877647,7350399,7502600,7834014
12165039,1731,-234385,2459225,5267702,7729898,7198319,7397322,7775638
12181640,-60618,-143175,2259015,5187194,7548727,8010272,8186978,8261015
12197265,117632,-103565,1963728,4686899,7335761,7859408,7992205,8081879
12212890,56823,-74829,1594137,5206075,7404840,7644837,7730298,7934953
12228515,14369,-112804,1170003,5642124,7950872,7307057,7372751,7726978
12245117,6497,-230361,704619,5322942,7711584,7305865,7556590,7833355
12260742,-30878,-156349,192662,4982359,7549275,8093389,8285859,8278168
12276367,23566,-145935,-334105,4942459,7314940,7757484,7863456,7925811
12291992,135285,-151090,-843867,5156811,7471215,7664055,7802942,7947703
12308593,5581,-176125,-1314531,5467063,8089672,7147655,7343281,7694415
12324218,-117952,-261753,-1749834,5836244,7589640,7325569,7455916,7865426
12339843,-162942,-247123,-2119517,5816120,7338049,7440794,7580887,7402958
12355468,145790,-111050,-2402520,5080103,6947265,7679019,7799257,8005700
12372070,81713,-253467,-2578908,5072857,7600844,7352507,7530920,7611849
12387695,-39984,-238553,-2692841,5405619,7863792,6985031,7215259,7543410
12403320,-138863,-211392,-2667388,5936536,7470418,7454440,7600755,7885959
12418945,21739,-247876,-2555661,4840574,7434675,7800744,8108262,7837172
12435546,182070,-241751,-2341943,4391860,7176816,7375792,7663656,7549822
12451171,59412,-203242,-2046821,5113170,7574980,7370762,7575766,7684620
12466796,12127,-266253,-1651091,5592885,7861558,6908329,7075132,7423683
12482421,-39930,-309226,-1222115,5193796,7388214,7270067,7588275,7525821
12499023,11863,-74298,-731114,4893451,7400045,8139497,8291209,8338600
12514648,86800,-75857,-208314,5106653,7345174,7626630,7751880,8019135
12530273,23449,-143653,305970,5450337,7743412,7555221,7654304,7922005
12545898,27527,-250449,805913,5308056,7994821,7102750,7331405,7606154
12562500,-34451,-299195,1292226,5215569,7470833,7370280,7628023,7455872
12578125,89040,-272935,1705033,4701220,7212114,7491492,7771484,7657397
12593750,145432,-155846,2039345,4930927,7159051,7612229,7795650,7944706
12609375,-33654,-120240,2288615,5507679,7922451,7486942,7602164,7875704
12625976,-78276,-244900,2458714,5795067,7780466,7189345,7395694,7830721
12641601,-204641,-217204,2531691,5915140,7472704,7623857,7775611,7856635
12657226,20596,-31216,2497596,5042564,7208022,7921505,8025185,8140370
12672851,184030,-77892,2348574,5061821,7442125,7706836,7839085,8070917
12689453,33383,-128815,2107232,5354441,8066155,7434397,7544234,7770792
12705078,-48510,-262830,1793597,5717671,7716160,7162651,7326658,7643466
12720703,-196304,-251427,1397374,5749779,7376312,7511841,7678492,7608237
12736328,91113,-195341,941491,4798266,7129391,7699429,7853275,7832314
12752929,154384,-161584,442087,4921800,7377651,7537101,7753516,7819334
12768554,-3816,-164514,-70114,5347876,8054933,7239180,7453238,7691815
12784179,-107563,-179675,-586309,6060924,7611063,7277595,7405508,7737747
12799804,-44917,-58161,-1092314,5195544,7573533,8147720,8295411,8220535
12816406,128562,-152867,-1551692,4895230,7413638,7534848,7693579,7618425
12832031,124051,-156343,-1932910,5345602,7410851,7501699,7645252,7784011
12847656,48293,-174030,-2250866,5360784,8062494,7288146,7437704,7783102
12863281,-35728,-228855,-2502551,5702670,7682208,7488799,7672494,7910545
12879882,-20418,-197672,-2648663,4933931,7506193,7917886,8199361,8116890
12895507,179087,-100238,-2686868,4623288,7191405,7715916,7879558,8011237
12911132,106183,-152588,-2614003,5105566,7658706,7556667,7673275,7879957
12926757,52740,-238942,-2447007,5294564,8009394,6966641,7149254,7398091
12943359,-54396,-294240,-2215476,5706644,7409703,7141258,7391471,7359961
12958984,12147,-93378,-1863759,5007990,7343441,7988994,8155648,8178263
12974609,156657,-207803,-1438352,4672664,7154565,7294315,7518504,7471021
12991210,8906,-157117,-979158,5359598,7561221,7406646,7542900,7726442
13006835,24197,-263743,-471177,5276107,7905432,7079089,7286262,7677443
13022460,-28722,-302273,47512,5134991,7535030,7423011,7725597,7565423
13038085,44568,-80309,565759,4944719,7384371,8000069,8130126,8194368
13054687,94462,-143197,1050258,5040496,7222963,7575570,7698356,7832511
13070312,33643,-155683,1497097,5478027,7829306,7522479,7636166,7844893
13085937,23614,-222528,1871234,5570060,7914053,6999257,7183386,7554533
13101562,-29742,-273894,2195942,5145928,7424964,7458222,7800921,7543635
13118164,75362,-156477,2406975,4718823,7292010,7736226,7957178,7823886
13133789,145544,-104285,2514700,4803166,7186214,7549774,7736111,7918648
13149414,-36147,-108872,2540912,5343062,7841984,7315851,7404119,7759395
13165039,-41804,-166855,2431354,5883716,7685951,7283265,7366316,7783473
13181640,-52070,-140213,2249957,5384985,7639058,7971427,8146230,8132997
13197265,96872,-121465,1969602,4536832,7338599,7895012,8057889,8088805
13212890,50671,-163557,1612329,5082273,7288290,7392040,7520523,7647652
13228515,23467,-144253,1170233,5699377,7838326,7335273,7419061,7677427
13245117,3409,-236307,701032,5434510,7802629,7354848,7549104,7862808
13260742,-136688,-197461,191006,5268991,7576691,7894939,8118641,8042355
13276367,131375,-124735,-332843,4619473,7244480,7829035,8007349,8090772
13291992,120985,-128707,-840868,4992702,7540453,7742135,7916641,8065413
13308593,65446,-156358,-1310958,5238258,8085044,7381144,7532459,7821550
13324218,20153,-236470,-1743574,5367223,7813665,7536808,7799138,7995751
13339843,-60073,-156693,-2113389,5245678,7597623,8007790,8164644,8181329
13355468,112699,-60794,-2400269,4677524,7208440,7685360,7776107,7907215
13372070,89976,-101144,-2604826,5225698,7430948,7519904,7597039,7800476
13387695,-14608,-196701,-2673961,5599041,7960059,7078979,7192768,7515326
13403320,-108933,-244313,-2681762,6077021,7464093,7363684,7510013,7638717
13418945,-11518,-121635,-2560313,4996635,7568971,8118598,8307438,8262480
13435546,175528,-100440,-2334041,4706717,7274306,7786426,7919150,8024185
13451171,-1508,-208996,-2031790,5320199,7743884,7452819,7594002,7719315
13466796,-28072,-271759,-1665874,5999635,7823935,6907608,7041504,7380701
13482421,-50265,-280952,-1224439,5761535,7446578,7240869,7492096,7471616
13499023,46874,-83879,-730839,4813001,7382281,8055531,8238616,8238248
13514648,98546,-302749,-210604,4854469,7216512,7285519,7557449,7534013
13530273,70432,-167320,304355,5518089,7677228,7511003,7674691,7836693
13545898,12740,-239917,809976,5512767,7981394,6971121,7188777,7552520
13562500,-128813,-251620,1280423,5758767,7390770,7386359,7697048,7603498
13578125,17281,-134880,1697987,5016316,7358154,7902717,8025574,8036091
13593750,136842,-150536,2043954,4699574,7219207,7665867,7828239,8024864
13609375,24489,-148964,2317504,5117309,7798461,7435043,7578705,7899392
13625976,14255,-245090,2486152,5187273,7790135,7018700,7203944,7645307
13641601,-54551,-273422,2558924,5100768,7433733,7532366,7882181,7622629
13657226,66339,-71050,2518927,4549532,7303004,7893720,8066468,8148321
13672851,169188,-138163,2373042,4854500,7187228,7435493,7577539,7597038
13689453,-31032,-158881,2115892,5541929,7924303,7300918,7473196,7681295
13705078,-63646,-178459,1804729,6197676,7688274,7275190,7372665,7831364
13720703,-56497,-134246,1402544,5249985,7625740,7984949,8242508,8258419
13736328,37199,-156472,940813,4973390,7333546,7779369,7938665,8043600
13752929,82509,-118425,440739,5263333,7247271,7536166,7625677,7783282
13768554,40552,-77548,-69889,5498114,8064959,7350141,7478521,7894469
13784179,-17607,-225083,-593373,5477673,7716548,7231688,7436974,7805391
13799804,-65434,-147085,-1097055,4938666,7479019,7935521,8129994,8163975
13816406,133708,-169301,-1555196,4609489,7137066,7601937,7779685,7728214
13832031,141086,-109214,-1936638,4977636,7400286,7471657,7622142,7712681
13847656,-33915,-144355,-2254490,5619898,7939364,7085742,7222321,7528165
13863281,-124728,-192220,-2514595,6266706,7540267,7413956,7529693,7903896
13879882,-77479,-47487,-2657572,5215851,7641298,8201091,8346370,8363985
13895507,123153,-110801,-2686974,4873964,7326776,7716555,7861810,8044682
13911132,1668,-149641,-2614593,5533451,7529650,7599157,7713579,7922650
13927734,-85091,-182430,-2454990,5877878,7918766,7099948,7169262,7625660
13943359,-99807,-263796,-2202462,6145368,7511227,7353047,7516223,7793364
13958984,3099,-155888,-1858566,5054442,7425443,7920915,8081286,7994844
13974609,7198,-114014,-1436742,5189594,7185112,7610494,7724541,7933822
13991210,35975,-154934,-968812,5786868,7508728,7436125,7521103,7809350
14006835,5062,-186533,-470947,5720243,7921342,7126518,7249216,7652817
14022460,14947,-136425,45612,5399104,7654420,7813395,8081494,8212217
14038085,34335,-169482,567498,4599309,7672559,7741099,7985795,7742037
14054687,183328,-108053,1059408,4768330,7023616,7490634,7679326,7778230
14070312,25590,-128857,1490577,5342822,7776078,7468695,7620767,7759877
14085937,27684,-151657,1868211,5385102,8049707,7153909,7401847,7761241
14101562,-58374,-273430,2198042,5364458,7584493,7427902,7748938,7554952
14118164,5318,-29116,2412094,4776402,7361170,8020418,8178816,8282909
14133789,141934,-56319,2513225,4909138,7289587,7572866,7702698,8020930
14149414,13796,-129091,2512510,5418595,7842826,7492260,7564699,7836679
14165039,-1566,-236905,2455401,5396075,7770146,7002573,7168303,7656556
14181640,-51481,-245819,2272263,5036716,7447901,7657932,7969418,7930980
14197265,18887,-134306,1987456,4691238,7288714,7747589,7929401,8031500
14212890,81004,-189964,1613239,5059424,7112973,7477529,7637847,7900027
14228515,8356,-197440,1171269,5442066,7897303,7310160,7463789,7749091
14245117,-4742,-233914,698663,5945083,7725905,7154552,7332521,7673973
14260742,-74870,-119540,191426,5487328,7571847,7951187,8106250,8122572
14276367,76535,-55642,-333264,4959694,7289160,7781283,7871171,7951964
14291992,100016,-311528,-840887,5009381,7302864,7303222,7484579,7532274
14308593,-1125,-229826,-1326839,5571350,7755284,7028697,7201188,7519811
14324218,-35852,-233468,-1760508,5548842,7570808,7225563,7414423,7847511
14339843,-71757,-115707,-2120327,5361626,7471572,7925583,8086925,8155878
14355468,104460,-71128,-2398345,4895548,7185290,7764120,7856036,7982059
14372070,80883,-159202,-2582720,5278297,7442840,7608950,7702917,7898679
14387695,-39751,-156796,-2667385,5737820,7987460,7208744,7275671,7722888
14403320,-102332,-236158,-2664528,6114773,7576860,7369067,7453134,7817226
14418945,-81036,-234377,-2567907,5144286,7480533,7839553,8002317,7939532
14435546,-1269,-112070,-2357890,5219287,7010748,7639035,7723053,7992364
14451171,28349,-254133,-2030689,5619058,7478838,7339374,7441062,7597579
14466796,11761,-219647,-1652611,5892443,7831848,7016826,7180193,7565961
14482421,-71834,-201053,-1214375,5909015,7565270,7501110,7667749,7946894
14499023,-97325,-118841,-726294,5215448,7477208,8011757,8168690,8224676
14514648,134753,-133796,-209171,5006031,7160628,7652864,7740557,7925360
14530273,14641,-275614,309358,5462577,7656905,7386534,7511993,7695875
14545898,-39566,-284106,816813,5837089,7879779,6951687,7101805,7440437
14562500,-125461,-281058,1287222,6150637,7460195,7349169,7548389,7529800
14578125,38175,-195313,1700903,5001237,7415615,7613036,7843636,7599990
14593750,196616,-238506,2043948,4552900,7047783,7436949,7671481,7812861
14609375,44154,-185374,2314898,5140298,7685420,7351296,7532152,7797692
14625976,39359,-253905,2458700,5379238,7851330,6957894,7154517,7543194
14641601,-16287,-288371,2555362,4849744,7453794,7323948,7750859,7534420
14657226,-57173,-170762,2511334,4876919,7266769,7684091,7897872,7975911
14672851,180260,-273227,2352796,4531635,7179225,7507279,7737426,7826015
14689453,27114,-147732,2129182,5070369,7930802,7385850,7559508,7819517
14705078,11064,-245560,1810116,5286238,7769679,6975142,7123934,7546183
14720703,104,-266169,1406999,5113845,7393277,7470593,7760028,7477988
14736328,79677,-79884,942311,4755696,7326864,7842545,7998013,8082411
14752929,45044,-154043,444369,5144978,7277565,7563690,7665493,7905532
14768554,-23048,-120475,-71248,5645013,7820119,7338970,7395856,7760885
14784179,-19084,-245062,-591479,5393287,7702719,7120260,7272173,7721901
14799804,-75088,-270979,-1087456,5411305,7417464,7687036,7973823,7754649
14816406,73615,-192145,-1545668,4938693,7229091,7628789,7824742,7723749
14832031,141351,-133169,-1936572,5065869,7314375,7651756,7828966,7966604
14847656,25149,-140071,-2252919,5242412,8064842,7397435,7514758,7818039
14864257,-10443,-244827,-2517090,5371133,7690211,7264735,7445491,7835102
14879882,-70597,-208317,-2670751,4939188,7524674,7884334,8131131,7998634
14895507,27399,-121163,-2706005,4870919,7087072,7633536,7778716,7963477
14911132,128868,-220090,-2615723,4973941,7401847,7465238,7640359,7773220
14927734,32939,-195142,-2481273,5388641,7961970,7096276,7280055,7662048
14943359,-69245,-220731,-2200884,5805397,7575701,7386315,7518076,7893282
14958984,-172477,-201998,-1857797,5731810,7402494,7801773,7951485,8062988
14974609,49704,-175379,-1443106,5265600,7002217,7466849,7609936,7813767
14991210,75362,-199639,-970030,5518199,7464780,7426561,7566215,7708935
15006835,12879,-246671,-471404,5774948,7960312,6976914,7161581,7479472
15022460,-57118,-307001,48677,5687933,7457026,7215258,7437970,7539008
15038085,-37309,-251237,568223,4850220,7365439,7770003,8004219,7900339
15054687,52267,-233971,1060434,5025410,6974772,7303143,7521469,7641702
15070312,77934,-129468,1493238,5515217,7567206,7504977,7634310,7768996
15085937,-2620,-219407,1864726,5379578,8020551,7028255,7176156,7487932
15101562,-117401,-256133,2176777,5757224,7405333,7270114,7485198,7537918
15118164,-10619,-135708,2391725,4922847,7421106,7939641,8118637,8128778
15133789,140570,-188601,2508135,4721089,7186776,7588777,7737338,7895469
15149414,-16177,-160325,2544213,5360357,7682656,7427002,7530299,7823217
15165039,-28520,-230440,2432927,5728898,7818169,6972910,7090041,7507001
15181640,-36388,-259788,2251013,5551839,7425809,7471088,7732253,7558690
15197265,18224,-103357,1976587,4671715,7431917,7966135,8143343,8204599
15212890,169029,-179719,1617425,4740939,7100408,7507575,7717705,7871363
15228515,-36520,-123342,1171729,5402749,7951431,7482516,7631710,7893353
15245117,-38065,-251628,698571,5759239,7743784,6950466,7033176,7507292
15260742,-41749,-295883,192814,5183687,7361309,7334993,7619023,7340145
15276367,17743,-150498,-331739,5012999,7193494,7776967,7883877,7998853
15291992,143547,-106665,-840578,4952635,7194896,7611926,7726449,7925696
15308593,-60178,-109671,-1326730,5535074,7882070,7290155,7364668,7750695
15324218,-74121,-241906,-1743650,5991069,7620693,7089079,7189764,7660287
15339843,-47236,-256376,-2115187,5480166,7412163,7596627,7879813,7650664
15355468,99615,-85938,-2398971,4792413,7239920,7810987,7966901,8073605
15372070,111840,-161990,-2586804,5039480,7380964,7627273,7744852,7904487
15387695,-47864,-139837,-2665954,5836696,7924775,7210545,7278854,7675862
15403320,-87541,-189997,-2678366,6448307,7614449,7338203,7372586,7786933
15418945,-88416,-148127,-2578636,5080589,7604036,7966079,8119695,8209182
15435546,81466,-92416,-2355604,5023058,7102021,7694309,7787683,7949186
15451171,94203,-226381,-2031492,5173818,7411931,7495434,7601535,7769221
15466796,16643,-190353,-1665556,5438995,7904298,7146371,7294344,7707530
15482421,-15848,-215544,-1217578,5762378,7646445,7528480,7661475,7979124
15499023,-61009,-191873,-729745,4988971,7616995,7953192,8116180,8143550
15514648,99617,-149844,-212819,4743982,7076266,7597999,7704665,7916727
15530273,86990,-344108,308450,5122153,7362205,7144032,7373704,7511873
15545898,51185,-212740,806632,5732857,7761614,6987447,7224277,7476335
15562500,-14160,-158318,1278075,5760117,7625155,7568790,7714582,7928797
15578125,-66875,-95572,1704170,5081318,7556376,7965795,8068539,8119325
15593750,134111,-116456,2054305,4924706,6999112,7560934,7637755,7880265
15609375,-14490,-115786,2294140,5455996,7642300,7555499,7626750,7898582
15625976,-25371,-204984,2459338,5840016,7889396,7045577,7130408,7527751
15641601,-69111,-281431,2553093,5583462,7477048,7348282,7588506,7571337
15657226,-33201,-85407,2508624,5324485,7366170,7993433,8087934,8163606
15672851,142170,-62171,2349103,5181688,7171231,7611066,7669183,7843696
15689453,22427,-129226,2109143,5586112,7729351,7508276,7552601,7822138
15705078,-14510,-179256,1788386,5684271,7858979,7149282,7219759,7706263
15720703,-135363,-196688,1410074,5503508,7522952,7614860,7775425,7978035
15736328,-142388,-91014,949970,5638667,7239241,7785215,7829125,8016882
15752929,93070,-113425,444278,5470499,7034369,7473303,7510590,7798637
15768554,56090,-216216,-68680,5369265,7748445,7289265,7420278,7654204
15784179,37852,-328725,-589985,5237041,7740400,6810868,7083681,7413078
15800781,-64064,-306789,-1088364,5404204,7400400,7442644,7770793,7558469
15816406,-50596,-289494,-1544470,4914456,7240668,7660081,7925488,7934937
15832031,150296,-130050,-1935533,5069452,7228723,7681891,7834025,8001927
15847656,20671,-116571,-2255745,5595493,7968262,7435888,7514536,7798360
15864257,24057,-258285,-2496753,5558507,7792483,7223355,7367148,7721794
15879882,-45666,-303828,-2662146,5018628,7538237,7624413,7942138,7798850
15895507,59638,-190369,-2710553,4642917,7189611,7645180,7818999,7921548
15911132,19225,-155186,-2641232,5331207,7201257,7479945,7608931,7870412
15927734,-49296,-146002,-2452672,6005969,7837798,7189336,7258323,7656355
15943359,-45354,-245364,-2215446,5681458,7598332,7131247,7308142,7705260
15958984,-64342,-202901,-1867092,5359915,7450674,7837750,8128362,7919332
15974609,52162,-146013,-1444128,4829095,7192629,7627379,7756600,7961013
15991210,74133,-239942,-978993,5011855,7221083,7381506,7546531,7736341
16006835,4554,-199958,-473016,5482792,7844303,7112614,7275414,7644337
16022460,-24677,-216939,44209,5988894,7601925,7418954,7538260,7897360
16038085,-75534,-109631,563855,5445426,7541080,7992787,8105605,8179068
16054687,12390,-258605,1054057,5095747,7103138,7400747,7559390,7634050
16070312,-693,-240932,1492002,5527083,7315517,7243381,7452074,7574478
16085937,-16635,-182720,1864039,5675259,7855922,7180709,7339135,7645391
16101562,-87263,-206467,2192791,5639811,7612390,7374342,7516156,7887618
16118164,-44145,-122002,2417432,4789877,7404068,7992468,8154503,8223082
16133789,183886,-211487,2529428,4580446,7049405,7483779,7789484,7874587
16149414,30293,-89417,2520764,5348208,7871893,7575864,7839560,8083291
16165039,-11659,-157012,2431894,5769371,7953523,7078622,7193701,7600251
16181640,-1928,-209493,2251257,5657670,7601158,7571357,7811164,7855888
16197265,-14272,-158433,1977519,4811033,7573089,7896183,8073974,7903333
16212890,56201,-242883,1617808,5054600,7011381,7321570,7523581,7696093
16228515,-51351,-153969,1169543,5815061,7623027,7401490,7525640,7813099
16245117,-31150,-224549,703539,6104761,7842145,7086080,7153592,7595647
16260742,-70555,-247434,194633,5711130,7552580,7505581,7731888,7678097
16276367,-122513,-132151,-328816,5555488,7325100,7786526,7870409,7996512
16291992,141863,-137171,-839781,4917511,7078637,7554516,7657077,7844908
16308593,-33250,-162895,-1329595,5319072,7708031,7368337,7465748,7795169
16324218,-56901,-223448,-1743932,5889397,7746491,7038197,7144831,7651801
16339843,-84977,-257704,-2115661,5472669,7463060,7620746,7837009,7889038
16355468,87420,-269015,-2407888,4512880,7342682,7693754,7950201,7884423
16372070,136955,-277187,-2606346,4691554,7117960,7287817,7564858,7671186
16387695,19987,-215338,-2697066,5318852,7723711,7235803,7421039,7672475
16403320,12727,-265147,-2690580,5233816,7733120,7133705,7327458,7727561
16418945,-87655,-241644,-2581298,5240347,7503116,7627876,7858987,7772406
16435546,-55249,-211557,-2359600,5083512,7137210,7515385,7642596,7699424
16451171,123690,-113175,-2031767,5167642,7167475,7525628,7635837,7865028
16466796,22057,-164338,-1648875,5426948,7920676,7296250,7430219,7780985
16482421,8694,-216923,-1214692,5583786,7707418,7313631,7478741,7860037
16499023,-95922,-142037,-731985,5221695,7601983,7913121,8083125,8148599
16514648,77295,-198917,-214728,4555587,7136319,7677997,7865780,8003313
16530273,149188,-295884,307627,4943984,7288561,7387513,7607187,7754094
16545898,28074,-193381,804386,5550336,7949675,7184586,7369766,7625621
16562500,-83165,-239860,1287184,5695327,7607874,7260420,7412071,7843100
16578125,-151916,-124709,1700136,5635827,7407871,7904297,8008169,8100262
16593750,94997,-203261,2038879,5133043,7096580,7473480,7620550,7694104
16609375,67645,-200218,2289719,5354221,7398905,7410374,7567024,7745707
16625976,-315,-186503,2479640,5564518,7840189,7072022,7184328,7638784
16641601,-49552,-219580,2554305,5518758,7570368,7457754,7626483,7981011
16657226,-53157,-138580,2505573,5207202,7473750,7975497,8085962,8190831
16672851,-5605,-324574,2350544,5123678,7012593,7081781,7260987,7356062
16689453,48998,-158095,2113014,5466319,7276671,7457505,7536663,7777477
16705078,204,-231480,1810459,5300590,7919382,6930094,7071755,7514317
16720703,-71121,-292403,1411997,5637750,7380626,7233021,7503297,7568658
16737304,-37677,-118046,954499,4835613,7387486,7968404,8129199,8203793
16752929,151736,-250856,450801,4746566,7002313,7265840,7459262,7545460
16768554,81856,-180999,-67885,5117660,7598438,7478401,7646947,7800233
16784179,-7801,-187819,-590795,5285760,7930941,7088044,7261205,7699851
16800781,-184509,-176655,-1084409,6140993,7512152,7516410,7612912,7878703
16816406,-87992,-256965,-1543104,5415711,7255318,7586137,7776933,7726495
16832031,183195,-307040,-1942424,4860502,6968124,7078652,7362208,7427554
16847656,39428,-263296,-2276043,5294724,7579315,7182987,7435023,7643748
16864257,23132,-302818,-2495283,5417331,7819429,6867102,7167884,7482716
16879882,-6152,-287259,-2662318,4975194,7418945,7310775,7762146,7546246
16895507,-69571,-128707,-2699358,5104466,7306677,7849673,8007969,8170543
16911132,150196,-268837,-2615957,4898481,7150715,7364146,7581844,7663173
16927734,4228,-151616,-2443588,5472925,7795065,7439284,7580253,7792413
16943359,-45972,-256229,-2197107,5549993,7848662,7022671,7214485,7611874
16958984,-106862,-277396,-1859936,5423886,7327443,7364571,7676625,7429384
16974609,118127,-246645,-1439874,4497967,7322761,7712080,7965228,7812591
16991210,139517,-165220,-970649,4731374,7340601,7680239,7854699,7974351
17006835,-38126,-177920,-474819,5471876,7844685,7194578,7296082,7671377
17022460,-49099,-244834,43061,5714119,7652818,7152979,7332443,7647274
17038085,-75370,-261963,561238,5417006,7455098,7512429,7787515,7588922
17054687,57734,-220348,1059035,4667307,7074356,7466737,7700867,7798835
17070312,84507,-260967,1503951,4939118,7188760,7368716,7573956,7719937
17085937,-52115,-176526,1866555,5511307,7868312,7219434,7360131,7650323
17101562,-78879,-229796,2172405,5837355,7646984,7247235,7374550,7785169
17118164,-44634,-209775,2398114,5210291,7516162,7800506,8006704,7862822
17133789,129649,-262808,2518157,4486188,7164771,7455174,7695596,7675158
17149414,12308,-127231,2542959,5196753,7308048,7439415,7571005,7846837
17165039,-27280,-128405,2422076,5811382,7832481,7120832,7156316,7633790
17181640,-28025,-214903,2250182,5822166,7644401,7431572,7604223,7877126
17197265,-74269,-225184,1979567,4950392,7565096,7995506,8210071,8124214
17212890,93711,-155321,1619069,4658055,7100285,7622378,7784633,8001566
17228515,33006,-285890,1185224,5055869,7411784,7297891,7474497,7659669
17245117,-41061,-205958,696546,5487075,7834246,7130288,7288730,7612306
17260742,-66395,-166909,192877,5827586,7699534,7551342,7721132,8097071
17276367,-42113,-305773,-330438,4942881,7492803,7625459,7871897,7700670
17291992,64338,-236648,-842511,4795284,6988090,7420015,7616524,7748063
17308593,90520,-274240,-1315211,5027569,7517550,7267193,7472422,7547343
17324218,-3924,-298674,-1763021,5120305,7846455,6795053,7050277,7345196
17339843,-128256,-265962,-2117297,5589292,7348362,7161157,7357880,7499285
17355468,-33360,-102616,-2401078,5075537,7292522,7876368,7984219,8078472
17372070,87486,-157553,-2586434,4938472,7144188,7652517,7760648,7986392
17387695,62601,-250505,-2667379,5369231,7630594,7340416,7470504,7698649
17403320,50742,-241438,-2661064,5365274,7884329,7173666,7389442,7715737
17418945,-60913,-185056,-2555160,5561162,7641574,7768857,7930340,8083939
17435546,-38924,-122938,-2348606,4745096,7474565,7944937,8071698,8189726
17451171,107391,-177277,-2049135,4945073,7044870,7523989,7616317,7841416
17466796,69091,-234481,-1651839,5238124,7727159,7412659,7543809,7783801
17482421,38460,-342980,-1221755,5244624,7841139,6859708,7116351,7526380
17499023,-36259,-304553,-731301,5545231,7416943,7447924,7745594,7565067
17514648,55315,-276200,-211224,4707318,7313017,7496273,7842648,7736500
17530273,171693,-327804,311380,4585838,7045497,7163774,7455553,7534377
17545898,-28948,-187431,815460,5289774,7726608,7205162,7354329,7643529
17562500,-54276,-225441,1275061,5717997,7721833,7086074,7236587,7670120
17578125,-47740,-234309,1693661,5167502,7454987,7601161,7910867,7697215
17593750,3628,-184559,2047282,4750704,7273225,7670592,7820834,7946538
17609375,145161,-320627,2313306,4889126,7057276,7161092,7376287,7544942
17625976,21182,-163311,2445057,5461150,7801593,7221396,7369733,7642085
17641601,-65402,-248043,2547237,5591450,7684935,7194637,7371030,7886821
17657226,-181977,-163007,2504807,5671205,7471972,7902366,8008593,8118858
17673828,51810,-160108,2358841,4665778,7234433,7765533,7901788,8008751
17689453,116508,-229348,2132171,4892034,7198323,7312847,7503582,7666320
17705078,2578,-194320,1806879,5453417,7841717,7121813,7278900,7611995
17720703,-38382,-203449,1401859,5856787,7593891,7343107,7473526,7863169
17737304,-77680,-113517,947029,5352813,7530131,7994280,8153738,8186147
17752929,135826,-253548,445960,4537089,7169701,7535682,7770818,7758931
17768554,132713,-284025,-70300,4852447,7356156,7365838,7639178,7694986
17784179,-10162,-204183,-583189,5522157,7911391,7049305,7241742,7565627
17800781,-95052,-198362,-1081004,5997412,7527391,7380709,7496439,7851549
17816406,-71436,-68602,-1546852,5328386,7575598,8150055,8256850,8315098
17832031,189785,-297767,-1950062,4479284,7286300,7347242,7613912,7662773
17847656,-3430,-151970,-2277135,5375103,7451565,7502938,7672825,7939003
17864257,-74551,-163840,-2510508,5915217,7968227,7321134,7354145,7794257
17879882,-115469,-232258,-2649091,6154609,7634953,7515882,7660455,7972488
17895507,-53167,-85443,-2699823,4930694,7540535,8011797,8129282,8150843
17911132,8222,-173516,-2642413,5317913,7021991,7524604,7586173,7828900
17927734,31105,-136596,-2468048,5812710,7596805,7542088,7594418,7825104
17943359,1691,-276579,-2189415,5579356,7925812,6964350,7112828,7492572
17958984,-75332,-337151,-1856421,5523227,7458526,7429340,7754222,7777222
17974609,-109182,-144506,-1446442,5327312,7458496,7956832,8118138,8247908
17991210,88656,-174276,-975090,4932133,7173781,7596815,7701323,7908793
18006835,-40253,-193053,-475968,5549347,7585701,7313996,7411889,7770212
18022460,-16781,-254056,46842,5644157,7802114,6976110,7143283,7524414
18038085,-65280,-286005,564759,5435832,7457095,7353611,7650990,7561916
18054687,-97663,-114427,1054907,5219616,7285195,7801202,7882184,8034991
18070312,162668,-279430,1495518,4788020,7042307,7241627,7463522,7555528
18085937,24316,-158186,1885380,5351641,7698213,7375099,7556978,7784903
18101562,706,-239770,2171632,5533622,7794334,7053245,7212966,7620548
18118164,-44165,-281823,2395062,5399727,7455856,7518304,7844657,7681003
18133789,34466,-142578,2512663,4843848,7324671,7883492,8007135,8066646
18149414,65067,-143417,2515551,5135937,7230112,7634436,7751130,7989606
18165039,-3319,-148668,2426269,5589421,7887683,7441488,7558762,7880354
18181640,-12490,-239973,2263204,5442197,7756758,7141593,7365859,7761455
18197265,-123620,-210301,1987837,5151896,7520607,7824526,8018240,8152753
18212890,-60831,-221532,1616296,5096589,7118312,7479688,7661075,7706969
18228515,110328,-134337,1172741,5315737,7149055,7521481,7631158,7845352
18245117,-53573,-166445,697735,5632961,7915018,7311955,7422412,7746836
18260742,-115555,-216789,192730,6048830,7629652,7207822,7336259,7755174
18276367,-159715,-221909,-326225,5932265,7433472,7665004,7823416,7769686
18291992,52410,-231123,-841341,4859038,7173947,7545895,7694898,7694230
18308593,66254,-244700,-1328535,5144409,7184002,7175269,7368678,7529046
18324218,-1393,-175711,-1739047,5618494,7803824,7120735,7265339,7552376
18339843,-15343,-221416,-2103823,5668728,7656972,7386249,7567113,7889090
18355468,-70717,-174067,-2410522,4855834,7558988,7919904,8106283,8169660
18372070,-6860,-116653,-2606138,5216939,7047036,7565723,7658969,7925362
18387695,-15134,-199549,-2672712,5786500,7318904,7399815,7472270,7704931
18403320,-36826,-176023,-2660703,6035299,7822925,7078385,7170602,7600795
18418945,-59516,-218900,-2572694,5644193,7558852,7371028,7518740,7885119
18435546,-39247,-112723,-2351710,5304024,7433486,8003094,8121369,8145127
18451171,158969,-327638,-2040513,4675061,7121474,7325409,7520908,7540586
18466796,85417,-228690,-1670327,5134453,7420314,7414599,7612349,7799296
18482421,10577,-318444,-1212322,5255338,7946256,6795217,7069503,7422767
18499023,-59459,-353269,-729084,5955725,7228437,7049602,7429673,7472671
18514648,10492,-88922,-215304,5143336,7518010,8019695,8187893,8184382
18530273,194599,-289013,305838,4724937,7125209,7278686,7548364,7544922
18545898,101937,-277329,805817,5155552,7704638,7445738,7710773,7777649
18562500,42908,-284050,1267173,5423879,7961884,6992385,7220171,7507980
18578125,-35955,-296065,1692108,5542242,7502940,7391039,7658427,7639181
18593750,-28882,-197230,2052277,4792640,7412603,7825705,8001019,7985755
18610351,144319,-153193,2312410,4964259,7050597,7550045,7671219,7908362
18625976,60538,-241993,2451842,5382354,7711190,7284638,7431612,7661498
18641601,2490,-329620,2551036,5257628,7816709,6935786,7190630,7557093
18657226,-107291,-315356,2503750,5607683,7469898,7496797,7750618,7786643
18673828,42234,-281222,2368541,4623587,7354329,7552065,7791208,7695349
18689453,119701,-194214,2136508,4926929,7051524,7538058,7670197,7851695
18705078,43234,-163406,1785319,5547449,7763787,7343499,7447702,7727095
18720703,25735,-239311,1395678,5622257,7852200,7133100,7322760,7729855
18737304,-85016,-226979,946997,5700056,7538724,7697028,7852698,7833025
18752929,54119,-307087,448449,4665101,7282862,7529307,7741149,7659974
18768554,156606,-189072,-69187,4807446,7081178,7323259,7531456,7634351
18784179,65541,-186265,-582818,5259045,7840536,7318390,7481221,7684365
18800781,17305,-245227,-1076863,5421745,7821699,7172725,7415887,7734689
18816406,-92662,-227195,-1549610,5298495,7518804,7761037,8012884,7938208
18832031,75697,-256108,-1957456,4519563,7196298,7555495,7793476,7808034
18847656,87116,-154802,-2283165,4874936,7233159,7546569,7691615,7900936
18864257,-12346,-155968,-2515195,5361757,7852695,7281627,7366905,7777437
18879882,-36403,-233900,-2665303,5509836,7648035,7249476,7424930,7893662
18895507,-101679,-150267,-2712085,5289155,7499031,7920556,8047112,8175153
18911132,105003,-271723,-2640214,4813572,7079682,7436760,7631111,7647675
18927734,153094,-291688,-2450489,5128332,7278111,7237128,7477395,7548121
18943359,36386,-182330,-2192291,5556064,7954344,7179721,7329115,7551352
18958984,-55446,-216812,-1857646,5921715,7670166,7432482,7556721,7900454
18974609,-179568,-160497,-1446464,5712453,7527470,7897829,8007838,8089573
18991210,117943,-229395,-975315,5003939,7030142,7374000,7555315,7594771
19006835,17481,-249269,-472210,5482257,7389365,7256713,7480143,7661567
19022460,-50512,-195203,46393,6014885,7826205,7166403,7288377,7684313
19038085,-124900,-191950,557437,6341242,7624685,7384326,7456397,7824685
19054687,-28335,-169479,1055005,5068530,7478449,7800448,7962359,7806097
19070312,137436,-267533,1505516,4798856,7015738,7370492,7613668,7687854
19085937,37943,-177607,1870859,5249948,7572138,7547021,7681331,7862241
19101562,-2953,-257701,2193765,5479709,7851301,6828535,6944923,7401989
19118164,-21016,-277226,2397879,5642370,7324744,7144538,7356340,7424820
19133789,-25271,-96188,2532722,4873735,7415687,7945866,8065814,8146832
19149414,51449,-351226,2548308,4876181,6937816,7048388,7241938,7380353
19165039,-10415,-104362,2426200,5502037,7495422,7437470,7557673,7754301
19181640,6343,-208745,2243410,5445729,7922582,7029483,7199613,7585708
19197265,-11911,-275388,1970329,5340509,7511204,7490271,7819796,7639510
19212890,-23731,-152064,1610570,4951388,7467511,7920461,8076390,8084643
19228515,77928,-275971,1174637,4939793,7082513,7262130,7478200,7594075
19245117,-31417,-246348,699087,5583368,7578136,7124466,7282400,7498992
19260742,-35995,-237670,194933,5818385,7730155,7038739,7195123,7636251
19276367,-88256,-182314,-324715,5487980,7581551,7790314,7976168,8110595
19291992,-19247,-124814,-840242,5202527,7420813,7863009,7965620,8016832
19308593,133281,-306825,-1317207,4855851,7130224,7385929,7556606,7683584
19324218,-21641,-205316,-1758459,5432035,7713307,7272731,7417195,7727264
19339843,-13065,-290119,-2101741,5429544,7721353,7009297,7182875,7605142
19355468,-78317,-335202,-2408628,5224697,7399632,7351040,7668976,7592915
19372070,-30099,-206976,-2599168,4907303,7082617,7440481,7709774,7774976
19387695,34797,-162994,-2665386,5298309,7194710,7524035,7653460,7934001
19403320,-7188,-141661,-2658206,5785556,7850847,7331082,7398017,7726252
19418945,-8774,-270311,-2574299,5684126,7695672,7158230,7310721,7768014
19435546,-101970,-249954,-2361187,5125374,7514930,7864099,8047279,8091815
19451171,60932,-141133,-2056616,4701174,7191578,7737951,7846500,8030789
19466796,133472,-309402,-1668752,5042595,7207292,7267268,7434818,7581827
19482421,35171,-178252,-1215049,5661600,7843098,7183651,7313245,7618361
19499023,-42092,-205757,-737570,5636905,7659783,7221071,7390744,7804319
19514648,-109188,-136619,-216046,5218976,7441841,7893158,8031131,8089762
19530273,39737,-143203,308839,4851665,7099176,7641653,7729968,7909690
19546875,-16371,-194943,814704,5408428,7260919,7402820,7482466,7773109
19562500,-104647,-148414,1268982,6102420,7807533,7069255,7133886,7606552
19578125,-142255,-186706,1687704,6488128,7510617,7370669,7452489,7837496
19593750,-188526,-116795,2039589,5916340,7477666,7907986,7964173,8080624
19610351,110862,-122986,2297228,5079503,7120044,7726623,7791781,7951242
19625976,70228,-166628,2455614,5205538,7539443,7621603,7726041,7933922
19641601,-26917,-199144,2549062,5389426,7923123,7078842,7196931,7664794
19657226,-116196,-266015,2515590,5673341,7463750,7402542,7559937,7884188
19673828,-128861,-172543,2366588,5348364,7397191,7954480,8107316,8217948
19689453,129474,-266491,2118258,4978981,7071148,7348112,7579258,7638142
19705078,86590,-234199,1789311,5348692,7546063,7369618,7571764,7683368
19720703,29683,-200170,1396104,5378306,7919928,7071713,7296593,7617854
19737304,-77057,-233378,954828,5386349,7559838,7491690,7696145,7949933
19752929,-21271,-262559,454833,4773569,7329469,7643951,7906180,7772073
19768554,99576,-125462,-67412,4994271,6996420,7526877,7646541,7866358
19784179,-39626,-211952,-586150,5521742,7592600,7294492,7433914,7693382
19800781,-122770,-226786,-1076693,5985631,7759145,6942129,7109728,7486604
19816406,-183108,-247844,-1537497,6224301,7336207,7344778,7504930,7604953
19832031,-14223,-177240,-1940256,5182697,7271596,7817264,7933738,8014561
19847656,198309,-273516,-2261320,4870778,7123488,7397008,7664210,7697414
19864257,62570,-200178,-2494027,5258996,7858102,7465468,7691530,7822643
19879882,20801,-273532,-2663947,5329061,7850655,6967039,7217099,7601877
19895507,-76495,-283770,-2716884,5100752,7426486,7446767,7827941,7650761
19911132,-106024,-147443,-2640010,5180847,7244606,7751000,7874556,7994795
19927734,157548,-232764,-2459716,4842505,7085997,7291639,7476680,7641473
19943359,-52688,-164511,-2218850,5493459,7782091,7245945,7394664,7720731
19958984,-59647,-228841,-1856324,6238802,7681930,7113185,7210440,7647185
19974609,-53043,-234621,-1444387,5394490,7508722,7636121,7953522,7720279
19991210,41971,-108128,-978225,4755039,7231410,7683352,7848374,7996449
20006835,87180,-158508,-475833,4986060,7165157,7547980,7669068,7916744
20022460,-61237,-158444,45776,5635412,7823988,7208473,7277941,7721830
20038085,-82214,-187436,556125,6318129,7586077,7236378,7328198,7722881
20054687,-138901,-194555,1052387,5506332,7492985,7759672,7903611,7946421
20070312,-52226,-198655,1500794,5350271,7046383,7540252,7648594,7794991
20085937,136463,-258186,1866291,5351283,7181141,7260068,7446593,7583234
20101562,-16368,-213166,2164803,5742640,7924105,7138174,7340280,7662565
20118164,-111600,-195271,2388207,6099760,7589808,7309037,7451316,7836568
20133789,-186165,-106306,2515301,5642990,7511223,7909675,8015176,8088338
20149414,100798,-259538,2530260,4709379,7086668,7407322,7611416,7597797
20165039,31654,-130068,2457095,5309283,7357049,7513731,7636282,7886940
20181640,-62251,-148392,2239078,5825740,7942423,7190662,7228224,7674784
20197265,-146418,-246796,1968345,5966286,7572109,7334079,7457547,7816251
20212890,-167188,-260755,1605880,5669601,7307260,7515703,7743916,7645225
20228515,106858,-155285,1174771,5100543,7015067,7626781,7768543,7955080
20245117,23797,-264257,699527,5370846,7575227,7420509,7602873,7759522
20260742,-10262,-253154,194574,5682987,7831552,6887029,7039975,7339353
20276367,-58319,-288595,-330827,5572840,7422739,7116410,7362626,7448708
