21146095,-8388608,0,0,-8388608,0,0,19245,0,-8388608,-8388608,-8388608,-8388608,-8388608,-8388608,-8388608,-8354944,8388607,8388607,8388607,8388607,8388607,8388607,8388607,8388607,-8388608,8388607,8388607,-8388608,8388607,8388607,8388607,8388607
21148079,8388607,-8388608,-8388608,-8388608,8388607,8388607,8388607,-1902914,-8388608,-8388608,-8388608,-8388608,-8388608,-8388608,-8388608,-8354944,8388607,-8388608,8388607,-8388608,-8388608,-8388608,8388607,8388607,-8388608,8388607,-8388608,-8388608,8388607,-8388608,8388607,8388607
21150063,8388607,8388607,-8388608,-8388608,8388607,8388607,8388607,8388607,-8388608,-8388608,-8388608,-8388608,-8388608,-8388608,-8388608,-8354944,-8388608,-8388608,-8388608,-8388608,-8388608,-8388608,8388607,8388607,-8388608,8388607,-8388608,-8388608,8388607,-8388608,8388607,8388607
21352050,8388607,8388607,8388607,8388607,-8388608,-8388608,-6291457,8388607,-8388608,-8388608,-8388608,-8388608,-8388608,8388607,-8388608,-8354944,-8388608,-8388608,-8388608,-8388608,-8388608,-8388608,-8388608,-8388608,-8388608,-8388608,-8388608,-8388608,-8388608,-8388608,-8388608,-8388608
21354035,8388607,8388607,8388607,8388607,-8388608,-8388608,-7340033,8388607,-8388608,-8388608,-8388608,-8388608,-8388608,8388607,-8388608,-8354944,-8388608,-8388608,-8388608,-8388608,-8388608,-8388608,-8388608,-8388608,-8388608,-8388608,-8388608,-8388608,-8388608,-8388608,-8388608,-8388608
21356019,8388607,8388607,8388607,8388607,-8388608,-8388608,-7340033,8388607,-8388608,-8388608,-8388608,-8388608,-8388608,8388607,-8388608,-8354944,-8388608,-8388608,-8388608,-8388608,-8388608,-8388608,-8388608,-8388608,-8388608,-8388608,-8388608,-8388608,-8388608,-8388608,-8388608,-8388608
21358003,8388607,8388607,8388607,8388607,-8388608,-8388608,-7340033,8388607,-8388608,-8388608,-8388608,-8388608,-8388608,8388607,-8388608,-8354944,-8388608,-8388608,-8388608,-8388608,-8388608,-8388608,-8388608,-8388608,-8388608,-8388608,-8388608,-8388608,-8388608,-8388608,-8388608,-8388608
21561577,-8388608,8388607,8388607,8388607,-8388608,-8388608,-8353664,38527,-8388608,-8388608,-8388608,-8388608,-8388608,8388607,-8388608,-8354944,-8388608,-8388608,-8388608,-8388608,-8388608,-8388608,-8388608,-8388608,-8388608,-8388608,-8388608,-8388608,-8388608,-8388608,-8388608,-8388608
21563561,-8388608,8388607,8388607,8388607,-8388608,-8388608,-8353664,38527,-8388608,-8388608,-8388608,-8388608,-8388608,8388607,-8388608,-8354944,-8388608,-8388608,-8388608,-8388608,-8388608,-8388608,-8388608,-8388608,-8388608,-8388608,-8388608,-8388608,-8388608,-8388608,-8388608,-8388608
21565545,-8388608,8388607,8388607,8388607,-8388608,-8388608,-8353664,38527,-8388608,-8388608,-8388608,-8388608,-8388608,8388607,-8388608,-8354944,-8388608,-8388608,-8388608,-8388608,-8388608,-8388608,-8388608,-8388608,-8388608,-8388608,-8388608,-8388608,-8388608,-8388608,-8388608,-8388608
21768326,-8388608,8388607,8388607,8388607,-8388608,-8388608,-8388608,8388607,-8388608,-8388608,-8388608,-8388608,-8388608,8388607,-8388608,-8354944,-8388608,-8388608,-8388608,-8388608,-8388608,-8388608,-8388608,-8388608,-8388608,-8388608,-8388608,-8388608,-8388608,-8388608,-8388608,-8388608
21770310,-8388608,8388607,8388607,8388607,-8388608,-8388608,-8353664,38527,-8388608,-8388608,-8388608,-8388608,-8388608,8388607,-8388608,-8354944,-8388608,-8388608,-8388608,-8388608,-8388608,-8388608,-8388608,-8388608,-8388608,-8388608,-8388608,-8388608,-8388608,-8388608,-8388608,-8388608
21772294,-8388608,8388607,8388607,8388607,-8388608,-8388608,-8353664,38527,-8388608,-8388608,-8388608,-8388608,-8388608,8388607,-8388608,-8354944,-8388608,-8388608,-8388608,-8388608,-8388608,-8388608,-8388608,-8388608,-8388608,-8388608,-8388608,-8388608,-8388608,-8388608,-8388608,-8388608
21774279,-8388608,8388607,8388607,8388607,-8388608,-8388608,-8353664,38527,-8388608,-8388608,-8388608,-8388608,-8388608,8388607,-8388608,-8354944,-8388608,-8388608,-8388608,-8388608,-8388608,-8388608,-8388608,-8388608,-8388608,-8388608,-8388608,-8388608,-8388608,-8388608,-8388608,-8388608
21977457,-8388608,8388607,8388607,8388607,-8388608,-8388608,-8388608,8388607,-8388608,-8388608,-8388608,-8388608,-8388608,8388607,-8388608,-8354944,-8388608,-8388608,-8388608,-8388608,-8388608,-8388608,-8388608,-8388608,-8388608,-8388608,-8388608,-8388608,-8388608,-8388608,-8388608,-8388608
21979440,-8388608,8388607,8388607,8388607,-8388608,-8388608,-8388608,8388607,-8388608,-8388608,-8388608,-8388608,-8388608,8388607,-8388608,-8354944,-8388608,-8388608,-8388608,-8388608,-8388608,-8388608,-8388608,-8388608,-8388608,-8388608,-8388608,-8388608,-8388608,-8388608,-8388608,-8388608
22181427,-8388608,8388607,8388607,8388607,-8388608,-8388608,-8353664,38527,-8388608,-8388608,-8388608,-8388608,-8388608,8388607,-8388608,-8354944,-8388608,-8388608,-8388608,-8388608,-8388608,-8388608,-8388608,-8388608,-8388608,-8388608,-8388608,-8388608,-8388608,-8388608,-8388608,-8388608
22183412,-8388608,8388607,8388607,8388607,-8388608,-8388608,-8388608,8388607,-8388608,-8388608,-8388608,-8388608,-8388608,8388607,-8388608,-8354944,-8388608,-8388608,-8388608,-8388608,-8388608,-8388608,-8388608,-8388608,-8388608,-8388608,-8388608,-8388608,-8388608,-8388608,-8388608,-8388608
22185396,-8388608,8388607,8388607,8388607,-8388608,-8388608,-8388608,8388607,-8388608,-8388608,-8388608,-8388608,-8388608,8388607,-8388608,-8354944,-8388608,-8388608,-8388608,-8388608,-8388608,-8388608,-8388608,-8388608,-8388608,-8388608,-8388608,-8388608,-8388608,-8388608,-8388608,-8388608
22386589,-8388608,8388607,8388607,8388607,-8388608,-8388608,-8388608,8388607,-8388608,-8388608,-8388608,-8388608,-8388608,8388607,-8388608,-8354944,-8388608,-8388608,-8388608,-8388608,-8388608,-8388608,-8388608,-8388608,-8388608,-8388608,-8388608,-8388608,-8388608,-8388608,-8388608,-8388608
22388574,-8388608,8388607,8388607,8388607,-8388608,-8388608,-8388608,8388607,-8388608,-8388608,-8388608,-8388608,-8388608,8388607,-8388608,-8354944,-8388608,-8388608,-8388608,-8388608,-8388608,-8388608,-8388608,-8388608,-8388608,-8388608,-8388608,-8388608,-8388608,-8388608,-8388608,-8388608
22390558,-8388608,8388607,8388607,8388607,-8388608,-8388608,-8388608,8388607,-8388608,-8388608,-8388608,-8388608,-8388608,8388607,-8388608,-8354944,-8388608,-8388608,-8388608,-8388608,-8388608,-8388608,-8388608,-8388608,-8388608,-8388608,-8388608,-8388608,-8388608,-8388608,-8388608,-8388608
22594132,-8388608,8388607,8388607,8388607,-8388608,-8388608,-8388608,8388607,-8388608,-8388608,-8388608,-8388608,-8388608,8388607,-8388608,-8354944,-8388608,-8388608,-8388608,-8388608,-8388608,-8388608,-8388608,-8388608,-8388608,-8388608,-8388608,-8388608,-8388608,-8388608,-8388608,-8388608
22596116,-8388608,8388607,8388607,8388607,-8388608,-8388608,-8388608,8388607,-8388608,-8388608,-8388608,-8388608,-8388608,8388607,-8388608,-8354944,-8388608,-8388608,-8388608,-8388608,-8388608,-8388608,-8388608,-8388608,-8388608,-8388608,-8388608,-8388608,-8388608,-8388608,-8388608,-8388608
22598100,-8388608,8388607,8388607,8388607,-8388608,-8388608,-8353664,38527,-8388608,-8388608,-8388608,-8388608,-8388608,8388607,-8388608,-8354944,-8388608,-8388608,-8388608,-8388608,-8388608,-8388608,-8388608,-8388608,-8388608,-8388608,-8388608,-8388608,-8388608,-8388608,-8388608,-8388608
22799293,-8388608,8388607,8388607,8388607,-8388608,-8388608,-8353664,38527,-8388608,-8388608,-8388608,-8388608,-8388608,8388607,-8388608,-8354944,-8388608,-8388608,-8388608,-8388608,-8388608,-8388608,-8388608,-8388608,-8388608,-8388608,-8388608,-8388608,-8388608,-8388608,-8388608,-8388608
22801277,-8388608,8388607,8388607,8388607,-8388608,-8388608,-8353664,38527,-8388608,-8388608,-8388608,-8388608,-8388608,8388607,-8388608,-8354944,-8388608,-8388608,-8388608,-8388608,-8388608,-8388608,-8388608,-8388608,-8388608,-8388608,-8388608,-8388608,-8388608,-8388608,-8388608,-8388608
22803262,-8388608,8388607,8388607,8388607,-8388608,-8388608,-8388608,8388607,-8388608,-8388608,-8388608,-8388608,-8388608,8388607,-8388608,-8354944,-8388608,-8388608,-8388608,-8388608,-8388608,-8388608,-8388608,-8388608,-8388608,-8388608,-8388608,-8388608,-8388608,-8388608,-8388608,-8388608
23006848,-8388608,8388607,8388607,8388607,-8388608,-8388608,-8388608,8388607,-8388608,-8388608,-8388608,-8388608,8388607,-8388608,-8388608,-8388608,-8388608,-8353664,39296,41088,46208,51584,54400,57728,-8388608,-8388608,-8386432,39296,41088,46208,51584,54400
23009217,-8388608,8388607,8388607,8388607,-8388608,-8388608,-8388608,8388607,-8388608,-8388608,-8388608,-8388608,-8388608,8388607,-8388608,-8354944,-8388608,-8388608,-8388608,-8388608,-8388608,-8388608,-8388608,-8388608,-8388608,-8388608,-8388608,-8388608,-8388608,-8388608,-8388608,-8388608
23011201,-8388608,8388607,8388607,8388607,-8388608,-8388608,-8388608,8388607,-8387712,37760,41856,45952,50047,-11392,58240,-8388608,-8388608,-8388480,39296,41088,46208,51584,54400,57728,-8388608,-8388608,-8388608,39296,41088,46208,51584,54400
23013186,-8388608,8388607,8388607,8388607,-8388608,-8388608,-8388608,8388607,-8388608,-8388608,-8388608,-8388608,-8388608,8388607,-8388608,-8354944,-8388608,-8388608,-8388608,-8388608,-8388608,-8388608,-8388608,-8388608,-8388608,-8388608,-8388608,-8388608,-8388608,-8388608,-8388608,-8388608
23216363,-8388608,8388607,8388607,8388607,-8388608,-8388608,-8353664,38527,-8388608,-8388608,-8388608,-8388608,-8388608,8388607,-8388608,-8354944,-8388608,-8388608,-8388608,-8388608,-8388608,-8388608,-8388608,-8388608,-8388608,-8388608,-8388608,-8388608,-8388608,-8388608,-8388608,-8388608
23218347,-8388608,8388607,8388607,8388607,-8388608,-8388608,-8388608,8388607,-8388608,-8388608,-8388608,-8388608,-8388608,8388607,-8388608,-8354944,-8388608,-8388608,-8388608,-8388608,-8388608,-8388608,-8388608,-8388608,-8388608,-8388608,-8388608,-8388608,-8388608,-8388608,-8388608,-8388608
23220331,-8388608,8388607,8388607,8388607,-8388608,-8388608,-8353664,38527,-8388608,-8388608,-8388608,-8388608,-8388608,8388607,-8388608,-8354944,-8388608,-8388608,-8388608,-8388608,-8388608,-8388608,-8388608,-8388608,-8388608,-8388608,-8388608,-8388608,-8388608,-8388608,-8388608,-8388608
23222315,-8388608,8388607,8388607,8388607,-8388608,-8388608,-8388608,8388607,-8388608,-8388608,-8388608,-8388608,-8388608,8388607,-8388608,-8354944,-8388608,-8388608,-8388608,-8388608,-8388608,-8388608,-8388608,-8388608,-8388608,-8388608,-8388608,-8388608,-8388608,-8388608,-8388608,-8388608
23425890,-8388608,8388607,8388607,8388607,-8388608,-8388608,-8388608,8388607,-8388608,-8388608,-8388608,-8388608,-8388608,8388607,-8388608,-8354944,-8388608,-8388608,-8388608,-8388608,-8388608,-8388608,-8388608,-8388608,-8388608,-8388608,-8388608,-8388608,-8388608,-8388608,-8388608,-8388608
23427874,-8388608,8388607,8388607,8388607,-8388608,-8388608,-8388608,8388607,-8388608,-8388608,-8388608,-8388608,-8388608,8388607,-8388608,-8354944,-8388608,-8388608,-8388608,-8388608,-8388608,-8388608,-8388608,-8388608,-8388608,-8388608,-8388608,-8388608,-8388608,-8388608,-8388608,-8388608
23429858,-8388608,8388607,8388607,8388607,-8388608,-8388608,-8388608,8388607,-8388608,-8388608,-8388608,-8388608,-8388608,8388607,-8388608,-8354944,-8388608,-8388608,-8388608,-8388608,-8388608,-8388608,-8388608,-8388608,-8388608,-8388608,-8388608,-8388608,-8388608,-8388608,-8388608,-8388608
23431843,-8388608,8388607,8388607,8388607,-8388608,-8388608,-8388608,8388607,-8388608,-8388608,-8388608,-8388608,-8388608,8388607,-8388608,-8354944,-8388608,-8388608,-8388608,-8388608,-8388608,-8388608,-8388608,-8388608,-8388608,-8388608,-8388608,-8388608,-8388608,-8388608,-8388608,-8388608
23635814,-8388608,8388607,8388607,8388607,-8388608,-8388608,-8388608,8388607,-8388608,-8388608,-8388608,-8388608,-8388608,8388607,-8388608,-8354944,-8388608,-8388608,-8388608,-8388608,-8388608,-8388608,-8388608,-8388608,-8388608,-8388608,-8388608,-8388608,-8388608,-8388608,-8388608,-8388608
23637797,-8388608,8388607,8388607,8388607,-8388608,-8388608,-8388608,8388607,-8388608,-8388608,-8388608,-8388608,-8388608,8388607,-8388608,-8354944,-8388608,-8388608,-8388608,-8388608,-8388608,-8388608,-8388608,-8388608,-8388608,-8388608,-8388608,-8388608,-8388608,-8388608,-8388608,-8388608
23639783,-8388608,8388607,8388607,8388607,-8388608,-8388608,-8388608,8388607,-8388608,-8388608,-8388608,-8388608,-8388608,8388607,-8388608,-8354944,-8388608,-8388608,-8388608,-8388608,-8388608,-8388608,-8388608,-8388608,-8388608,-8388608,-8388608,-8388608,-8388608,-8388608,-8388608,-8388608
23841372,-8388608,8388607,8388607,8388607,-8388608,-8388608,-8388608,8388607,-8388608,-8388608,-8388608,-8388608,-8388608,8388607,-8388608,-8354944,-8388608,-8388608,-8388608,-8388608,-8388608,-8388608,-8388608,-8388608,-8388608,-8388608,-8388608,-8388608,-8388608,-8388608,-8388608,-8388608
23843358,-8388608,8388607,8388607,8388607,-8388608,-8388608,-8388608,8388607,-8388608,-8388608,-8388608,-8388608,-8388608,8388607,-8388608,-8354944,-8388608,-8388608,-8388608,-8388608,-8388608,-8388608,-8388608,-8388608,-8388608,-8388608,-8388608,-8388608,-8388608,-8388608,-8388608,-8388608
23845340,-8388608,8388607,8388607,8388607,-8388608,-8388608,-8388608,8388607,-8388608,-8388608,-8388608,-8388608,-8388608,8388607,-8388608,-8354944,-8388608,-8388608,-8388608,-8388608,-8388608,-8388608,-8388608,-8388608,-8388608,-8388608,-8388608,-8388608,-8388608,-8388608,-8388608,-8388608
24048121,-8388608,8388607,8388607,8388607,-8388608,-8388608,-8353664,38527,-8388608,-8388608,-8388608,-8388608,-8388608,8388607,-8388608,-8354944,-8388608,-8388608,-8388608,-8388608,-8388608,-8388608,-8388608,-8388608,-8388608,-8388608,-8388608,-8388608,-8388608,-8388608,-8388608,-8388608
24050105,-8388608,8388607,8388607,8388607,-8388608,-8388608,-8353664,38527,-8388608,-8388608,-8388608,-8388608,-8388608,8388607,-8388608,-8354944,-8388608,-8388608,-8388608,-8388608,-8388608,-8388608,-8388608,-8388608,-8388608,-8388608,-8388608,-8388608,-8388608,-8388608,-8388608,-8388608
24052089,-8388608,8388607,8388607,8388607,-8388608,-8388608,-8353664,38527,-8388608,-8388608,-8388608,-8388608,-8388608,8388607,-8388608,-8354944,-8388608,-8388608,-8388608,-8388608,-8388608,-8388608,-8388608,-8388608,-8388608,-8388608,-8388608,-8388608,-8388608,-8388608,-8388608,-8388608
24254473,-8388608,8388607,8388607,8388607,-8388608,-8388608,-8388608,8388607,-8388608,-8388608,-8388608,-8388608,-8388608,8388607,-8388608,-8354944,-8388608,-8388608,-8388608,-8388608,-8388608,-8388608,-8388608,-8388608,-8388608,-8388608,-8388608,-8388608,-8388608,-8388608,-8388608,-8388608
24256457,-8388608,8388607,8388607,8388607,-8388608,-8388608,-8388608,8388607,-8388608,-8388608,-8388608,-8388608,-8388608,8388607,-8388608,-8354944,-8388608,-8388608,-8388608,-8388608,-8388608,-8388608,-8388608,-8388608,-8388608,-8388608,-8388608,-8388608,-8388608,-8388608,-8388608,-8388608
24258442,-8388608,8388607,8388607,8388607,-8388608,-8388608,-8388608,8388607,-8388608,-8388608,-8388608,-8388608,-8388608,8388607,-8388608,-8354944,-8388608,-8388608,-8388608,-8388608,-8388608,-8388608,-8388608,-8388608,-8388608,-8388608,-8388608,-8388608,-8388608,-8388608,-8388608,-8388608
24461627,-8388608,8388607,8388607,8388607,-8388608,-8388608,-8388608,8388607,-8354944,37760,41856,45952,50047,-11392,58240,-8388608,-8388608,-8386432,39296,41088,46208,51584,54400,57728,-8388608,-8388608,-8388480,39296,41088,46208,51584,54400
24463603,-8388608,8388607,8388607,8388607,-8388608,-8388608,-8353664,38527,-8388608,-8388608,-8388608,-8388608,-8388608,8388607,-8388608,-8354944,-8388608,-8388608,-8388608,-8388608,-8388608,-8388608,-8388608,-8388608,-8388608,-8388608,-8388608,-8388608,-8388608,-8388608,-8388608,-8388608
24465593,-8388608,8388607,8388607,8388607,-8388608,-8388608,-8388608,8388607,-8354944,37760,41856,45952,50047,-11392,58240,-8388608,-8388608,-8386432,39296,41088,46208,51584,54400,57728,-8388608,-8388608,-8388480,39296,41088,46208,51584,54400
24667187,-8388608,8388607,8388607,8388607,-8388608,-8388608,-8388608,8388607,-8388608,-8388608,-8388608,-8388608,8388607,-8388608,-8388608,-8388608,-8388608,-8353664,39296,41088,46208,51584,54400,57728,-8388608,-8388608,-8386432,39296,41088,46208,51584,54400
24669163,-8388608,8388607,8388607,8388607,-8388608,-8388608,-8388608,8388607,-8388608,-8388608,-8388608,-8388608,-8388608,8388607,-8388608,-8354944,-8388608,-8388608,-8388608,-8388608,-8388608,-8388608,-8388608,-8388608,-8388608,-8388608,-8388608,-8388608,-8388608,-8388608,-8388608,-8388608
24671157,-8388608,8388607,8388607,8388607,-8388608,-8388608,-8388608,8388607,-8388608,-8388608,-8388608,-8388608,8388607,-8388608,-8388608,-8388608,-8388608,-8353664,39296,41088,46208,51584,54400,57728,-8388608,-8388608,-8386432,39296,41088,46208,51584,54400
24873141,-8388608,8388607,8388607,8388607,-8388608,-8388608,-8388608,8388607,-8354944,37760,41856,45952,50047,-11392,58240,-8388608,-8388608,-8353664,39296,41088,46208,51584,54400,57728,-8388608,-8388608,-8388480,39296,41088,46208,51584,54400
24875117,-8388608,8388607,8388607,8388607,-8388608,-8388608,-8388608,8388607,-8388608,-8388608,-8388608,-8388608,-8388608,8388607,-8388608,-8354944,-8388608,-8388608,-8388608,-8388608,-8388608,-8388608,-8388608,-8388608,-8388608,-8388608,-8388608,-8388608,-8388608,-8388608,-8388608,-8388608
25076719,-8388608,8388607,8388607,8388607,-8388608,-8388608,-8388608,8388607,-8354944,37760,41856,45952,50047,-11392,58240,-8388608,-8388608,-8353664,39296,41088,46208,51584,54400,57728,-8388608,-8388608,-8388480,39296,41088,46208,51584,54400
25078692,-8388608,8388607,8388607,8388607,-8388608,-8388608,-8388608,8388607,-8388608,-8388608,-8388608,-8388608,-8388608,8388607,-8388608,-8354944,-8388608,-8388608,-8388608,-8388608,-8388608,-8388608,-8388608,-8388608,-8388608,-8388608,-8388608,-8388608,-8388608,-8388608,-8388608,-8388608
25080675,-8388608,8388607,8388607,8388607,-8388608,-8388608,-8388608,8388607,-8388608,-8388608,-8388608,-8388608,-8388608,8388607,-8388608,-8354944,-8388608,-8388608,-8388608,-8388608,-8388608,-8388608,-8388608,-8388608,-8388608,-8388608,-8388608,-8388608,-8388608,-8388608,-8388608,-8388608
25082659,-8388608,8388607,8388607,8388607,-8388608,-8388608,-8388608,8388607,-8388608,-8388608,-8388608,-8388608,-8388608,8388607,-8388608,-8354944,-8388608,-8388608,-8388608,-8388608,-8388608,-8388608,-8388608,-8388608,-8388608,-8388608,-8388608,-8388608,-8388608,-8388608,-8388608,-8388608
25285440,-8388608,8388607,8388607,8388607,-8388608,-8388608,-8388608,8388607,-8388608,-8388608,-8388608,-8388608,-8388608,8388607,-8388608,-8354944,-8388608,-8388608,-8388608,-8388608,-8388608,-8388608,-8388608,-8388608,-8388608,-8388608,-8388608,-8388608,-8388608,-8388608,-8388608,-8388608
25287424,-8388608,8388607,8388607,8388607,-8388608,-8388608,38527,-22913,-8388608,-8388608,-8388608,-8388608,8388607,-8388608,-8388608,-8388608,-8388608,-8353664,39296,41088,46208,51584,54400,57728,-8388608,-8388608,-8353664,39296,41088,46208,51584,54400
25289805,-8388608,8388607,8388607,8388607,-8388608,-8388608,-8388608,8388607,-8388608,-8388608,-8388608,-8388608,-8388608,8388607,-8388608,-8354944,-8388608,-8388608,-8388608,-8388608,-8388608,-8388608,-8388608,-8388608,-8388608,-8388608,-8388608,-8388608,-8388608,-8388608,-8388608,-8388608
25491793,-8388608,8388607,8388607,8388607,-8388608,-8388608,-8388608,8388607,-8388608,-8388608,-8388608,-8388608,-8388608,8388607,-8388608,-8354944,-8388608,-8388608,-8388608,-8388608,-8388608,-8388608,-8388608,-8388608,-8388608,-8388608,-8388608,-8388608,-8388608,-8388608,-8388608,-8388608
25493776,-8388608,8388607,8388607,8388607,-8388608,-8388608,-8353664,38527,-8388608,-8388608,-8388608,-8388608,-8388608,8388607,-8388608,-8354944,-8388608,-8388608,-8388608,-8388608,-8388608,-8388608,-8388608,-8388608,-8388608,-8388608,-8388608,-8388608,-8388608,-8388608,-8388608,-8388608
25495761,-8388608,8388607,8388607,8388607,-8388608,-8388608,-8388608,8388607,-8388608,-8388608,-8388608,-8388608,-8388608,8388607,-8388608,-8354944,-8388608,-8388608,-8388608,-8388608,-8388608,-8388608,-8388608,-8388608,-8388608,-8388608,-8388608,-8388608,-8388608,-8388608,-8388608,-8388608
25698541,-8388608,8388607,8388607,8388607,-8388608,-8388608,-8353664,38527,-8388608,-8388608,-8388608,-8388608,-8388608,8388607,-8388608,-8354944,-8388608,-8388608,-8388608,-8388608,-8388608,-8388608,-8388608,-8388608,-8388608,-8388608,-8388608,-8388608,-8388608,-8388608,-8388608,-8388608
25700525,-8388608,8388607,8388607,8388607,-8388608,-8388608,-8353664,38527,-8388608,-8388608,-8388608,-8388608,-8388608,8388607,-8388608,-8354944,-8388608,-8388608,-8388608,-8388608,-8388608,-8388608,-8388608,-8388608,-8388608,-8388608,-8388608,-8388608,-8388608,-8388608,-8388608,-8388608
25702510,-8388608,8388607,8388607,8388607,-8388608,-8388608,-8353664,38527,-8388608,-8388608,-8388608,-8388608,-8388608,8388607,-8388608,-8354944,-8388608,-8388608,-8388608,-8388608,-8388608,-8388608,-8388608,-8388608,-8388608,-8388608,-8388608,-8388608,-8388608,-8388608,-8388608,-8388608
25906084,-8388608,8388607,8388607,8388607,-8388608,-8388608,-8388608,8388607,-8388608,-8388608,-8388608,-8388608,-8388608,8388607,-8388608,-8354944,-8388608,-8388608,-8388608,-8388608,-8388608,-8388608,-8388608,-8388608,-8388608,-8388608,-8388608,-8388608,-8388608,-8388608,-8388608,-8388608
25908068,-8388608,8388607,8388607,8388607,-8388608,-8388608,-8388608,8388607,-8388608,-8388608,-8388608,-8388608,-8388608,8388607,-8388608,-8354944,-8388608,-8388608,-8388608,-8388608,-8388608,-8388608,-8388608,-8388608,-8388608,-8388608,-8388608,-8388608,-8388608,-8388608,-8388608,-8388608
25910052,-8388608,8388607,8388607,8388607,-8388608,-8388608,-8388608,8388607,-8388608,-8388608,-8388608,-8388608,-8388608,8388607,-8388608,-8354944,-8388608,-8388608,-8388608,-8388608,-8388608,-8388608,-8388608,-8388608,-8388608,-8388608,-8388608,-8388608,-8388608,-8388608,-8388608,-8388608
25912036,-8388608,8388607,8388607,8388607,-8388608,-8388608,-8353664,38527,-8388608,-8388608,-8388608,-8388608,-8388608,8388607,-8388608,-8354944,-8388608,-8388608,-8388608,-8388608,-8388608,-8388608,-8388608,-8388608,-8388608,-8388608,-8388608,-8388608,-8388608,-8388608,-8388608,-8388608
26116008,-8388608,8388607,8388607,8388607,-8388608,-8388608,-8388608,8388607,-8388608,-8388608,-8388608,-8388608,-8388608,8388607,-8388608,-8354944,-8388608,-8388608,-8388608,-8388608,-8388608,-8388608,-8388608,-8388608,-8388608,-8388608,-8388608,-8388608,-8388608,-8388608,-8388608,-8388608
26117992,-8388608,8388607,8388607,8388607,-8388608,-8388608,-8353664,38527,-8388608,-8388608,-8388608,-8388608,-8388608,8388607,-8388608,-8354944,-8388608,-8388608,-8388608,-8388608,-8388608,-8388608,-8388608,-8388608,-8388608,-8388608,-8388608,-8388608,-8388608,-8388608,-8388608,-8388608
26119976,-8388608,8388607,8388607,8388607,-8388608,-8388608,-8353664,38527,-8388608,-8388608,-8388608,-8388608,-8388608,8388607,-8388608,-8354944,-8388608,-8388608,-8388608,-8388608,-8388608,-8388608,-8388608,-8388608,-8388608,-8388608,-8388608,-8388608,-8388608,-8388608,-8388608,-8388608
26322360,-8388608,8388607,8388607,8388607,-8388608,-8388608,-8353664,38527,-8388608,-8388608,-8388608,-8388608,-8388608,8388607,-8388608,-8354944,-8388608,-8388608,-8388608,-8388608,-8388608,-8388608,-8388608,-8388608,-8388608,-8388608,-8388608,-8388608,-8388608,-8388608,-8388608,-8388608
26324344,-8388608,8388607,8388607,8388607,-8388608,-8388608,-8353664,38527,-8388608,-8388608,-8388608,-8388608,-8388608,8388607,-8388608,-8354944,-8388608,-8388608,-8388608,-8388608,-8388608,-8388608,-8388608,-8388608,-8388608,-8388608,-8388608,-8388608,-8388608,-8388608,-8388608,-8388608
26326328,-8388608,8388607,8388607,8388607,-8388608,-8388608,-8353664,38527,-8388608,-8388608,-8388608,-8388608,-8388608,8388607,-8388608,-8354944,-8388608,-8388608,-8388608,-8388608,-8388608,-8388608,-8388608,-8388608,-8388608,-8388608,-8388608,-8388608,-8388608,-8388608,-8388608,-8388608
26528712,-8388608,8388607,8388607,8388607,-8388608,-8388608,-8388608,8388607,-8388608,-8388608,-8388608,-8388608,-8388608,8388607,-8388608,-8354944,-8388608,-8388608,-8388608,-8388608,-8388608,-8388608,-8388608,-8388608,-8388608,-8388608,-8388608,-8388608,-8388608,-8388608,-8388608,-8388608
26530696,-8388608,8388607,8388607,8388607,-8388608,-8388608,-8353664,38527,-8388608,-8388608,-8388608,-8388608,-8388608,8388607,-8388608,-8354944,-8388608,-8388608,-8388608,-8388608,-8388608,-8388608,-8388608,-8388608,-8388608,-8388608,-8388608,-8388608,-8388608,-8388608,-8388608,-8388608
26532681,-8388608,8388607,8388607,8388607,-8388608,-8388608,-8388608,8388607,-8388608,-8388608,-8388608,-8388608,-8388608,8388607,-8388608,-8354944,-8388608,-8388608,-8388608,-8388608,-8388608,-8388608,-8388608,-8388608,-8388608,-8388608,-8388608,-8388608,-8388608,-8388608,-8388608,-8388608
26534666,-8388608,8388607,8388607,8388607,-8388608,-8388608,-8388608,8388607,-8388608,-8388608,-8388608,-8388608,-8388608,8388607,-8388608,-8354944,-8388608,-8388608,-8388608,-8388608,-8388608,-8388608,-8388608,-8388608,-8388608,-8388608,-8388608,-8388608,-8388608,-8388608,-8388608,-8388608
26737843,-8388608,8388607,8388607,8388607,-8388608,-8388608,-8388608,8388607,-8388608,-8388608,-8388608,-8388608,-8388608,8388607,-8388608,-8354944,-8388608,-8388608,-8388608,-8388608,-8388608,-8388608,-8388608,-8388608,-8388608,-8388608,-8388608,-8388608,-8388608,-8388608,-8388608,-8388608
26739826,-8388608,8388607,8388607,8388607,-8388608,-8388608,-8388608,8388607,-8388608,-8388608,-8388608,-8388608,-8388608,8388607,-8388608,-8354944,-8388608,-8388608,-8388608,-8388608,-8388608,-8388608,-8388608,-8388608,-8388608,-8388608,-8388608,-8388608,-8388608,-8388608,-8388608,-8388608
26741810,-8388608,8388607,8388607,8388607,-8388608,-8388608,-8388608,8388607,-8388608,-8388608,-8388608,-8388608,-8388608,8388607,-8388608,-8354944,-8388608,-8388608,-8388608,-8388608,-8388608,-8388608,-8388608,-8388608,-8388608,-8388608,-8388608,-8388608,-8388608,-8388608,-8388608,-8388608
26944592,-8388608,8388607,8388607,8388607,-8388608,-8388608,-8388608,8388607,-8388608,-8388608,-8388608,-8388608,-8388608,8388607,-8388608,-8354944,-8388608,-8388608,-8388608,-8388608,-8388608,-8388608,-8388608,-8388608,-8388608,-8388608,-8388608,-8388608,-8388608,-8388608,-8388608,-8388608
26946575,-8388608,8388607,8388607,8388607,-8388608,-8388608,-8353664,38527,-8388608,-8388608,-8388608,-8388608,-8388608,8388607,-8388608,-8354944,-8388608,-8388608,-8388608,-8388608,-8388608,-8388608,-8388608,-8388608,-8388608,-8388608,-8388608,-8388608,-8388608,-8388608,-8388608,-8388608
26948560,-8388608,8388607,8388607,8388607,-8388608,-8388608,-8388608,8388607,-8388608,-8388608,-8388608,-8388608,-8388608,8388607,-8388608,-8354944,-8388608,-8388608,-8388608,-8388608,-8388608,-8388608,-8388608,-8388608,-8388608,-8388608,-8388608,-8388608,-8388608,-8388608,-8388608,-8388608
27150546,-8388608,8388607,8388607,8388607,-8388608,-8388608,-8353664,38527,-8388608,-8388608,-8388608,-8388608,-8388608,8388607,-8388608,-8354944,-8388608,-8388608,-8388608,-8388608,-8388608,-8388608,-8388608,-8388608,-8388608,-8388608,-8388608,-8388608,-8388608,-8388608,-8388608,-8388608
27152532,-8388608,8388607,8388607,8388607,-8388608,-8388608,-8388608,8388607,-8388608,-8388608,-8388608,-8388608,-8388608,8388607,-8388608,-8354944,-8388608,-8388608,-8388608,-8388608,-8388608,-8388608,-8388608,-8388608,-8388608,-8388608,-8388608,-8388608,-8388608,-8388608,-8388608,-8388608
27154514,-8388608,8388607,8388607,8388607,-8388608,-8388608,-8353664,38527,-8388608,-8388608,-8388608,-8388608,-8388608,8388607,-8388608,-8354944,-8388608,-8388608,-8388608,-8388608,-8388608,-8388608,-8388608,-8388608,-8388608,-8388608,-8388608,-8388608,-8388608,-8388608,-8388608,-8388608
27357295,-8388608,8388607,8388607,8388607,-8388608,-8388608,-8388608,8388607,-8388608,-8388608,-8388608,-8388608,-8388608,8388607,-8388608,-8354944,-8388608,-8388608,-8388608,-8388608,-8388608,-8388608,-8388608,-8388608,-8388608,-8388608,-8388608,-8388608,-8388608,-8388608,-8388608,-8388608
27359279,-8388608,8388607,8388607,8388607,-8388608,-8388608,-8388608,8388607,-8354944,37760,41856,45952,50047,-11392,58240,-8388608,-8388608,-8386432,39296,41088,46208,51584,54400,57728,-8388608,-8388608,-8388480,39296,41088,46208,51584,54400
27361264,-8388608,8388607,8388607,8388607,-8388608,-8388608,-8388608,8388607,-8388608,-8388608,-8388608,-8388608,-8388608,8388607,-8388608,-8354944,-8388608,-8388608,-8388608,-8388608,-8388608,-8388608,-8388608,-8388608,-8388608,-8388608,-8388608,-8388608,-8388608,-8388608,-8388608,-8388608
27363255,-8388608,8388607,8388607,8388607,-8388608,-8388608,-8388608,8388607,-8354944,37760,41856,45952,50047,-11392,58240,-8388608,-8388608,-8388480,39296,41088,46208,51584,54400,57728,-8388608,-8388608,-8388480,39296,41088,46208,51584,54400
27566822,-8388608,8388607,8388607,8388607,-8388608,-8388608,-8388608,8388607,-8388608,-8388608,-8388608,-8388608,-8388608,8388607,-8388608,-8354944,-8388608,-8388608,-8388608,-8388608,-8388608,-8388608,-8388608,-8388608,-8388608,-8388608,-8388608,-8388608,-8388608,-8388608,-8388608,-8388608
27568806,-8388608,8388607,8388607,8388607,-8388608,-8388608,-8388608,8388607,-8388608,-8388608,-8388608,-8388608,-8388608,8388607,-8388608,-8354944,-8388608,-8388608,-8388608,-8388608,-8388608,-8388608,-8388608,-8388608,-8388608,-8388608,-8388608,-8388608,-8388608,-8388608,-8388608,-8388608
27570791,-8388608,8388607,8388607,8388607,-8388608,-8388608,-8388608,8388607,-8388608,-8388608,-8388608,-8388608,-8388608,8388607,-8388608,-8354944,-8388608,-8388608,-8388608,-8388608,-8388608,-8388608,-8388608,-8388608,-8388608,-8388608,-8388608,-8388608,-8388608,-8388608,-8388608,-8388608
27772777,-8388608,8388607,8388607,8388607,-8388608,-8388608,-8353664,38527,-8388608,-8388608,-8388608,-8388608,-8388608,8388607,-8388608,-8354944,-8388608,-8388608,-8388608,-8388608,-8388608,-8388608,-8388608,-8388608,-8388608,-8388608,-8388608,-8388608,-8388608,-8388608,-8388608,-8388608
27774761,-8388608,8388607,8388607,8388607,-8388608,-8388608,-8388608,8388607,-8388608,-8388608,-8388608,-8388608,-8388608,8388607,-8388608,-8354944,-8388608,-8388608,-8388608,-8388608,-8388608,-8388608,-8388608,-8388608,-8388608,-8388608,-8388608,-8388608,-8388608,-8388608,-8388608,-8388608
27976749,-8388608,8388607,8388607,8388607,-8388608,-8388608,-8353664,38527,-8388608,-8388608,-8388608,-8388608,-8388608,8388607,-8388608,-8354944,-8388608,-8388608,-8388608,-8388608,-8388608,-8388608,-8388608,-8388608,-8388608,-8388608,-8388608,-8388608,-8388608,-8388608,-8388608,-8388608
27978733,-8388608,8388607,8388607,8388607,-8388608,-8388608,-8388608,8388607,-8388608,-8388608,-8388608,-8388608,-8388608,8388607,-8388608,-8354944,-8388608,-8388608,-8388608,-8388608,-8388608,-8388608,-8388608,-8388608,-8388608,-8388608,-8388608,-8388608,-8388608,-8388608,-8388608,-8388608
27980718,-8388608,8388607,8388607,8388607,-8388608,-8388608,-8388608,8388607,-8388608,-8388608,-8388608,-8388608,-8388608,8388607,-8388608,-8354944,-8388608,-8388608,-8388608,-8388608,-8388608,-8388608,-8388608,-8388608,-8388608,-8388608,-8388608,-8388608,-8388608,-8388608,-8388608,-8388608
27982701,-8388608,8388607,8388607,8388607,-8388608,-8388608,-8388608,8388607,-8388608,-8388608,-8388608,-8388608,-8388608,8388607,-8388608,-8354944,-8388608,-8388608,-8388608,-8388608,-8388608,-8388608,-8388608,-8388608,-8388608,-8388608,-8388608,-8388608,-8388608,-8388608,-8388608,-8388608
28186672,-8388608,8388607,8388607,8388607,-8388608,-8388608,-8388608,8388607,-8388608,-8388608,-8388608,-8388608,-8388608,8388607,-8388608,-8354944,-8388608,-8388608,-8388608,-8388608,-8388608,-8388608,-8388608,-8388608,-8388608,-8388608,-8388608,-8388608,-8388608,-8388608,-8388608,-8388608
28188657,-8388608,8388607,8388607,8388607,-8388608,-8388608,-8388608,8388607,-8387712,37760,41856,45952,50047,-11392,58240,-8388608,-8388608,-8388480,39296,41088,46208,51584,54400,57728,-8388608,-8388608,-8388608,39296,41088,46208,51584,54400
28190641,-8388608,8388607,8388607,8388607,-8388608,-8388608,-8388608,8388607,-8388608,-8388608,-8388608,-8388608,-8388608,8388607,-8388608,-8354944,-8388608,-8388608,-8388608,-8388608,-8388608,-8388608,-8388608,-8388608,-8388608,-8388608,-8388608,-8388608,-8388608,-8388608,-8388608,-8388608
28392230,-8388608,8388607,8388607,8388607,-8388608,-8388608,-8353664,38527,-8388608,-8388608,-8388608,-8388608,-8388608,8388607,-8388608,-8354944,-8388608,-8388608,-8388608,-8388608,-8388608,8388607,-8388608,-8388608,-8388608,-8388608,-8388608,-8388608,-8388608,-8388608,-8388608,-8388608
28394241,-8388608,8388607,8388607,8388607,-8388608,-8388608,-8388608,8388607,-8354944,37760,41856,45952,50047,-11392,58240,-8388608,-8388608,-8386432,39296,41088,47999,-13952,54400,57728,-8388608,-8388608,-8388480,39296,41088,46208,51584,54400
28396200,-8388608,8388607,8388607,8388607,-8388608,-8388608,-8388608,8388607,-8388608,-8388608,-8388608,-8388608,-8388608,8388607,-8388608,-8354944,-8388608,-8388608,-8388608,-8388608,-8388608,8388607,-8388608,-8388608,-8388608,-8388608,-8388608,-8388608,-8388608,-8388608,-8388608,-8388608
28598980,-8388608,8388607,8388607,8388607,-8388608,-8388608,-8353664,38527,-8388608,-8388608,-8388608,-8388608,-8388608,8388607,-8388608,-8354944,-8388608,-8388608,-8388608,-8388608,8388607,8388607,-8388608,-8388608,-8388608,-8388608,-8388608,-8388608,-8388608,-8388608,-8388608,-8388608
28600965,-8388608,8388607,8388607,8388607,-8388608,-8388608,-8388608,8388607,-8388608,-8388608,-8388608,-8388608,-8388608,8388607,-8388608,-8354944,-8388608,-8388608,-8388608,-8388608,8388607,8388607,-8388608,-8388608,-8388608,-8388608,-8388608,-8388608,-8388608,-8388608,-8388608,-8388608
28602948,-8388608,8388607,8388607,8388607,-8388608,-8388608,-8353664,38527,-8388608,-8388608,-8388608,-8388608,-8388608,8388607,-8388608,-8354944,-8388608,-8388608,-8388608,-8388608,8388607,8388607,-8388608,-8388608,-8388608,-8388608,-8388608,-8388608,-8388608,-8388608,-8388608,-8388608
28804938,-8388608,8388607,8388607,8388607,-8388608,-8388608,-8388608,8388607,-8388608,-8388608,-8388608,-8388608,-8388608,8388607,-8388608,-8354944,-8388608,-8388608,-8388608,-8388608,8388607,8388607,-8388608,-8388608,-8388608,-8388608,-8388608,-8388608,-8388608,-8388608,-8388608,-8388608
28806919,-8388608,8388607,8388607,8388607,-8388608,-8388608,-8388608,8388607,-8388608,-8388608,-8388608,-8388608,-8388608,8388607,-8388608,-8354944,-8388608,-8388608,-8388608,-8388608,8388607,8388607,-8388608,-8388608,-8388608,-8388608,-8388608,-8388608,-8388608,-8388608,-8388608,-8388608
28808905,-8388608,8388607,8388607,8388607,-8388608,-8388608,-8388608,8388607,-8388608,-8388608,-8388608,-8388608,-8388608,8388607,-8388608,-8354944,-8388608,-8388608,-8388608,-8388608,8388607,8388607,-8388608,-8388608,-8388608,-8388608,-8388608,-8388608,-8388608,-8388608,-8388608,-8388608
29010890,-8388608,8388607,8388607,8388607,-8388608,-8388608,-8388608,8388607,-8388608,-8388608,-8388608,-8388608,-8388608,8388607,-8388608,-8354944,-8388608,-8388608,-8388608,-8388608,8388607,8388607,-8388608,-8388608,-8388608,-8388608,-8388608,-8388608,-8388608,-8388608,-8388608,-8388608
29012874,-8388608,8388607,8388607,8388607,-8388608,-8388608,-8388608,8388607,-8388608,-8388608,-8388608,-8388608,-8388608,8388607,-8388608,-8354944,-8388608,-8388608,-8388608,-8388608,8388607,8388607,-8388608,-8388608,-8388608,-8388608,-8388608,-8388608,-8388608,-8388608,-8388608,-8388608
29215258,-8388608,8388607,8388607,8388607,-8388608,-8388608,-8388608,8388607,-8388608,-8388608,-8388608,-8388608,-8388608,8388607,-8388608,-8354944,-8388608,8388607,-8388608,8388607,8388607,8388607,-8388608,-8388608,-8388608,-8388608,-8388608,-8388608,-8388608,-8388608,-8388608,-8388608
29217243,-8388608,8388607,8388607,8388607,-8388608,-8388608,-8388608,8388607,-8354944,37760,41856,45952,50047,-11392,58240,-8388608,-8388608,8388480,38527,-22913,-18561,-13952,54400,59263,-8388608,-8388608,-8388608,39296,41088,46208,51584,54400
29219228,-8388608,8388607,8388607,8388607,-8388608,-8388608,-8388608,8388607,-8388608,-8388608,-8388608,-8388608,-8388608,8388607,-8388608,-8354944,-8388608,8388607,-8388608,8388607,8388607,8388607,-8388608,-8388608,-8388608,-8388608,-8388608,-8388608,-8388608,-8388608,-8388608,-8388608
29221211,-8388608,8388607,8388607,8388607,-8388608,-8388608,-8388608,8388607,-8388608,-8388608,-8388608,-8388608,-8388608,8388607,-8388608,-8354944,-8388608,8388607,-8388608,8388607,8388607,8388607,-8388608,-8388608,-8388608,-8388608,-8388608,-8388608,-8388608,-8388608,-8388608,-8388608
29423596,-8388608,8388607,8388607,8388607,-8388608,-8388608,-8388608,8388607,-8388608,-8388608,-8388608,-8388608,-8388608,8388607,-8388608,-8354944,-8388608,8388607,-8388608,8388607,8388607,8388607,-8388608,-8388608,-8388608,-8388608,-8388608,-8388608,-8388608,-8388608,-8388608,-8388608
29425579,-8388608,8388607,8388607,8388607,-8388608,-8388608,-8388608,8388607,-8388608,-8388608,-8388608,-8388608,-8388608,8388607,-8388608,-8354944,-8388608,8388607,-8388608,8388607,8388607,8388607,-8388608,-8388608,-8388608,-8388608,-8388608,-8388608,-8388608,-8388608,-8388608,-8388608
29427563,-8388608,8388607,8388607,8388607,-8388608,-8388608,-8388608,8388607,-8388608,-8388608,-8388608,-8388608,-8388608,8388607,-8388608,-8354944,-8388608,8388607,-8388608,8388607,8388607,8388607,-8388608,-8388608,-8388608,-8388608,-8388608,-8388608,-8388608,-8388608,-8388608,-8388608
29630344,-8388608,8388607,8388607,8388607,-8388608,-8388608,-8388608,8388607,-8388608,-8388608,-8388608,-8388608,-8388608,8388607,-8388608,-8