29853496,-8388608,0,0,-8388608,0,0,34944,37376,8388607,8388607,8388607,8388607,8388607,8388607,8388607,8375935,8388607,8388607,8388607,8388607,8388607,8388607,8388607,8388607,-8388608,-8388608,-8388608,-8388608,-8388608,-8388608,-8388608,-8388608
29855480,-8388608,-8388608,-5401168,-8388608,-8388608,-8388608,-8353664,39296,8388607,8388607,8388607,8388607,8388607,8388607,8388607,8359551,8388607,8388607,8388607,8388607,8388607,8388607,8388607,8388607,-8388608,-8388608,-8388608,-8388608,-8388608,-8388608,-8388608,-8388608
29857465,-8388608,-8388608,8388607,8388607,-8388608,-8388608,-8388608,-8388608,8388607,8388607,8388607,8388607,8388607,8388607,8388607,8359551,8388607,8388607,8388607,8388607,-8388608,8388607,8388607,8388607,-8388608,-8388608,-8388608,-8388608,-8388608,-8388608,-8388608,-8388608
30057864,-8388608,8388607,8388607,8388607,-8388608,-8388608,-8353664,38527,-8388608,-8388608,-8388608,-8388608,-8388608,8388607,-8388608,-8386432,-8388608,-8388608,-8388608,-8388608,-8388608,-8388608,-8388608,-8388608,-8388608,-8388608,-8388608,-8388608,-8388608,-8388608,-8388608,-8388608
30059848,-8388608,8388607,8388607,8388607,-8388608,-8388608,-8353664,38527,-8388608,-8388608,-8388608,-8388608,-8388608,8388607,-8388608,-8353664,-8388608,-8388608,-8388608,-8388608,-8388608,-8388608,-8388608,-8388608,-8388608,-8388608,-8388608,-8388608,-8388608,-8388608,-8388608,-8388608
30260248,-8388608,8388607,8388607,8388607,-8388608,-8388608,-8353664,38527,-8388608,-8388608,-8388608,-8388608,-8388608,8388607,-8388608,-8386432,-8388608,-8388608,-8388608,-8388608,-8388608,-8388608,-8388608,-8388608,-8388608,-8388608,-8388608,-8388608,-8388608,-8388608,-8388608,-8388608
30262232,-8388608,8388607,8388607,8388607,-8388608,-8388608,-8353664,38527,-8388608,-8388608,-8388608,-8388608,-8388608,8388607,-8388608,-8386432,-8388608,-8388608,-8388608,-8388608,-8388608,-8388608,-8388608,-8388608,-8388608,-8388608,-8388608,-8388608,-8388608,-8388608,-8388608,-8388608
30462632,-8388608,8388607,8388607,8388607,-8388608,-8388608,-8353664,38527,-8388608,-8388608,-8388608,-8388608,-8388608,8388607,-8388608,-8353664,-8388608,-8388608,-8388608,-8388608,-8388608,-8388608,-8388608,-8388608,-8388608,-8388608,-8388608,-8388608,-8388608,-8388608,-8388608,-8388608
30464616,-8388608,8388607,8388607,8388607,-8388608,-8388608,-8353664,38527,-8388608,-8388608,-8388608,-8388608,-8388608,8388607,-8388608,-8353664,-8388608,-8388608,-8388608,-8388608,-8388608,-8388608,-8388608,-8388608,-8388608,-8388608,-8388608,-8388608,-8388608,-8388608,-8388608,-8388608
30665016,-8388608,8388607,8388607,8388607,-8388608,-8388608,-8353664,38527,-8388608,-8388608,-8388608,-8388608,-8388608,8388607,-8388608,-8386432,-8388608,-8388608,-8388608,-8388608,-8388608,-8388608,-8388608,-8388608,-8388608,-8388608,-8388608,-8388608,-8388608,-8388608,-8388608,-8388608
30667000,-8388608,8388607,8388607,8388607,-8388608,-8388608,-8353664,38527,-8388608,-8388608,-8388608,-8388608,-8388608,8388607,-8388608,-8353664,-8388608,-8388608,-8388608,-8388608,-8388608,-8388608,-8388608,-8388608,-8388608,-8388608,-8388608,-8388608,-8388608,-8388608,-8388608,-8388608
30867400,-8388608,8388607,8388607,8388607,-8388608,-8388608,-8353664,38527,-8388608,-8388608,-8388608,-8388608,-8388608,8388607,-8388608,-8353664,-8388608,-8388608,-8388608,-8388608,-8388608,-8388608,-8388608,-8388608,-8388608,-8388608,-8388608,-8388608,-8388608,-8388608,-8388608,-8388608
30869384,-8388608,8388607,8388607,8388607,-8388608,-8388608,-8353664,38527,-8388608,-8388608,-8388608,-8388608,-8388608,8388607,-8388608,-8353664,-8388608,-8388608,-8388608,-8388608,-8388608,-8388608,-8388608,-8388608,-8388608,-8388608,-8388608,-8388608,-8388608,-8388608,-8388608,-8388608
31069785,-8388608,8388607,8388607,8388607,-8388608,-8388608,-8388608,8388607,-8388608,-8388608,-8388608,-8388608,8388607,-8388608,-8388608,-8388608,-8388608,-8353664,39296,41088,46208,51584,54400,57728,-8388608,-8388608,-8388480,39296,41088,46208,51584,54400
31071769,-8388608,8388607,8388607,8388607,-8388608,-8388608,-8353664,38527,-8388608,-8388608,-8388608,-8388608,-8388608,8388607,-8388608,-8386432,-8388608,-8388608,-8388608,-8388608,-8388608,-8388608,-8388608,-8388608,-8388608,-8388608,-8388608,-8388608,-8388608,-8388608,-8388608,-8388608
31073752,-8388608,8388607,8388607,8388607,-8388608,-8388608,-8353664,38527,-8388608,-8388608,-8388608,-8388608,-8388608,8388607,-8388608,-8386432,-8388608,-8388608,-8388608,-8388608,-8388608,-8388608,-8388608,-8388608,-8388608,-8388608,-8388608,-8388608,-8388608,-8388608,-8388608,-8388608
31274152,-8388608,8388607,8388607,8388607,-8388608,-8388608,-8353664,38527,-8388608,-8388608,-8388608,-8388608,-8388608,8388607,-8388608,-8388480,-8388608,-8388608,-8388608,-8388608,-8388608,-8388608,-8388608,-8388608,-8388608,-8388608,-8388608,-8388608,-8388608,-8388608,-8388608,-8388608
31276136,-8388608,8388607,8388607,8388607,-8388608,-8388608,-8388608,8388607,-8386432,39296,41088,46208,53119,-10112,57728,-8388608,-8388608,-8388608,39296,41088,46208,51584,54400,57728,-8388608,-8388608,-8388608,-8388608,-8388608,-8388608,-8388608,-8388608
31476536,-8388608,8388607,8388607,8388607,-8388608,-8388608,-8353664,38527,-8388608,-8388608,-8388608,-8388608,-8388608,8388607,-8388608,-8386432,-8388608,-8388608,-8388608,-8388608,-8388608,-8388608,-8388608,-8388608,-8388608,-8388608,-8388608,-8388608,-8388608,-8388608,-8388608,-8388608
31478520,-8388608,8388607,8388607,8388607,-8388608,-8388608,-8353664,38527,-8388608,-8388608,-8388608,-8388608,-8388608,8388607,-8388608,-8353664,-8388608,-8388608,-8388608,-8388608,-8388608,-8388608,-8388608,-8388608,-8388608,-8388608,-8388608,-8388608,-8388608,-8388608,-8388608,-8388608
31678919,-8388608,8388607,8388607,8388607,-8388608,-8388608,-8353664,38527,-8388608,-8388608,-8388608,-8388608,-8388608,8388607,-8388608,-8386432,-8388608,-8388608,-8388608,-8388608,-8388608,-8388608,-8388608,-8388608,-8388608,-8388608,-8388608,-8388608,-8388608,-8388608,-8388608,-8388608
31680904,-8388608,8388607,8388607,8388607,-8388608,-8388608,-8353664,38527,-8388608,-8388608,-8388608,-8388608,-8388608,8388607,-8388608,-8386432,-8388608,-8388608,-8388608,-8388608,-8388608,-8388608,-8388608,-8388608,-8388608,-8388608,-8388608,-8388608,-8388608,-8388608,-8388608,-8388608
31881303,-8388608,8388607,8388607,8388607,-8388608,-8388608,-8353664,38527,-8388608,-8388608,-8388608,-8388608,-8388608,8388607,-8388608,-8386432,-8388608,-8388608,-8388608,-8388608,-8388608,-8388608,-8388608,-8388608,-8388608,-8388608,-8388608,-8388608,-8388608,-8388608,-8388608,-8388608
31883288,-8388608,8388607,8388607,8388607,-8388608,-8388608,-8353664,38527,-8388608,-8388608,-8388608,-8388608,-8388608,8388607,-8388608,-8386432,-8388608,-8388608,-8388608,-8388608,-8388608,-8388608,-8388608,-8388608,-8388608,-8388608,-8388608,-8388608,-8388608,-8388608,-8388608,-8388608
32083687,-8388608,8388607,8388607,8388607,-8388608,-8388608,-8353664,38527,-8388608,-8388608,-8388608,-8388608,-8388608,8388607,-8388608,-8353664,-8388608,-8388608,-8388608,-8388608,-8388608,-8388608,-8388608,-8388608,-8388608,-8388608,-8388608,-8388608,-8388608,-8388608,-8388608,-8388608
32085672,-8388608,8388607,8388607,8388607,-8388608,-8388608,-8353664,38527,-8388608,-8388608,-8388608,-8388608,-8388608,8388607,-8388608,-8353664,-8388608,-8388608,-8388608,-8388608,-8388608,-8388608,-8388608,-8388608,-8388608,-8388608,-8388608,-8388608,-8388608,-8388608,-8388608,-8388608
32286071,-8388608,8388607,8388607,8388607,-8388608,-8388608,-8353664,38527,-8388608,-8388608,-8388608,-8388608,-8388608,8388607,-8388608,-8353664,-8388608,-8388608,-8388608,-8388608,-8388608,-8388608,-8388608,-8388608,-8388608,-8388608,-8388608,-8388608,-8388608,-8388608,-8388608,-8388608
32288055,-8388608,8388607,8388607,8388607,-8388608,-8388608,-8353664,38527,-8388608,-8388608,-8388608,-8388608,-8388608,8388607,-8388608,-8353664,-8388608,-8388608,-8388608,-8388608,-8388608,-8388608,-8388608,-8388608,-8388608,-8388608,-8388608,-8388608,-8388608,-8388608,-8388608,-8388608
32488455,-8388608,8388607,8388607,8388607,-8388608,-8388608,-8353664,38527,-8388608,-8388608,-8388608,-8388608,-8388608,8388607,-8388608,-8386432,-8388608,-8388608,-8388608,-8388608,-8388608,-8388608,-8388608,-8388608,-8388608,-8388608,-8388608,-8388608,-8388608,-8388608,-8388608,-8388608
32490442,-8388608,8388607,8388607,8388607,-8388608,-8388608,-8388608,8388607,-8388608,-8388608,-8388608,-8388608,-8388608,8388607,-8388608,-8353664,-8388608,-8388608,-8388608,-8388608,-8388608,-8388608,-8388608,-8388608,-8388608,-8388608,-8388608,-8388608,-8388608,-8388608,-8388608,-8388608
32690845,-8388608,8388607,8388607,8388607,-8388608,-8388608,-8388608,8388607,-8388608,-8388608,-8388608,-8388608,-8388608,8388607,-8388608,-8353664,-8388608,-8388608,-8388608,-8388608,-8388608,-8388608,-8388608,-8388608,-8388608,-8388608,-8388608,-8388608,-8388608,-8388608,-8388608,-8388608
32692823,-8388608,8388607,8388607,8388607,-8388608,-8388608,-8353664,38527,-8388608,-8388608,-8388608,-8388608,-8388608,8388607,-8388608,-8353664,-8388608,-8388608,-8388608,-8388608,-8388608,-8388608,-8388608,-8388608,-8388608,-8388608,-8388608,-8388608,-8388608,-8388608,-8388608,-8388608
32694807,-8388608,8388607,8388607,8388607,-8388608,-8388608,-8353664,38527,-8388608,-8388608,-8388608,-8388608,-8388608,8388607,-8388608,-8386432,-8388608,-8388608,-8388608,-8388608,-8388608,-8388608,-8388608,-8388608,-8388608,-8388608,-8388608,-8388608,-8388608,-8388608,-8388608,-8388608
32895207,-8388608,8388607,8388607,8388607,-8388608,-8388608,-8388608,8388607,-8388608,-8388608,-8388608,-8388608,8388607,-8388608,-8388608,-8388608,-8388608,-8353664,39296,41088,46208,51584,54400,57728,-8388608,-8388608,-8388480,39296,41088,46208,51584,54400
32897192,-8388608,8388607,8388607,8388607,-8388608,-8388608,-8353664,38527,-8388608,-8388608,-8388608,-8388608,-8388608,8388607,-8388608,-8386432,-8388608,-8388608,-8388608,-8388608,-8388608,-8388608,-8388608,-8388608,-8388608,-8388608,-8388608,-8388608,-8388608,-8388608,-8388608,-8388608
33097591,-8388608,8388607,8388607,8388607,-8388608,-8388608,-8388608,8388607,-8388480,39296,41088,46208,53119,-10112,57728,-8388608,-8388608,-8388608,39296,41088,46208,51584,54400,57728,-8388608,-8388608,-8388608,-8388608,-8388608,-8388608,-8388608,-8388608
33099575,-8388608,8388607,8388607,8388607,-8388608,-8388608,-8353664,38527,-8388608,-8388608,-8388608,-8388608,-8388608,8388607,-8388608,-8353664,-8388608,-8388608,-8388608,-8388608,-8388608,-8388608,-8388608,-8388608,-8388608,-8388608,-8388608,-8388608,-8388608,-8388608,-8388608,-8388608
33299975,-8388608,8388607,8388607,8388607,-8388608,-8388608,-8353664,38527,-8388608,-8388608,-8388608,-8388608,-8388608,8388607,-8388608,-8353664,-8388608,-8388608,-8388608,-8388608,-8388608,-8388608,-8388608,-8388608,-8388608,-8388608,-8388608,-8388608,-8388608,-8388608,-8388608,-8388608
33301959,-8388608,8388607,8388607,8388607,-8388608,-8388608,-8353664,38527,-8388608,-8388608,-8388608,-8388608,-8388608,8388607,-8388608,-8386432,-8388608,-8388608,-8388608,-8388608,-8388608,-8388608,-8388608,-8388608,-8388608,-8388608,-8388608,-8388608,-8388608,-8388608,-8388608,-8388608
33502359,-8388608,8388607,8388607,8388607,-8388608,-8388608,-8353664,38527,-8388608,-8388608,-8388608,-8388608,-8388608,8388607,-8388608,-8386432,-8388608,-8388608,-8388608,-8388608,-8388608,-8388608,-8388608,-8388608,-8388608,-8388608,-8388608,-8388608,-8388608,-8388608,-8388608,-8388608
33504343,-8388608,8388607,8388607,8388607,-8388608,-8388608,-8353664,38527,-8388608,-8388608,-8388608,-8388608,-8388608,8388607,-8388608,-8386432,-8388608,-8388608,-8388608,-8388608,-8388608,-8388608,-8388608,-8388608,-8388608,-8388608,-8388608,-8388608,-8388608,-8388608,-8388608,-8388608
33704743,-8388608,8388607,8388607,8388607,-8388608,-8388608,-8353664,38527,-8388608,-8388608,-8388608,-8388608,-8388608,8388607,-8388608,-8353664,-8388608,-8388608,-8388608,-8388608,-8388608,-8388608,-8388608,-8388608,-8388608,-8388608,-8388608,-8388608,-8388608,-8388608,-8388608,-8388608
33706727,-8388608,8388607,8388607,8388607,-8388608,-8388608,-8353664,38527,-8388608,-8388608,-8388608,-8388608,-8388608,8388607,-8388608,-8353664,-8388608,-8388608,-8388608,-8388608,-8388608,-8388608,-8388608,-8388608,-8388608,-8388608,-8388608,-8388608,-8388608,-8388608,-8388608,-8388608
33907134,-8388608,8388607,8388607,8388607,-8388608,-8388608,-8388608,8388607,-8388608,-8388608,-8388608,-8388608,-8388608,8388607,-8388608,-8353664,-8388608,-8388608,-8388608,-8388608,-8388608,-8388608,-8388608,-8388608,-8388608,-8388608,-8388608,-8388608,-8388608,-8388608,-8388608,-8388608
33909111,-8388608,8388607,8388607,8388607,-8388608,-8388608,-8353664,38527,-8388608,-8388608,-8388608,-8388608,-8388608,8388607,-8388608,-8386432,-8388608,-8388608,-8388608,-8388608,-8388608,-8388608,-8388608,-8388608,-8388608,-8388608,-8388608,-8388608,-8388608,-8388608,-8388608,-8388608
34109510,-8388608,8388607,8388607,8388607,-8388608,-8388608,38527,-22913,-8388608,-8388608,-8388608,-8388608,8388607,-8388608,-8388608,-8388608,-8388608,-8353664,39296,41088,46208,51584,54400,57728,-8388608,-8388608,-8388480,39296,41088,46208,51584,54400
34111495,-8388608,8388607,8388607,8388607,-8388608,-8388608,-8353664,38527,-8388608,-8388608,-8388608,-8388608,-8388608,8388607,-8388608,-8386432,-8388608,-8388608,-8388608,-8388608,-8388608,-8388608,-8388608,-8388608,-8388608,-8388608,-8388608,-8388608,-8388608,-8388608,-8388608,-8388608
34311908,-8388608,8388607,8388607,8388607,-8388608,-8388608,-8388608,8388607,-8388608,39296,41088,46208,53119,-10112,57728,0,-8388608,-8388608,-8388608,-8388608,-8388608,-8388608,-8388608,-8388608,-8388608,-8388608,-8388608,-8388608,-8388608,-8388608,-8388608,-8388608
34313878,-8388608,8388607,8388607,8388607,-8388608,-8388608,-8353664,38527,-8388608,-8388608,-8388608,-8388608,-8388608,8388607,-8388608,-8386432,-8388608,-8388608,-8388608,-8388608,-8388608,-8388608,-8388608,-8388608,-8388608,-8388608,-8388608,-8388608,-8388608,-8388608,-8388608,-8388608
34315863,-8388608,8388607,8388607,8388607,-8388608,-8388608,-8353664,38527,-8388608,-8388608,-8388608,-8388608,-8388608,8388607,-8388608,-8386432,-8388608,-8388608,-8388608,-8388608,-8388608,-8388608,-8388608,-8388608,-8388608,-8388608,-8388608,-8388608,-8388608,-8388608,-8388608,-8388608
34516282,-8388608,8388607,8388607,8388607,-8388608,-8388608,-8388608,8388607,-8388480,39296,41088,46208,53119,-10112,57728,-8388608,-8388608,-8388608,-8388608,-8388608,-8388608,-8388608,-8388608,-8388608,-8388608,-8388608,-8388608,-8388608,-8388608,-8388608,-8388608,-8388608
34518247,-8388608,8388607,8388607,8388607,-8388608,-8388608,-8388608,8388607,-8388608,-8388608,-8388608,-8388608,-8388608,8388607,-8388608,-8353664,-8388608,-8388608,-8388608,-8388608,-8388608,-8388608,-8388608,-8388608,-8388608,-8388608,-8388608,-8388608,-8388608,-8388608,-8388608,-8388608
34718655,-8388608,8388607,8388607,8388607,-8388608,-8388608,-8388608,8388607,-8388608,-8388608,-8388608,-8388608,-8388608,8388607,-8388608,-8353664,-8388608,-8388608,-8388608,-8388608,-8388608,-8388608,-8388608,-8388608,-8388608,-8388608,-8388608,-8388608,-8388608,-8388608,-8388608,-8388608
34720630,-8388608,8388607,8388607,8388607,-8388608,-8388608,-8353664,38527,-8388608,-8388608,-8388608,-8388608,-8388608,8388607,-8388608,-8386432,-8388608,-8388608,-8388608,-8388608,-8388608,-8388608,-8388608,-8388608,-8388608,-8388608,-8388608,-8388608,-8388608,-8388608,-8388608,-8388608
34921030,-8388608,8388607,8388607,8388607,-8388608,-8388608,-8353664,38527,-8388608,-8388608,-8388608,-8388608,-8388608,8388607,-8388608,-8388480,-8388608,-8388608,-8388608,-8388608,-8388608,-8388608,-8388608,-8388608,-8388608,-8388608,-8388608,-8388608,-8388608,-8388608,-8388608,-8388608
34923016,-8388608,8388607,8388607,8388607,-8388608,-8388608,-8388608,8388607,-8353664,39296,41088,46208,53119,-10112,57728,-8388608,-8388608,-8388480,39296,41088,46208,51584,54400,57728,-8388608,-8388608,-8388608,-8388608,-8388608,-8388608,-8388608,-8388608
35123415,-8388608,8388607,8388607,8388607,-8388608,-8388608,-8388608,8388607,-8388608,-8388608,-8388608,-8388608,-8388608,8388607,-8388608,-8353664,-8388608,-8388608,-8388608,-8388608,-8388608,-8388608,-8388608,-8388608,-8388608,-8388608,-8388608,-8388608,-8388608,-8388608,-8388608,-8388608
35125407,-8388608,8388607,8388607,8388607,-8388608,-8388608,-8388608,8388607,-8353664,39296,41088,46208,53119,-10112,57728,-8388608,-8388608,-8386432,39296,41088,46208,51584,54400,57728,-8388608,-8388608,-8388608,39296,41088,46208,51584,54400
35325798,-8388608,8388607,8388607,8388607,-8388608,-8388608,-8353664,38527,-8388608,-8388608,-8388608,-8388608,-8388608,8388607,-8388608,-8386432,-8388608,-8388608,-8388608,-8388608,-8388608,-8388608,-8388608,-8388608,-8388608,-8388608,-8388608,-8388608,-8388608,-8388608,-8388608,-8388608
35327782,-8388608,8388607,8388607,8388607,-8388608,-8388608,-8353664,38527,-8388608,-8388608,-8388608,-8388608,-8388608,8388607,-8388608,-8386432,-8388608,-8388608,-8388608,-8388608,-8388608,-8388608,-8388608,-8388608,-8388608,-8388608,-8388608,-8388608,-8388608,-8388608,-8388608,-8388608
35528182,-8388608,8388607,8388607,8388607,-8388608,-8388608,-8388608,8388607,-8388608,-8388608,-8388608,-8388608,-8388608,8388607,-8388608,-8353664,-8388608,-8388608,-8388608,-8388608,-8388608,-8388608,-8388608,-8388608,-8388608,-8388608,-8388608,-8388608,-8388608,-8388608,-8388608,-8388608
35530167,-8388608,8388607,8388607,8388607,-8388608,-8388608,-8388608,8388607,-8388608,-8388608,-8388608,-8388608,-8388608,8388607,-8388608,-8353664,-8388608,-8388608,-8388608,-8388608,-8388608,-8388608,-8388608,-8388608,-8388608,-8388608,-8388608,-8388608,-8388608,-8388608,-8388608,-8388608
35730566,-8388608,8388607,8388607,8388607,-8388608,-8388608,-8353664,38527,-8388608,-8388608,-8388608,-8388608,-8388608,8388607,-8388608,-8386432,-8388608,-8388608,-8388608,-8388608,-8388608,-8388608,-8388608,-8388608,-8388608,-8388608,-8388608,-8388608,-8388608,-8388608,-8388608,-8388608
35732550,-8388608,8388607,8388607,8388607,-8388608,-8388608,-8353664,38527,-8388608,-8388608,-8388608,-8388608,-8388608,8388607,-8388608,-8353664,-8388608,-8388608,-8388608,-8388608,-8388608,-8388608,-8388608,-8388608,-8388608,-8388608,-8388608,-8388608,-8388608,-8388608,-8388608,-8388608
35734534,-8388608,8388607,8388607,8388607,-8388608,-8388608,-8353664,38527,-8388608,-8388608,-8388608,-8388608,-8388608,8388607,-8388608,-8386432,-8388608,-8388608,-8388608,-8388608,-8388608,-8388608,-8388608,-8388608,-8388608,-8388608,-8388608,-8388608,-8388608,-8388608,-8388608,-8388608
35934934,-8388608,8388607,8388607,8388607,-8388608,-8388608,-8353664,38527,-8388608,-8388608,-8388608,-8388608,-8388608,8388607,-8388608,-8386432,-8388608,-8388608,-8388608,-8388608,-8388608,-8388608,-8388608,-8388608,-8388608,-8388608,-8388608,-8388608,-8388608,-8388608,-8388608,-8388608
35936919,-8388608,8388607,8388607,8388607,-8388608,-8388608,-8388608,8388607,-8388608,-8388608,-8388608,-8388608,-8388608,8388607,-8388608,-8353664,-8388608,-8388608,-8388608,-8388608,-8388608,-8388608,-8388608,-8388608,-8388608,-8388608,-8388608,-8388608,-8388608,-8388608,-8388608,-8388608
36137318,-8388608,8388607,8388607,8388607,-8388608,-8388608,-8353664,38527,-8388608,-8388608,-8388608,-8388608,-8388608,8388607,-8388608,-8353664,-8388608,-8388608,-8388608,-8388608,-8388608,-8388608,-8388608,-8388608,-8388608,-8388608,-8388608,-8388608,-8388608,-8388608,-8388608,-8388608
36139302,-8388608,8388607,8388607,8388607,-8388608,-8388608,-8353664,38527,-8388608,-8388608,-8388608,-8388608,-8388608,8388607,-8388608,-8386432,-8388608,-8388608,-8388608,-8388608,-8388608,-8388608,-8388608,-8388608,-8388608,-8388608,-8388608,-8388608,-8388608,-8388608,-8388608,-8388608
36339701,-8388608,8388607,8388607,8388607,-8388608,-8388608,-8353664,38527,-8388608,-8388608,-8388608,-8388608,-8388608,8388607,-8388608,-8386432,-8388608,-8388608,-8388608,-8388608,-8388608,-8388608,-8388608,-8388608,-8388608,-8388608,-8388608,-8388608,-8388608,-8388608,-8388608,-8388608
36341686,-8388608,8388607,8388607,8388607,-8388608,-8388608,-8353664,38527,-8388608,-8388608,-8388608,-8388608,-8388608,8388607,-8388608,-8353664,-8388608,-8388608,-8388608,-8388608,-8388608,-8388608,-8388608,-8388608,-8388608,-8388608,-8388608,-8388608,-8388608,-8388608,-8388608,-8388608
36542096,-8388608,8388607,8388607,8388607,-8388608,-8388608,-8388608,8388607,-8388608,-8388608,-8388608,-8388608,-8388608,8388607,-8388608,-8353664,-8388608,-8388608,-8388608,-8388608,-8388608,-8388608,-8388608,-8388608,-8388608,-8388608,-8388608,-8388608,-8388608,-8388608,-8388608,-8388608
36544069,-8388608,8388607,8388607,8388607,-8388608,-8388608,-8353664,38527,-8388608,-8388608,-8388608,-8388608,-8388608,8388607,-8388608,-8386432,-8388608,-8388608,-8388608,-8388608,-8388608,-8388608,-8388608,-8388608,-8388608,-8388608,-8388608,-8388608,-8388608,-8388608,-8388608,-8388608
36744469,-8388608,8388607,8388607,8388607,-8388608,-8388608,-8388608,8388607,-8388480,39296,41088,46208,53119,-10112,57728,-8388608,-8388608,-8388608,39296,41088,46208,51584,54400,57728,-8388608,-8388608,-8388608,-8388608,-8388608,-8388608,-8388608,-8388608
36746453,-8388608,8388607,8388607,8388607,-8388608,-8388608,-8353664,38527,-8388608,-8388608,-8388608,-8388608,-8388608,8388607,-8388608,-8353664,-8388608,-8388608,-8388608,-8388608,-8388608,-8388608,-8388608,-8388608,-8388608,-8388608,-8388608,-8388608,-8388608,-8388608,-8388608,-8388608
36946853,-8388608,8388607,8388607,8388607,-8388608,-8388608,-8388608,8388607,-8388480,39296,41088,46208,53119,-10112,57728,-8388608,-8388608,-8388608,-8388608,-8388608,-8388608,-8388608,-8388608,-8388608,-8388608,-8388608,-8388608,-8388608,-8388608,-8388608,-8388608,-8388608
36948837,-8388608,8388607,8388607,8388607,-8388608,-8388608,-8353664,38527,-8388608,-8388608,-8388608,-8388608,-8388608,8388607,-8388608,-8386432,-8388608,-8388608,-8388608,-8388608,-8388608,-8388608,-8388608,-8388608,-8388608,-8388608,-8388608,-8388608,-8388608,-8388608,-8388608,-8388608
37149238,-8388608,8388607,8388607,8388607,-8388608,-8388608,-8353664,38527,-8388608,-8388608,-8388608,-8388608,-8388608,8388607,-8388608,-8386432,-8388608,-8388608,-8388608,-8388608,-8388608,-8388608,-8388608,-8388608,-8388608,-8388608,-8388608,-8388608,-8388608,-8388608,-8388608,-8388608
37151221,-8388608,8388607,8388607,8388607,-8388608,-8388608,-8388608,8388607,-8388480,39296,41088,46208,53119,-10112,57728,-8388608,-8388608,-8388608,39296,41088,46208,51584,54400,57728,-8388608,-8388608,-8388608,-8388608,-8388608,-8388608,-8388608,-8388608
37153205,-8388608,8388607,8388607,8388607,-8388608,-8388608,-8353664,38527,-8388608,-8388608,-8388608,-8388608,-8388608,8388607,-8388608,-8353664,-8388608,-8388608,-8388608,-8388608,-8388608,-8388608,-8388608,-8388608,-8388608,-8388608,-8388608,-8388608,-8388608,-8388608,-8388608,-8388608
37353605,-8388608,8388607,8388607,8388607,-8388608,-8388608,38527,-22913,-8388608,-8388608,-8388608,-8388608,8388607,-8388608,-8388608,-8388608,-8388608,-8353664,39296,41088,46208,51584,54400,57728,-8388608,-8388608,-8388480,39296,41088,46208,51584,54400
37355590,-8388608,8388607,8388607,8388607,-8388608,-8388608,-8353664,38527,-8388608,-8388608,-8388608,-8388608,-8388608,8388607,-8388608,-8386432,-8388608,-8388608,-8388608,-8388608,-8388608,-8388608,-8388608,-8388608,-8388608,-8388608,-8388608,-8388608,-8388608,-8388608,-8388608,-8388608
37555989,-8388608,8388607,8388607,8388607,-8388608,-8388608,-8353664,38527,-8388608,-8388608,-8388608,-8388608,-8388608,8388607,-8388608,-8353664,-8388608,-8388608,-8388608,-8388608,-8388608,8388607,-8388608,-8388608,-8388608,-8388608,-8388608,-8388608,-8388608,-8388608,-8388608,-8388608
37557978,-8388608,8388607,8388607,8388607,-8388608,-8388608,-8388608,8388607,-8388480,39296,41088,46208,53119,-10112,57728,-8388608,-8388608,-8388608,-8388608,-8388608,-8388608,8388607,-8388608,-8388608,-8388608,-8388608,-8388608,-8388608,-8388608,-8388608,-8388608,-8388608
37758373,-8388608,8388607,8388607,8388607,-8388608,-8388608,-8353664,38527,-8388608,-8388608,-8388608,-8388608,-8388608,8388607,-8388608,-8386432,-8388608,-8388608,-8388608,-8388608,-8388608,8388607,-8388608,-8388608,-8388608,-8388608,-8388608,-8388608,-8388608,-8388608,-8388608,-8388608
37760357,-8388608,8388607,8388607,8388607,-8388608,-8388608,-8353664,38527,-8388608,-8388608,-8388608,-8388608,-8388608,8388607,-8388608,-8386432,-8388608,-8388608,-8388608,-8388608,-8388608,8388607,-8388608,-8388608,-8388608,-8388608,-8388608,-8388608,-8388608,-8388608,-8388608,-8388608
37960757,-8388608,8388607,8388607,8388607,-8388608,-8388608,-8353664,38527,-8388608,-8388608,-8388608,-8388608,-8388608,8388607,-8388608,-8386432,-8388608,-8388608,-8388608,-8388608,8388607,8388607,-8388608,-8388608,-8388608,-8388608,-8388608,-8388608,-8388608,-8388608,-8388608,-8388608
37962742,-8388608,8388607,8388607,8388607,-8388608,-8388608,-8388608,8388607,-8388608,-8388608,-8388608,-8388608,-8388608,8388607,-8388608,-8353664,-8388608,-8388608,-8388608,-8388608,8388607,8388607,-8388608,-8388608,-8388608,-8388608,-8388608,-8388608,-8388608,-8388608,-8388608,-8388608
38163141,-8388608,8388607,8388607,8388607,-8388608,-8388608,-8353664,38527,-8388608,-8388608,-8388608,-8388608,-8388608,8388607,-8388608,-8353664,-8388608,-8388608,-8388608,-8388608,8388607,8388607,-8388608,-8388608,-8388608,-8388608,-8388608,-8388608,-8388608,-8388608,-8388608,-8388608
38165125,-8388608,8388607,8388607,8388607,-8388608,-8388608,-8353664,38527,-8388608,-8388608,-8388608,-8388608,-8388608,8388607,-8388608,-8386432,-8388608,-8388608,-8388608,-8388608,8388607,8388607,-8388608,-8388608,-8388608,-8388608,-8388608,-8388608,-8388608,-8388608,-8388608,-8388608
38365526,-8388608,8388607,8388607,8388607,-8388608,-8388608,-8388608,8388607,-8388608,-8388608,-8388608,-8388608,-8388608,8388607,-8388608,-8353664,-8388608,-8388608,-8388608,-8388608,8388607,8388607,-8388608,-8388608,-8388608,-8388608,-8388608,-8388608,-8388608,-8388608,-8388608,-8388608
38367509,-8388608,8388607,8388607,8388607,-8388608,-8388608,-8353664,38527,-8388608,-8388608,-8388608,-8388608,-8388608,8388607,-8388608,-8353664,-8388608,-8388608,-8388608,-8388608,8388607,8388607,-8388608,-8388608,-8388608,-8388608,-8388608,-8388608,-8388608,-8388608,-8388608,-8388608
38567908,-8388608,8388607,8388607,8388607,-8388608,-8388608,-8388608,8388607,-8353664,39296,41088,46208,53119,-10112,57728,-8388608,-8388608,-8388480,39296,42623,-18561,-13952,54400,57728,-8388608,-8388608,-8388608,-8388608,-8388608,-8388608,-8388608,-8388608
38569893,-8388608,8388607,8388607,8388607,-8388608,-8388608,-8353664,38527,-8388608,-8388608,-8388608,-8388608,-8388608,8388607,-8388608,-8388480,-8388608,-8388608,-8388608,-8388608,8388607,8388607,-8388608,-8388608,-8388608,-8388608,-8388608,-8388608,-8388608,-8388608,-8388608,-8388608
38571877,-8388608,8388607,8388607,8388607,-8388608,-8388608,-8353664,38527,-8388608,-8388608,-8388608,-8388608,-8388608,8388607,-8388608,-8353664,-8388608,-8388608,-8388608,-8388608,8388607,8388607,-8388608,-8388608,-8388608,-8388608,-8388608,-8388608,-8388608,-8388608,-8388608,-8388608
38772278,-8388608,8388607,8388607,8388607,-8388608,-8388608,-8388608,8388607,8388607,8388607,-8388608,-8388608,-8388608,8388607,-8388608,-8352129,-8388608,-8388608,-8388608,-8388608,8388607,8388607,-8388608,-8388608,-8388608,-8388608,-8388608,-8388608,-8388608,-8388608,-8388608,-8388608
38774261,-8388608,8388607,8388607,8388607,-8388608,-8388608,-8353664,38527,8388607,8388607,-8388608,-8388608,-8388608,8388607,-8388608,-8352129,-8388608,-8388608,-8388608,-8388608,8388607,8388607,-8388608,-8388608,-8388608,-8388608,-8388608,-8388608,-8388608,-8388608,-8388608,-8388608
38974660,-8388608,8388607,8388607,8388607,-8388608,-8388608,7899264,38527,8388607,8388607,-8388608,-8388608,-8388608,8388607,-8388608,-8384897,-8388608,8388607,-8388608,8388607,8388607,8388607,-8388608,-8388608,-8388608,-8388608,-8388608,-8388608,-8388608,-8388608,-8388608,-8388608
38976645,-8388608,8388607,8388607,8388607,-8388608,-8388608,7340032,8388607,8388607,8388607,-8388608,-8388608,-8388608,8388607,-8388608,-8352129,-8388608,8388607,-8388608,8388607,8388607,8388607,-8388608,-8388608,-8388608,-8388608,-8388608,-8388608,-8388608,-8388608,-8388608,-8388608
39177045,-8388608,8388607,8388607,8388607,-8388608,8388607,8161408,38527,8388607,8388607,-8388608,-8388608,8388607,8388607,-8388608,-8384897,-8388608,8388607,-8388608,8388607,8388607,8388607,-8388608,-8388608,-8388608,-8388608,-8388608,-8388608,-8388608,-8388608,-8388608,-8388608
39179029,-8388608,8388607,8388607,8388607,-8388608,8388607,-8388608,8388607,8388479,-27264,41088,47999,-12417,-10112,57728,8388607,-8388608,8388607,-8388608,8388607,8388607,8388607,-8388608,-8388608,-8388608,-8388608,-8388608,-8388608,-8388608,-8388608,-8388608,-8388608
39379428,-8388608,8388607,8388607,8388607,-8388608,8388607,-8388608,8388607,8384127,-27264,41088,47999,-12417,-10112,57728,8388607,-8388608,8388480,38527,-22913,-18304,51584,54400,59263,-8388608,-8388608,-8388608,-8388608,-8388608,-8388608,-8388608,-8388608
39381412,-8388608,8388607,8388607,8388607,-8388608,8388607,7899264,38527,8388607,8388607,-8388608,-8388608,8388607,8388607,-8388608,-8384897,-8388608,8388607,-8388608,8388607,8388607,-8388608,-8388608,-8388608,-8388608,-8388608,-8388608,-8388608,-8388608,-8388608,-8388608,-8388608
39383396,-8388608,8388607,8388607,8388607,-8388608,8388607,7374976,38527,8388607,8388607,-8388608,-8388608,8388607,8388607,-8388608,-8352129,-8388608,8388607,-8388608,8388607,8388607,-8388608,-8388608,-8388608,-8388608,-8388608,-8388608,-8388608,-8388608,-8388608,-8388608,-8388608
39583796,-8388608,8388607,8388607,-8388608,-8388608,8388607,-8388608,8388607,8384127,-27264,41088,47999,-13952,54400,57728,8388607,-8388608,8388480,38527,-22913,-18304,51584,56191,-6273,-8388608,-8388608,8388607,-8388608,-8388608,8388607,-8388608,-8388608
39585780,-8388608,8388607,8388607,-8388608,-8388608,8388607,7899264,38527,8388607,8388607,-8388608,-8388608,8388607,-8388608,-8388608,-8384897,-8388608,8388607,-8388608,8388607,8388607,-8388608,-8388608,8388607,-8388608,-8388608,8388607,-8388608,-8388608,8388607,-8388608,-8388608
39786180,-8388608,8388607,8388607,-8388608,-8388608,8388607,7899264,38527,8388607,8388607,-8388608,-8388608,8388607,-8388608,-8388608,-8384897,-8388608,8388607,-8388608,8388607,8388607,-8388608,-8388608,8388607,-8388608,-8388608,8388607,-8388608,-8388608,8388607,-8388608,-8388608
39788165,-8388608,8388607,8388607,-8388608,-8388608,8388607,7340032,8388607,8388607,8388607,-8388608,-8388608,8388607,-8388608,-8388608,-8352129,-8388608,8388607,-8388608,8388607,8388607,-8388608,-8388608,8388607,-8388608,-8388608,8388607,-8388608,-8388608,8388607,-8388608,-8388608
39988564,-8388608,8388607,8388607,-8388608,8388607,8388607,7374976,38527,8388607,8388607,8388607,-8388608,8388607,-8388608,-8388608,-8352129,-8388608,8388607,-8388608,8388607,8388607,-8388608,-8388608,8388607,-8388608,-8388608,8388607,-8388608,-8388608,8388607,-8388608,-8388608
39990548,-8388608,8388607,8388607,-8388608,8388607,8388607,7899264,38527,8388607,8388607,8388607,-8388608,8388607,-8388608,-8388608,-8384897,-8388608,8388607,-8388608,8388607,8388607,-8388608,-8388608,8388607,-8388608,-8388608,8388607,-8388608,-8388608,8388607,-8388608,-8388608
40190948,-8388608,8388607,8388607,-8388608,8388607,8388607,7899264,38527,8388607,8388607,8388607,-8388608,8388607,-8388608,-8388608,-8384897,-8388608,8388607,-8388608,8388607,-8388608,-8388608,-8388608,8388607,-8388608,-8388608,8388607,-8388608,-8388608,8388607,-8388608,-8388608
40192932,-8388608,8388607,8388607,-8388608,8388607,8388607,7899264,38527,8388607,8388607,8388607,-8388608,8388607,-8388608,-8388608,-8352129,-8388608,8388607,-8388608,8388607,-8388608,-8388608,-8388608,8388607,-8388608,-8388608,8388607,-8388608,-8388608,8388607,-8388608,-8388608
40194916,-8388608,8388607,8388607,-8388608,8388607,8388607,7899264,38527,8388607,8388607,8388607,-8388608,8388607,-8388608,-8388608,-8352129,-8388608,8388607,-8388608,8388607,-8388608,-8388608,-8388608,8388607,-8388608,-8388608,8388607,-8388608,-8388608,8388607,-8388608,-8388608
40395316,-8388608,8388607,8388607,-8388608,8388607,8388600,-8388608,8388607,8388607,8388607,-8388608,8388607,-8388608,-8388608,8388607,8388607,-8388608,8358016,38527,-24448,46208,51584,56191,-6273,-8388608,-8388608,8388480,39296,42623,-18304,51584,54400
40397300,-8388608,8388607,8388607,-8388608,8388607,8388607,8161408,38527,8388607,8388607,8388607,-8388608,8388607,-8388608,-8388608,8388223,-8388608,8388607,-8388608,8388607,-8388608,-8388608,-8388608,8388607,-8388608,-8388608,8388607,-8388608,-8388608,8388607,-8388608,-8388608
40597700,-8388608,8388607,-8388608,-8388608,8388607,8388607,7899264,38527,8388607,8388607,8388607,-8388608,8388607,-8388608,-8388608,8359551,-8388608,8388607,-8388608,8388607,-8388608,-8388608,-8388608,8388607,-8388608,-8388608,8388607,-8388608,-8388608,8388607,-8388608,-8388608
40599684,-8388608,8388607,-8388608,-8388608,8388607,8388607,7899264,38527,8388607,8388607,8388607,-8388608,8388607,-8388608,-8388608,8359551,-8388608,8388607,-8388608,8388607,-8388608,-8388608,-8388608,8388607,-8388608,-8388608,8388607,-8388608,-8388608,8388607,-8388608,-8388608
40601668,-8388608,8388607,-8388608,-8388608,8388607,8388607,7899264,38527,8388607,8388607,8388607,-8388608,8388607,-8388608,-8388608,8359551,-8388608,8388607,-8388608,8388607,-8388608,-8388608,-8388608,8388607,-8388608,-8388608,8388607,-8388608,-8388608,8388607,-8388608,-8388608
40802068,-8388608,8388607,-8388608,-8388608,8388607,8388607,7374976,38527,8388607,8388607,8388607,-8388608,8388607,-8388608,8388607,8359551,-8388608,8388607,-8388608,8388607,-8388608,8388607,-8388608,8388607,-8388608,-8388608,8388607,-8388608,-8388608,8388607,-8388608,-8388608
40804052,-8388608,8388607,-8388608,-8388608,8388607,8388607,7374976,38527,8388607,8388607,8388607,-8388608,8388607,-8388608,8388607,8359551,-8388608,8388607,-8388608,8388607,-8388608,8388607,-8388608,8388607,-8388608,-8388608,8388607,-8388608,-8388608,8388607,-8388608,-8388608
41004454,-8388608,8388607,-8388608,-8388608,8388607,8388607,-8388608,8388607,8388479,-25985,-24448,47999,-13952,56191,-6273,8388607,-8388608,8388600,-8388608,8388607,-8388608,8388607,-8388608,8388607,-8388608,-8388608,8388607,-8388608,-8388608,8388607,-8388608,-8388608
41006436,-8388608,8388607,-8388608,-8388608,8388607,8388607,7899264,38527,8388607,8388607,8388607,-8388608,8388607,-8388608,8388607,8359551,-8388608,8388607,-8388608,8388607,-8388608,8388607,-8388608,8388607,-8388608,-8388608,8388607,-8388608,-8388608,8388607,-8388608,-8388608
41206836,-8388608,8388607,-8388608,-8388608,8388607,8388607,7899264,38527,8388607,8388607,8388607,-8388608,8388607,-8388608,8388607,8359551,-8388608,8388607,-8388608,8388607,-8388608,8388607,-8388608,8388607,-8388608,-8388608,8388607,-8388608,-8388608,8388607,-8388608,-8388608
41208821,-8388608,8388607,-8388608,-8388608,8388607,8388607,7340032,8388607,8388607,8388607,8388607,-8388608,8388607,-8388608,8388607,8359551,-8388608,8388607,-8388608,8388607,-8388608,8388607,-8388608,8388607,-8388608,-8388608,8388607,-8388608,-8388608,8388607,-8388608,-8388608
41409220,-8388608,8388607,-8388608,-8388608,8388607,8388607,-8353664,38527,8388607,8388607,8388607,-8388608,8388607,-8388608,8388607,8359551,-8388608,-8388608,-8388608,-8388608,-8388608,8388607,-8388608,8388607,-8388608,-8388608,8388607,-8388608,-8388608,8388607,8388607,-8388608
41411205,-8388608,8388607,-8388608,-8388608,8388607,8388607,-8388608,8388607,8388607,8388607,8388607,-8388608,8388607,-8388608,8388607,8359551,-8388608,-8388608,-8388608,-8388608,-8388608,8388607,-8388608,8388607,-8388608,-8388608,8388607,-8388608,-8388608,8388607,8388607,-8388608
41413188,-8388608,8388607,-8388608,-8388608,8388607,8388607,-8353664,38527,8388607,8388607,8388607,-8388608,8388607,-8388608,8388607,8359551,-8388608,-8388608,-8388608,-8388608,-8388608,8388607,-8388608,8388607,-8388608,-8388608,8388607,-8388608,-8388608,8388607,8388607,-8388608
41613587,-8388608,8388607,-8388608,-8388608,8388607,-8388608,-8353664,38527,8388607,8388607,8388607,-8388608,-8388608,-8388608,8388607,8359551,-8388608,-8388608,-8388608,-8388608,8388607,8388607,-8388608,8388607,-8388608,8388607,8388607,-8388608,8388607,8388607,8388607,-8388608
41615572,-8388608,8388607,-8388608,-8388608,8388607,-8388608,-8353664,38527,8388607,8388607,8388607,-8388608,-8388608,-8388608,8388607,8359551,-8388608,-8388608,-8388608,-8388608,8388607,8388607,-8388608,8388607,-8388608,8388607,8388607,-8388608,8388607,8388607,8388607,-8388608
41815972,-8388608,8388607,-8388608,-8388608,8388607,-8388608,-8353664,38527,8388607,8388607,8388607,-8388608,-8388608,-8388608,8388607,8359551,-8388608,-8388608,-8388608,-8388608,8388607,8388607,-8388608,8388607,-8388608,8388607,8388607,-8388608,8388607,8388607,8388607,-8388608
41817956,-8388608,8388607,-8388608,-8388608,8388607,-8388608,-8388608,8388607,8388607,8388607,8388607,-8388608,-8388608,-8388608,8388607,8359551,-8388608,-8388608,-8388608,-8388608,8388607,8388607,-8388608,8388607,-8388608,8388607,8388607,-8388608,8388607,8388607,8388607,-8388608
42018355,-8388608,8388607,-8388608,8388607,8388607,-8388608,-8353664,38527,8388607,8388607,8388607,-8388608,-8388608,8388607,8388607,8359551,-8388608,-8388608,-8388608,-8388608,8388607,-8388608,-8388608,-8388608,-8388608,8388607,8388607,-8388608,8388607,8388607,8388607,-8388608
42020340,-8388608,8388607,-8388608,8388607,8388607,-8388608,-8388608,8388607,8388223,-25985,-24448,46208,53119,-10369,-6273,8388607,-8388608,-8388608,39296,42623,-18304,51584,54400,57728,-8388608,8388607,8388607,-8388608,8388607,8388607,8388607,-8388608
42022324,-8388608,8388607,-8388608,8388607,8388607,-8388608,-8353664,38527,8388607,8388607,8388607,-8388608,-8388608,8388607,8388607,8359551,-8388608,-8388608,-8388608,-8388608,8388607,-8388608,-8388608,-8388608,-8388608,8388607,8388607,-8388608,8388607,8388607,8388607,-8388608
42222723,-8388608,8388607,-8388608,8388607,8388607,-8388608,-8353664,38527,8388607,8388607,8388607,-8388608,-8388608,8388607,8388607,8388223,-8388608,-8388608,-8388608,-8388608,8388607,-8388608,-8388608,-8388608,-8388608,8388607,-8388608,0,8388607,-8388608,8388607,-8388608
42224708,-8388608,8388607,-8388608,8388607,8388607,-8388608,-8353664,38527,8388607,8388607,8388607,-8388608,-8388608,8388607,8388607,8359551,-8388608,-8388608,-8388608,-8388608,8388607,-8388608,-8388608,-8388608,-8388608,8388607,-8388608,-8388608,8388607,-8388608,8388607,-8388608
42425107,-8388608,8388607,-8388608,8388607,8388607,-8388608,-8353664,38527,8388607,8388607,8388607,8388607,-8388608,8388607,8388607,8359551,-8388608,-8388608,-8388608,-8388608,8388607,-8388608,-8388608,-8388608,-8388608,8388607,-8388608,-8388608,8388607,-8388608,8388607,-8388608
42427092,-8388608,8388607,-8388608,8388607,8388607,-8388608,-8353664,38527,8388607,8388607,8388607,8388607,-8388608,8388607,8388607,8359551,-8388608,-8388608,-8388608,-8388608,8388607,-8388608,-8388608,-8388608,-8388608,8388607,-8388608,-8388608,8388607,-8388608,8388607,-8388608
42627491,-8388608,8388607,-8388608,8388607,-8388608,-8388608,-8353664,38527,8388607,8388607,-8388608,8388607,-8388608,8388607,8388607,8359551,-8388608,-8388608,-8388608,-8388608,8388607,-8388608,-8388608,-8388608,-8388608,8388607,-8388608,-8388608,8388607,-8388608,8388607,-8388608
42629475,-8388608,8388607,-8388608,8388607,-8388608,-8388608,-8388608,8388607,8359551,-27264,42623,-18304,53119,-10369,-6273,8388607,-8388608,-8388480,39296,42623,-18304,51584,54400,57728,-8388608,8388607,-8388608,-8388608,8388607,-8388608,8388607,-8388608
42631460,-8388608,8388607,-8388608,8388607,-8388608,-8388608,-8353664,38527,8388607,8388607,-8388608,8388607,-8388608,8388607,8388607,8388223,-8388608,-8388608,-8388608,-8388608,8388607,-8388608,-8388608,-8388608,-8388608,8388607,-8388608,0,8388607,-8388608,8388607,-8388608
42831859,-8388608,8388607,-8388608,8388607,-8388608,-8388608,-8353664,38527,8388607,8388607,-8388608,8388607,-8388608,8388607,8388607,8388223,-8388608,-8388608,-8388608,-8388608,-8388608,8388607,-8388608,-8388608,-8388608,8388607,-8388608,0,8388607,-8388608,8388607,-8388608
42833844,-8388608,8388607,-8388608,8388607,-8388608,-8388608,-8388608,8388607,8375935,-27264,42623,-18304,53119,-10369,-6273,8388607,-8388608,-8388480,39296,41088,47999,-13952,54400,59263,-8388608,8388607,-8388608,-8388608,8388607,-8388608,8388607,-8388608
43034256,-8388608,8388607,-8388608,8388607,-8388608,-8388608,-8388608,8388607,8388607,-8388608,8388607,-8388608,8388607,8388607,8388607,8388607,-8388608,8358016,38527,-24448,47999,-13952,54400,59263,-8388608,8388607,-8388480,38527,-24448,47999,-13952,56191
43036228,-8388608,8388607,-8388608,8388607,-8388608,-8388608,8161408,38527,8388607,8388607,-8388608,8388607,-8388608,8388607,8388607,8388223,-8388608,8388607,-8388608,8388607,-8388608,8388607,-8388608,-8388608,-8388608,8388607,-8388608,0,8388607,-8388608,8388607,-8388608
43236637,-8388608,8388607,-8388608,8388607,-8388608,8388607,-8388608,8388607,8388607,8388607,-8388608,8388607,8388607,8388607,8388607,-8286593,-8388608,8388607,-8388608,8388607,-8388608,8388607,-8388608,-8388608,-8388608,8388607,-8388608,-8388608,8388607,-8388608,8388607,-8388608
43238612,-8388608,8388607,-8388608,8388607,-8388608,8388607,7374976,38527,8388607,8388607,-8388608,8388607,8388607,8388607,8388607,-8352129,-8388608,8388607,-8388608,8388607,-8388608,8388607,-8388608,-8388608,-8388608,8388607,-8388608,-8388608,8388607,-8388608,8388607,-8388608
43439011,-8388608,8388607,8388607,8388607,-8388608,8388607,7899264,38527,8388607,8388607,-8388608,8388607,8388607,8388607,8388607,-8352129,-8388608,8388607,-8388608,8388607,-8388608,8388607,-8388608,-8388608,-8388608,8388607,-8388608,-8388608,8388607,-8388608,8388607,-8388608
43441000,-8388608,8388607,8388607,8388607,-8388608,8388607,-8388608,8388607,8388607,8388607,-8388608,8388607,8388607,8388607,8388607,-8352129,-8388608,8388607,-8388608,8388607,-8388608,8388607,-8388608,-8388608,-8388608,8388607,-8388608,-8388608,8388607,-8388608,8388607,-8388608
43442979,-8388608,8388607,8388607,8388607,-8388608,8388607,7899264,38527,8388607,8388607,-8388608,8388607,8388607,8388607,8388607,-8352129,-8388608,8388607,-8388608,8388607,-8388608,8388607,-8388608,-8388608,-8388608,8388607,-8388608,-8388608,8388607,-8388608,8388607,-8388608
43643381,-8388608,8388607,8388607,8388607,-8388608,8388607,-8388608,8388607,8388479,-27264,42623,-18561,-12417,-10112,57728,8388607,-8388608,8388604,-8388608,8388607,-8388608,-8388608,-8388608,-8388608,-8388608,8388607,-8388608,-8388608,8388607,-8388608,8388607,8388607
43645363,-8388608,8388607,8388607,8388607,-8388608,8388607,7899264,38527,8388607,8388607,-8388608,8388607,8388607,8388607,-8388608,-8352129,-8388608,8388607,-8388608,8388607,-8388608,-8388608,-8388608,-8388608,-8388608,8388607,-8388608,-8388608,8388607,-8388608,8388607,8388607
43845763,-8388608,8388607,8388607,-8388608,-8388608,8388607,7899264,38527,8388607,8388607,-8388608,8388607,8388607,-8388608,-8388608,-8352129,-8388608,8388607,-8388608,8388607,8388607,-8388608,-8388608,8388607,-8388608,8388607,8388607,-8388608,8388607,8388607,8388607,8388607
43847747,-8388608,8388607,8388607,-8388608,-8388608,8388607,7374976,38527,8388607,8388607,-8388608,8388607,8388607,-8388608,-8388608,-8352129,-8388608,8388607,-8388608,8388607,8388607,-8388608,-8388608,8388607,-8388608,8388607,8388607,-8388608,8388607,8388607,8388607,8388607
43849731,-8388608,8388607,8388607,-8388608,-8388608,8388607,7899264,38527,8388607,8388607,-8388608,8388607,8388607,-8388608,-8388608,-8352129,-8388608,8388607,-8388608,8388607,8388607,-8388608,-8388608,8388607,-8388608,8388607,8388607,-8388608,8388607,8388607,8388607,8388607
44050131,-8388608,8388607,8388607,-8388608,-8388608,8388607,8161408,38527,8388607,8388607,-8388608,8388607,8388607,-8388608,-8388608,-8384897,-8388608,8388607,-8388608,8388607,8388607,-8388608,-8388608,8388607,-8388608,8388607,8388607,0,8388607,8388607,8388607,8388607
44052115,-8388608,8388607,8388607,-8388608,-8388608,8388607,-8388608,8388607,8388479,-27264,42623,-18561,-13952,54400,57728,8388607,-8388608,8388604,-8388608,8388607,8388607,-8388608,-8388608,8388607,-8388608,8388607,8388607,-8388608,8388607,8388607,8388607,8388607
44252516,-8388608,8388607,8388607,-8388608,-8388608,8388607,7340032,8388607,8388607,8388607,-8388608,8388607,8388607,-8388608,-8388608,-8352129,-8388608,8388607,-8388608,8388607,8388607,-8388608,-8388608,8388607,-8388608,8388607,8388607,-8388608,8388607,8388607,8388607,8388607
44254499,-8388608,8388607,8388607,-8388608,-8388608,8388607,7899264,38527,8388607,8388607,-8388608,8388607,8388607,-8388608,-8388608,-8384897,-8388608,8388607,-8388608,8388607,8388607,-8388608,-8388608,8388607,-8388608,8388607,8388607,-8388608,8388607,8388607,8388607,8388607
44454899,-8388608,8388607,8388607,-8388608,-8388608,