38901519,-8388608,-8388608,-8388608,-8388608,-8388608,-8388608,-8388608,-8388608
38933265,-8388608,-8388608,-8388608,-8388608,-8388608,-8388608,-8388608,-8388608
38965012,0,0,0,0,0,0,0,0
38996758,-8388608,-8388608,-8388608,-8388608,-8388608,-8388608,-8388608,-8388608
39028505,-8388608,-8388608,-8388608,-8388608,-8388608,-8388608,-8388608,-8388608
39060251,-8388608,-8388608,-8388608,-8388608,-8388608,-8388608,-8388608,-8388608
39091998,-8388608,-8388608,-8388608,-8388608,-8388608,-8388608,-8388608,-8388608
39123744,-8388608,-8388608,-8388608,-8388608,-8388608,-8388608,-8388608,-8388608
39155491,-8388608,-8388608,-8388608,-8388608,-8388608,-8388608,-8388608,-8388608
39187238,-8388608,-8388608,-8388608,-8388608,-8388608,-8388608,-8388608,-8388608
39218984,-8388608,-8388608,-8388608,-8388608,-8388608,-8388608,-8388608,-8388608
39250730,-8388608,-8388608,-8388608,-8388608,-8388608,-8388608,-8388608,-8388608
39282476,-8388608,-8388608,-8388608,-8388608,-8388608,-8388608,-8388608,-8388608
39314223,-8388608,-8388608,-8388608,-8388608,-8388608,-8388608,-8388608,-8388608
39345969,0,0,0,0,0,0,0,0
39377716,-8388608,-8388608,-8388608,-8388608,-8388608,-8388608,-8388608,-8388608
39409463,-8388608,-8388608,-8388608,-8388608,-8388608,-8388608,-8388608,-8388608
39441209,-8388608,-8388608,-8388608,-8388608,-8388608,-8388608,-8388608,-8388608
39472955,-8388608,-8388608,-8388608,-8388608,-8388608,-8388608,-8388608,-8388608
39504702,-8388608,-8388608,0,0,0,0,0,0
39536449,-8388608,-8388608,-8388608,-8388608,-8388608,-8388608,-8388608,-8388608
39568195,-8388608,-8388608,-8388608,-8388608,-8388608,0,0,0
39599941,-8388608,-8388608,-8388608,-8388608,-8388608,-8388608,-8388608,-8388608
39631688,-8388608,-8388608,-8388608,-8388608,-8388608,-8388608,-8388608,-8388608
39663434,-8388608,-8388608,-8388608,-8388608,-8388608,-8388608,-8388608,-8388608
39695182,-8388608,-8388608,-8388608,-8388608,-8388608,-8388608,-8388608,-8388608
39726927,0,0,0,0,0,-8388608,0,-8388608
39758673,-8388608,-8388608,-8388608,-8388608,-8388608,-8388608,-8388608,-8388608
39790420,-8388608,-8388608,-8388608,-8388608,-8388608,-8388608,-8388608,-8388608
39822166,-8388608,-8388608,-8388608,-8388608,-8388608,-8388608,-8388608,-8388608
39853913,-8388608,-8388608,-8388608,-8388608,-8388608,-8388608,-8388608,-8388608
39885659,0,0,0,0,0,0,0,0
39917406,-8388608,-8388608,-8388608,-8388608,-8388608,-8388608,-8388608,-8388608
39949152,0,0,-8388608,-8388608,-8388608,-8388608,-8388608,-8388608
39980899,-8388608,-8388608,-8388608,-8388608,-8388608,-8388608,-8388608,-8388608
40012646,-8388608,-8388608,-8388608,-8388608,-8388608,-8388608,-8388608,-8388608
40044392,-8388608,-8388608,-8388608,-8388608,-8388608,-8388608,-8388608,-8388608
40076138,-8388608,-8388608,-8388608,-8388608,-8388608,-8388608,-8388608,-8388608
40107885,0,0,-8388608,-8388608,-8388608,-8388608,-8388608,-8388608
40139631,-8388608,-8388608,-8388608,-8388608,-8388608,-8388608,-8388608,-8388608
40171378,-8388608,-8388608,-8388608,-8388608,-8388608,-8388608,-8388608,-8388608
40203124,-8388608,-8388608,-8388608,-8388608,-8388608,-8388608,-8388608,-8388608
40234870,-8388608,-8388608,-8388608,-8388608,-8388608,-8388608,-8388608,-8388608
40266617,0,0,0,0,0,0,0,0
40298363,-8388608,-8388608,-8388608,-8388608,-8388608,-8388608,-8388608,-8388608
40330110,-8388608,-8388608,-8388608,-8388608,-8388608,-8388608,-8388608,-8388608
40361856,-8388608,-8388608,-8388608,-8388608,-8388608,-8388608,-8388608,-8388608
40393603,-8388608,-8388608,-8388608,-8388608,-8388608,-8388608,-8388608,-8388608
40425349,-8388608,-8388608,-8388608,-8388608,-8388608,-8388608,-8388608,-8388608
40457096,-8388608,-8388608,-8388608,-8388608,-8388608,-8388608,-8388608,-8388608
40488842,-8388608,-8388608,-8388608,-8388608,-8388608,-8388608,-8388608,-8388608
40520589,-8388608,-8388608,-8388608,-8388608,-8388608,-8388608,-8388608,-8388608
40552335,-8388608,-8388608,-8388608,-8388608,-8388608,-8388608,-8388608,-8388608
40584082,-8388608,-8388608,-8388608,-8388608,-8388608,-8388608,-8388608,-8388608
40615828,-8388608,-8388608,-8388608,-8388608,-8388608,-8388608,-8388608,-8388608
40647575,0,0,0,0,0,0,0,0
40679321,-8388608,-8388608,-8388608,-8388608,-8388608,-8388608,-8388608,-8388608
40711068,-8388608,-8388608,-8388608,-8388608,-8388608,-8388608,-8388608,-8388608
40742814,-8388608,-8388608,-8388608,-8388608,-8388608,-8388608,-8388608,-8388608
40774561,-8388608,-8388608,-8388608,-8388608,-8388608,-8388608,-8388608,-8388608
40806307,-8388608,-8388608,-8388608,0,0,0,0,0
40838053,-8388608,-8388608,-8388608,-8388608,-8388608,-8388608,-8388608,-8388608
40869800,-8388608,-8388608,-8388608,-8388608,-8388608,-8388608,-8388608,-8388608
40901546,-8388608,-8388608,-8388608,-8388608,-8388608,-8388608,-8388608,-8388608
40933293,-8388608,-8388608,-8388608,-8388608,-8388608,-8388608,-8388608,-8388608
40965039,-8388608,-8388608,-8388608,-8388608,-8388608,-8388608,-8388608,-8388608
40996786,-8388608,-8388608,-8388608,-8388608,-8388608,-8388608,-8388608,-8388608
41028532,0,0,0,0,0,0,0,0
41060279,-8388608,-8388608,-8388608,-8388608,-8388608,-8388608,-8388608,-8388608
41092025,-8388608,-8388608,-8388608,-8388608,-8388608,-8388608,-8388608,-8388608
41123772,-8388608,-8388608,-8388608,-8388608,-8388608,-8388608,-8388608,-8388608
41155518,-8388608,-8388608,-8388608,-8388608,-8388608,-8388608,-8388608,-8388608
41187265,0,0,0,0,0,0,0,0
41219012,-8388608,-8388608,-8388608,-8388608,-8388608,-8388608,-8388608,-8388608
41250758,-8388608,-8388608,-8388608,-8388608,-8388608,0,0,0
41282504,-8388608,-8388608,-8388608,-8388608,-8388608,-8388608,-8388608,-8388608
41314250,-8388608,-8388608,-8388608,-8388608,-8388608,-8388608,-8388608,-8388608
41345997,-8388608,-8388608,-8388608,-8388608,-8388608,-8388608,-8388608,-8388608
41377743,-8388608,-8388608,-8388608,-8388608,-8388608,-8388608,-8388608,-8388608
41409490,0,0,0,0,0,-8388608,0,-8388608
41441236,-8388608,-8388608,-8388608,-8388608,-8388608,-8388608,-8388608,-8388608
41472983,-8388608,-8388608,-8388608,-8388608,-8388608,-8388608,-8388608,-8388608
41504729,-8388608,-8388608,-8388608,-8388608,-8388608,-8388608,-8388608,-8388608
41536476,-8388608,-8388608,-8388608,-8388608,-8388608,-8388608,-8388608,-8388608
41568222,0,0,0,0,0,0,0,0
41599969,-8388608,-8388608,-8388608,-8388608,-8388608,-8388608,-8388608,-8388608
41631715,-8388608,0,0,0,0,0,0,0
41663462,-8388608,-8388608,-8388608,-8388608,-8388608,-8388608,-8388608,-8388608
41695208,-8388608,-8388608,-8388608,-8388608,-8388608,-8388608,-8388608,-8388608
41726955,-8388608,-8388608,-8388608,-8388608,-8388608,-8388608,-8388608,-8388608
41758702,-8388608,-8388608,-8388608,-8388608,-8388608,-8388608,-8388608,-8388608
41790448,0,0,-8388608,-8388608,-8388608,-8388608,-8388608,-8388608
41822194,-8388608,-8388608,-8388608,-8388608,-8388608,-8388608,-8388608,-8388608
41853940,-8388608,-8388608,-8388608,-8388608,-8388608,-8388608,-8388608,-8388608
41885687,-8388608,-8388608,-8388608,-8388608,-8388608,-8388608,-8388608,-8388608
41917434,-8388608,-8388608,-8388608,-8388608,-8388608,-8388608,-8388608,-8388608
41949181,0,0,0,0,0,0,0,0
41980926,-8388608,-8388608,-8388608,-8388608,-8388608,-8388608,-8388608,-8388608
42012673,0,0,-8388608,-8388608,-8388608,-8388608,-8388608,-8388608
42044419,-8388608,-8388608,-8388608,-8388608,-8388608,-8388608,-8388608,-8388608
42076166,-8388608,-8388608,-8388608,-8388608,-8388608,-8388608,-8388608,-8388608
42107912,-8388608,-8388608,-8388608,-8388608,-8388608,-8388608,-8388608,0
42139659,-8388608,-8388608,-8388608,-8388608,-8388608,-8388608,-8388608,-8388608
42171405,-8388608,-8388608,-8388608,-8388608,-8388608,-8388608,-8388608,-8388608
42203152,-8388608,-8388608,-8388608,-8388608,-8388608,-8388608,-8388608,-8388608
42234898,-8388608,-8388608,-8388608,-8388608,-8388608,-8388608,-8388608,-8388608
42266645,-8388608,-8388608,-8388608,-8388608,-8388608,-8388608,-8388608,-8388608
42298391,-8388608,-8388608,-8388608,-8388608,-8388608,-8388608,-8388608,-8388608
42330137,0,0,0,0,0,0,0,0
42361885,-8388608,-8388608,-8388608,-8388608,-8388608,-8388608,-8388608,-8388608
42393630,-8388608,-8388608,-8388608,-8388608,-8388608,-8388608,-8388608,-8388608
42425377,-8388608,-8388608,-8388608,-8388608,-8388608,-8388608,-8388608,-8388608
42457123,-8388608,-8388608,-8388608,-8388608,-8388608,-8388608,-8388608,-8388608
42488870,0,0,0,0,0,0,0,0
42520616,-8388608,-8388608,-8388608,-8388608,-8388608,-8388608,-8388608,-8388608
42552363,-8388608,-8388608,-8388608,-8388608,-8388608,-8388608,-8388608,-8388608
42584109,-8388608,-8388608,-8388608,-8388608,-8388608,-8388608,-8388608,-8388608
42615856,-8388608,-8388608,-8388608,-8388608,-8388608,-8388608,-8388608,-8388608
42647602,-8388608,-8388608,-8388608,-8388608,-8388608,-8388608,-8388608,-8388608
42679349,-8388608,-8388608,-8388608,-8388608,-8388608,-8388608,-8388608,-8388608
42711096,0,0,0,0,0,0,0,0
42742842,-8388608,-8388608,-8388608,-8388608,-8388608,-8388608,-8388608,-8388608
42774588,-8388608,-8388608,-8388608,-8388608,-8388608,-8388608,-8388608,-8388608
42806335,-8388608,-8388608,-8388608,-8388608,-8388608,-8388608,-8388608,-8388608
42838081,-8388608,-8388608,-8388608,-8388608,-8388608,-8388608,-8388608,-8388608
42869827,0,0,0,0,0,0,0,0
42901574,-8388608,-8388608,-8388608,-8388608,-8388608,-8388608,-8388608,-8388608
42933320,-8388608,-8388608,-8388608,-8388608,-8388608,-8388608,-8388608,-8388608
42965067,-8388608,-8388608,-8388608,-8388608,-8388608,-8388608,-8388608,-8388608
42996814,-8388608,-8388608,-8388608,-8388608,-8388608,-8388608,-8388608,-8388608
43028560,-8388608,-8388608,-8388608,-8388608,-8388608,-8388608,-8388608,-8388608
43060306,-8388608,-8388608,-8388608,-8388608,-8388608,-8388608,-8388608,-8388608
43092053,0,0,0,0,0,0,0,0
43123799,-8388608,-8388608,-8388608,-8388608,-8388608,-8388608,-8388608,-8388608
43155546,-8388608,-8388608,-8388608,-8388608,-8388608,-8388608,-8388608,-8388608
43187293,-8388608,-8388608,-8388608,-8388608,-8388608,-8388608,-8388608,-8388608
43219039,-8388608,-8388608,-8388608,-8388608,-8388608,-8388608,-8388608,-8388608
43250785,0,0,0,0,0,0,0,0
43282532,-8388608,-8388608,-8388608,-8388608,-8388608,-8388608,-8388608,-8388608
43314278,-8388608,-8388608,0,0,0,0,0,0
43346024,-8388608,-8388608,-8388608,-8388608,-8388608,-8388608,-8388608,-8388608
43377771,-8388608,-8388608,-8388608,-8388608,-8388608,-8388608,-8388608,-8388608
43409517,-8388608,-8388608,-8388608,-8388608,-8388608,-8388608,-8388608,-8388608
43441264,-8388608,-8388608,-8388608,-8388608,-8388608,-8388608,-8388608,-8388608
43473011,0,0,-8388608,0,-8388608,-8388608,-8388608,-8388608
43504757,-8388608,-8388608,-8388608,-8388608,-8388608,-8388608,-8388608,-8388608
43536504,-8388608,-8388608,-8388608,-8388608,-8388608,-8388608,-8388608,-8388608
43568251,-8388608,-8388608,-8388608,-8388608,-8388608,-8388608,-8388608,-8388608
43599996,-8388608,-8388608,-8388608,-8388608,-8388608,-8388608,-8388608,-8388608
43631743,0,0,0,0,0,0,0,0
43663489,-8388608,-8388608,-8388608,-8388608,-8388608,-8388608,-8388608,-8388608
43695236,-8388608,-8388608,-8388608,-8388608,-8388608,-8388608,-8388608,-8388608
43726983,-8388608,-8388608,-8388608,-8388608,-8388608,-8388608,-8388608,-8388608
43758729,-8388608,-8388608,-8388608,-8388608,-8388608,-8388608,-8388608,-8388608
43790475,-8388608,-8388608,-8388608,-8388608,-8388608,-8388608,-8388608,0
43822222,-8388608,-8388608,-8388608,-8388608,-8388608,-8388608,-8388608,-8388608
43853968,-8388608,-8388608,-8388608,-8388608,-8388608,0,-8388608,-8388608
43885714,-8388608,-8388608,-8388608,-8388608,-8388608,-8388608,-8388608,-8388608
43917461,-8388608,-8388608,-8388608,-8388608,-8388608,-8388608,-8388608,-8388608
43949208,-8388608,-8388608,-8388608,-8388608,-8388608,-8388608,-8388608,-8388608
43980954,-8388608,-8388608,-8388608,-8388608,-8388608,-8388608,-8388608,-8388608
44012700,0,0,0,0,0,0,0,0
44044447,-8388608,-8388608,-8388608,-8388608,-8388608,-8388608,-8388608,-8388608
44076193,-8388608,-8388608,-8388608,-8388608,-8388608,-8388608,-8388608,-8388608
44107940,-8388608,-8388608,0,0,-8388608,-8388608,-8388608,-8388608
44139686,-8388608,-8388608,-8388608,-8388608,-8388608,-8388608,-8388608,-8388608
44171433,0,0,0,0,0,0,0,0
44203180,-8388608,-8388608,-8388608,-8388608,-8388608,-8388608,-8388608,-8388608
44234926,-8388608,-8388608,-8388608,-8388608,-8388608,-8388608,-8388608,-8388608
44266672,-8388608,-8388608,-8388608,-8388608,-8388608,-8388608,-8388608,-8388608
44298419,-8388608,-8388608,-8388608,-8388608,-8388608,-8388608,-8388608,-8388608
44330165,-8388608,-8388608,-8388608,-8388608,-8388608,-8388608,-8388608,-8388608
44361911,-8388608,-8388608,-8388608,-8388608,-8388608,-8388608,-8388608,-8388608
44393658,0,0,0,0,0,0,0,0
44425404,-8388608,-8388608,-8388608,-8388608,-8388608,-8388608,-8388608,-8388608
44457151,-8388608,-8388608,-8388608,-8388608,-8388608,-8388608,-8388608,-8388608
44488897,-8388608,-8388608,-8388608,-8388608,-8388608,-8388608,-8388608,-8388608
44520644,-8388608,-8388608,-8388608,-8388608,-8388608,-8388608,-8388608,-8388608
44552391,0,0,0,0,0,0,0,0
44584137,-8388608,-8388608,-8388608,-8388608,-8388608,-8388608,-8388608,-8388608
44615883,-8388608,-8388608,-8388608,-8388608,-8388608,-8388608,-8388608,-8388608
44647630,-8388608,-8388608,-8388608,-8388608,-8388608,-8388608,-8388608,-8388608
44679376,-8388608,-8388608,-8388608,-8388608,-8388608,-8388608,-8388608,-8388608
44711124,-8388608,-8388608,-8388608,-8388608,-8388608,-8388608,-8388608,-8388608
44742869,-8388608,-8388608,-8388608,-8388608,-8388608,-8388608,-8388608,-8388608
44774616,0,0,0,0,0,0,0,0
44806362,-8388608,-8388608,-8388608,-8388608,-8388608,-8388608,-8388608,-8388608
44838109,-8388608,-8388608,-8388608,-8388608,-8388608,-8388608,-8388608,-8388608
44869855,-8388608,-8388608,-8388608,-8388608,-8388608,-8388608,-8388608,-8388608
44901601,-8388608,-8388608,-8388608,-8388608,-8388608,-8388608,-8388608,-8388608
44933348,0,0,0,0,0,0,0,0
44965095,-8388608,-8388608,-8388608,-8388608,-8388608,-8388608,-8388608,-8388608
44996841,-8388608,-8388608,0,0,0,0,0,0
45028588,-8388608,-8388608,-8388608,-8388608,-8388608,-8388608,-8388608,-8388608
45060334,-8388608,-8388608,-8388608,-8388608,-8388608,-8388608,-8388608,-8388608
45092080,-8388608,-8388608,-8388608,-8388608,-8388608,-8388608,-8388608,-8388608
45123827,-8388608,-8388608,-8388608,-8388608,-8388608,-8388608,-8388608,-8388608
45155573,0,0,0,0,0,-8388608,-8388608,-8388608
45187320,-8388608,-8388608,-8388608,-8388608,-8388608,-8388608,-8388608,-8388608
45219066,-8388608,-8388608,-8388608,-8388608,-8388608,-8388608,-8388608,-8388608
45250813,-8388608,-8388608,-8388608,-8388608,-8388608,-8388608,-8388608,-8388608
45282559,-8388608,-8388608,-8388608,-8388608,-8388608,-8388608,-8388608,-8388608
45314306,0,0,0,0,0,0,0,0
45346052,-8388608,-8388608,-8388608,-8388608,-8388608,-8388608,-8388608,-8388608
45377800,-8388608,-8388608,-8388608,-8388608,-8388608,-8388608,-8388608,-8388608
45409545,-8388608,-8388608,-8388608,-8388608,0,-8388608,-8388608,-8388608
45441291,-8388608,-8388608,-8388608,-8388608,-8388608,-8388608,-8388608,-8388608
45473038,-8388608,-8388608,-8388608,0,0,0,0,0
45504784,-8388608,-8388608,-8388608,-8388608,-8388608,-8388608,-8388608,-8388608
45536531,-8388608,-8388608,0,-8388608,-8388608,-8388608,-8388608,-8388608
45568279,-8388608,-8388608,-8388608,-8388608,-8388608,-8388608,-8388608,-8388608
45600024,-8388608,-8388608,-8388608,-8388608,-8388608,-8388608,-8388608,-8388608
45631770,-8388608,-8388608,-8388608,-8388608,-8388608,-8388608,-8388608,-8388608
45663517,-8388608,-8388608,-8388608,-8388608,-8388608,-8388608,-8388608,-8388608
45695263,0,0,0,0,0,0,0,0
45727010,-8388608,-8388608,-8388608,-8388608,-8388608,-8388608,-8388608,-8388608
45758757,-8388608,-8388608,-8388608,-8388608,-8388608,-8388608,-8388608,-8388608
45790503,-8388608,-8388608,-8388608,-8388608,-8388608,-8388608,-8388608,-8388608
45822249,-8388608,-8388608,-8388608,-8388608,-8388608,-8388608,-8388608,-8388608
45853996,0,0,0,0,0,0,0,0
45885742,-8388608,-8388608,-8388608,-8388608,-8388608,-8388608,-8388608,-8388608
45917488,-8388608,-8388608,-8388608,-8388608,-8388608,-8388608,-8388608,-8388608
45949235,-8388608,-8388608,-8388608,-8388608,-8388608,-8388608,-8388608,-8388608
45980981,-8388608,-8388608,-8388608,-8388608,-8388608,-8388608,-8388608,-8388608
46012728,-8388608,-8388608,-8388608,-8388608,-8388608,-8388608,-8388608,-8388608
46044475,-8388608,-8388608,-8388608,-8388608,-8388608,-8388608,-8388608,-8388608
46076221,0,0,0,0,0,0,0,0
46107967,-8388608,-8388608,-8388608,-8388608,-8388608,-8388608,-8388608,-8388608
46139714,-8388608,-8388608,-8388608,-8388608,-8388608,-8388608,-8388608,-8388608
46171460,-8388608,-8388608,-8388608,-8388608,-8388608,-8388608,-8388608,-8388608
46203207,-8388608,-8388608,-8388608,-8388608,-8388608,-8388608,-8388608,-8388608
46234953,0,0,0,0,0,0,0,0
46266700,-8388608,-8388608,-8388608,-8388608,-8388608,-8388608,-8388608,-8388608
46298446,-8388608,-8388608,0,0,0,0,0,0
46330193,-8388608,-8388608,-8388608,-8388608,-8388608,-8388608,-8388608,-8388608
46361940,-8388608,-8388608,-8388608,-8388608,-8388608,-8388608,-8388608,-8388608
46393686,-8388608,-8388608,-8388608,-8388608,-8388608,-8388608,-8388608,-8388608
46425433,-8388608,-8388608,-8388608,-8388608,-8388608,-8388608,-8388608,-8388608
46457178,0,0,0,0,-8388608,-8388608,-8388608,-8388608
46488925,-8388608,-8388608,-8388608,-8388608,-8388608,-8388608,-8388608,-8388608
46520671,-8388608,-8388608,-8388608,-8388608,-8388608,-8388608,-8388608,-8388608
46552418,-8388608,-8388608,-8388608,-8388608,-8388608,-8388608,-8388608,-8388608
46584164,-8388608,-8388608,-8388608,-8388608,-8388608,-8388608,-8388608,-8388608
46615911,0,0,0,0,0,0,0,0
46647657,-8388608,-8388608,-8388608,-8388608,-8388608,-8388608,-8388608,-8388608
46679404,-8388608,-8388608,-8388608,-8388608,-8388608,-8388608,-8388608,-8388608
46711150,-8388608,0,-8388608,-8388608,-8388608,-8388608,-8388608,-8388608
46742897,-8388608,-8388608,-8388608,-8388608,-8388608,-8388608,-8388608,-8388608
46774644,0,0,0,0,0,0,0,0
46806390,-8388608,-8388608,-8388608,-8388608,-8388608,-8388608,-8388608,-8388608
46838136,-8388608,-8388608,-8388608,-8388608,-8388608,-8388608,-8388608,-8388608
46869883,-8388608,-8388608,-8388608,-8388608,-8388608,-8388608,-8388608,-8388608
46901630,-8388608,-8388608,-8388608,-8388608,-8388608,-8388608,-8388608,-8388608
46933376,-8388608,-8388608,-8388608,-8388608,-8388608,-8388608,-8388608,-8388608
46965122,-8388608,-8388608,-8388608,-8388608,-8388608,-8388608,-8388608,-8388608
46996868,0,0,0,0,0,0,0,0
47028615,-8388608,-8388608,-8388608,-8388608,-8388608,-8388608,-8388608,-8388608
47060361,-8388608,-8388608,-8388608,-8388608,-8388608,-8388608,-8388608,-8388608
47092108,-8388608,-8388608,-8388608,-8388608,-8388608,-8388608,-8388608,-8388608
47123855,-8388608,-8388608,-8388608,-8388608,-8388608,-8388608,-8388608,-8388608
47155601,0,0,0,0,0,0,0,0
47187348,-8388608,-8388608,-8388608,-8388608,-8388608,-8388608,-8388608,-8388608
47219094,-8388608,-8388608,-8388608,-8388608,-8388608,-8388608,0,0
47250840,-8388608,-8388608,-8388608,-8388608,-8388608,-8388608,-8388608,-8388608
47282587,-8388608,-8388608,-8388608,-8388608,-8388608,-8388608,-8388608,-8388608
47314333,-8388608,-8388608,-8388608,-8388608,-8388608,-8388608,-8388608,-8388608
47346080,-8388608,-8388608,-8388608,-8388608,-8388608,-8388608,-8388608,-8388608
47377826,0,0,0,0,0,0,0,-8388608
47409573,-8388608,-8388608,-8388608,-8388608,-8388608,-8388608,-8388608,-8388608
47441319,-8388608,-8388608,-8388608,-8388608,-8388608,-8388608,-8388608,-8388608
47473065,-8388608,-8388608,-8388608,-8388608,-8388608,-8388608,-8388608,-8388608
47504812,-8388608,-8388608,-8388608,-8388608,-8388608,-8388608,-8388608,-8388608
47536558,0,0,0,0,0,0,0,0
47568305,-8388608,-8388608,-8388608,-8388608,-8388608,-8388608,-8388608,-8388608
47600051,-8388608,-8388608,-8388608,-8388608,-8388608,-8388608,-8388608,-8388608
47631798,-8388608,-8388608,-8388608,-8388608,-8388608,-8388608,-8388608,-8388608
47663544,-8388608,-8388608,-8388608,-8388608,-8388608,-8388608,-8388608,-8388608
47695291,-8388608,-8388608,-8388608,-8388608,0,0,0,-8388608
47727038,-8388608,-8388608,-8388608,-8388608,-8388608,-8388608,-8388608,-8388608
47758784,-8388608,-8388608,-8388608,-8388608,-8388608,-8388608,-8388608,-8388608
47790530,-8388608,-8388608,-8388608,-8388608,-8388608,-8388608,-8388608,-8388608
47822277,-8388608,-8388608,-8388608,-8388608,-8388608,-8388608,-8388608,-8388608
47854023,-8388608,-8388608,-8388608,-8388608,-8388608,-8388608,-8388608,-8388608
47885770,-8388608,-8388608,-8388608,-8388608,-8388608,-8388608,-8388608,-8388608
47917516,0,0,0,0,0,0,0,0
47949263,-8388608,-8388608,-8388608,-8388608,-8388608,-8388608,-8388608,-8388608
47981009,-8388608,-8388608,-8388608,-8388608,-8388608,-8388608,-8388608,-8388608
48012755,-8388608,-8388608,-8388608,-8388608,-8388608,-8388608,-8388608,-8388608
48044502,-8388608,-8388608,-8388608,-8388608,-8388608,-8388608,-8388608,-8388608
48076248,0,0,0,0,0,0,0,0
48107995,-8388608,-8388608,-8388608,-8388608,-8388608,-8388608,-8388608,-8388608
48139741,-8388608,-8388608,-8388608,-8388608,-8388608,-8388608,-8388608,-8388608
48171488,-8388608,-8388608,-8388608,-8388608,-8388608,-8388608,-8388608,-8388608
48203234,-8388608,-8388608,-8388608,-8388608,-8388608,-8388608,-8388608,-8388608
48234981,-8388608,-8388608,-8388608,-8388608,-8388608,-8388608,-8388608,-8388608
48266727,-8388608,-8388608,-8388608,-8388608,-8388608,-8388608,-8388608,-8388608
48298474,0,0,0,0,0,0,0,0
48330220,-8388608,-8388608,-8388608,-8388608,-8388608,-8388608,-8388608,-8388608
48361967,-8388608,-8388608,-8388608,-8388608,-8388608,-8388608,-8388608,-8388608
48393713,-8388608,-8388608,-8388608,-8388608,-8388608,-8388608,-8388608,-8388608
48425460,-8388608,-8388608,-8388608,-8388608,-8388608,-8388608,-8388608,-8388608
48457206,0,0,0,0,0,0,0,0
48488952,-8388608,-8388608,-8388608,-8388608,-8388608,-8388608,-8388608,-8388608
48520699,0,0,-8388608,-8388608,-8388608,-8388608,-8388608,-8388608
48552445,-8388608,0,-8388608,0,-8388608,-8388608,-8388608,-8388608
48584192,-8388608,-8388608,-8388608,-8388608,-8388608,-8388608,-8388608,-8388608
48615938,-8388608,-8388608,0,0,0,0,0,0
48647685,-8388608,-8388608,-8388608,-8388608,-8388608,-8388608,-8388608,-8388608
48679431,-8388608,-8388608,-8388608,-8388608,-8388608,-8388608,-8388608,-8388608
48711178,-8388608,-8388608,-8388608,-8388608,-8388608,-8388608,-8388608,-8388608
48742925,-8388608,-8388608,-8388608,-8388608,-8388608,-8388608,-8388608,-8388608
48774671,-8388608,-8388608,-8388608,-8388608,-8388608,-8388608,-8388608,-8388608
48806417,-8388608,-8388608,-8388608,-8388608,-8388608,-8388608,-8388608,-8388608
48838164,0,0,0,0,0,0,0,0
48869910,-8388608,-8388608,-8388608,-8388608,-8388608,-8388608,-8388608,-8388608
48901658,-8388608,-8388608,-8388608,-8388608,-8388608,-8388608,-8388608,-8388608
48933403,-8388608,-8388608,-8388608,-8388608,-8388608,-8388608,-8388608,-8388608
48965150,-8388608,-8388608,-8388608,-8388608,-8388608,-8388608,-8388608,-8388608
48996896,0,0,0,0,0,0,0,0
49028642,-8388608,-8388608,-8388608,-8388608,-8388608,-8388608,-8388608,-8388608
49060389,-8388608,-8388608,-8388608,-8388608,-8388608,0,0,0
49092135,-8388608,-8388608,-8388608,-8388608,-8388608,-8388608,-8388608,-8388608
49123882,-8388608,-8388608,-8388608,-8388608,-8388608,-8388608,-8388608,-8388608
49155628,-8388608,-8388608,-8388608,-8388608,-8388608,-8388608,-8388608,-8388608
49187375,-8388608,-8388608,-8388608,-8388608,-8388608,-8388608,-8388608,-8388608
49219121,0,0,0,0,0,0,0,-8388608
49250868,-8388608,-8388608,-8388608,-8388608,-8388608,-8388608,-8388608,-8388608
49282614,-8388608,-8388608,-8388608,-8388608,-8388608,-8388608,-8388608,-8388608
49314362,-8388608,-8388608,-8388608,-8388608,-8388608,-8388608,-8388608,-8388608
49346107,-8388608,-8388608,-8388608,-8388608,-8388608,-8388608,-8388608,-8388608
49377854,0,0,0,0,0,0,0,0
49409600,-8388608,-8388608,-8388608,-8388608,-8388608,-8388608,-8388608,-8388608
49441347,-8388608,-8388608,-8388608,-8388608,-8388608,-8388608,-8388608,-8388608
49473093,-8388608,-8388608,-8388608,-8388608,-8388608,-8388608,-8388608,-8388608
49504839,-8388608,-8388608,-8388608,-8388608,-8388608,-8388608,-8388608,-8388608
49536586,0,0,0,0,0,0,0,0
49568332,-8388608,-8388608,-8388608,-8388608,-8388608,-8388608,-8388608,-8388608
49600079,-8388608,-8388608,-8388608,-8388608,-8388608,-8388608,-8388608,-8388608
49631825,-8388608,-8388608,-8388608,-8388608,-8388608,-8388608,-8388608,-8388608
49663572,-8388608,-8388608,-8388608,-8388608,-8388608,-8388608,-8388608,-8388608
49695318,-8388608,-8388608,-8388608,-8388608,-8388608,-8388608,-8388608,-8388608
49727065,-8388608,-8388608,-8388608,-8388608,-8388608,-8388608,-8388608,-8388608
49758812,0,0,0,0,0,0,0,0
49790558,-8388608,-8388608,-8388608,-8388608,-8388608,-8388608,-8388608,-8388608
49822304,-8388608,-8388608,-8388608,-8388608,-8388608,-8388608,-8388608,-8388608
49854052,-8388608,-8388608,-8388608,-8388608,-8388608,-8388608,-8388608,-8388608
49885797,-8388608,-8388608,-8388608,-8388608,-8388608,-8388608,-8388608,-8388608
49917545,0,0,0,0,0,0,0,0
49949291,-8388608,-8388608,-8388608,-8388608,-8388608,-8388608,-8388608,-8388608
49981037,-8388608,-8388608,0,0,0,0,0,0
50012783,-8388608,-8388608,-8388608,-8388608,-8388608,-8388608,-8388608,-8388608
50044529,-8388608,-8388608,-8388608,-8388608,-8388608,-8388608,-8388608,-8388608
50076276,-8388608,-8388608,-8388608,-8388608,-8388608,-8388608,-8388608,-8388608
50108022,-8388608,-8388608,-8388608,-8388608,-8388608,-8388608,-8388608,-8388608
50139769,0,0,0,-8388608,-8388608,-8388608,0,-8388608
50171515,-8388608,-8388608,-8388608,-8388608,-8388608,-8388608,-8388608,-8388608
50203262,-8388608,-8388608,-8388608,-8388608,-8388608,-8388608,-8388608,-8388608
50235008,-8388608,-8388608,-8388608,-8388608,-8388608,-8388608,-8388608,-8388608
50266755,-8388608,-8388608,-8388608,-8388608,-8388608,-8388608,-8388608,-8388608
50298501,0,0,0,0,0,0,0,0
50330248,-8388608,-8388608,-8388608,-8388608,-8388608,-8388608,-8388608,-8388608
50361994,-8388608,-8388608,-8388608,-8388608,-8388608,-8388608,-8388608,-8388608
50393741,-8388608,-8388608,-8388608,-8388608,-8388608,-8388608,-8388608,-8388608
50425487,-8388608,-8388608,-8388608,-8388608,-8388608,-8388608,-8388608,-8388608
50457234,0,0,0,0,0,0,0,0
50488980,-8388608,-8388608,-8388608,-8388608,-8388608,-8388608,-8388608,-8388608
50520726,-8388608,-8388608,-8388608,-8388608,-8388608,-8388608,-8388608,-8388608
50552473,-8388608,-8388608,-8388608,-8388608,-8388608,-8388608,-8388608,-8388608
50584219,-8388608,-8388608,-8388608,-8388608,-8388608,-8388608,-8388608,-8388608
50615966,-8388608,-8388608,-8388608,-8388608,-8388608,-8388608,-8388608,-8388608
50647712,-8388608,-8388608,-8388608,-8388608,-8388608,-8388608,-8388608,-8388608
50679459,0,0,0,0,0,0,0,0
50711205,-8388608,-8388608,-8388608,-8388608,-8388608,-8388608,-8388608,-8388608
50742952,-8388608,-8388608,-8388608,-8388608,-8388608,-8388608,-8388608,-8388608
50774698,-8388608,-8388608,-8388608,-8388608,-8388608,-8388608,-8388608,-8388608
50806445,-8388608,-8388608,-8388608,-8388608,-8388608,-8388608,-8388608,-8388608
50838191,0,0,0,0,0,0,0,0
50869938,-8388608,-8388608,-8388608,-8388608,-8388608,-8388608,-8388608,-8388608
50901684,0,0,0,0,0,0,0,0
50933431,-8388608,-8388608,-8388608,-8388608,-8388608,-8388608,-8388608,-8388608
50965177,-8388608,-8388608,-8388608,-8388608,-8388608,-8388608,-8388608,-8388608
50996924,-8388608,-8388608,-8388608,-8388608,-8388608,-8388608,-8388608,0
51028670,-8388608,-8388608,-8388608,-8388608,-8388608,-8388608,-8388608,-8388608
51060416,-8388608,-8388608,-8388608,0,-8388608,-8388608,-8388608,-8388608
51092163,-8388608,-8388608,-8388608,-8388608,-8388608,-8388608,-8388608,-8388608
51123909,-8388608,-8388608,-8388608,-8388608,-8388608,-8388608,-8388608,-8388608
51155657,-8388608,-8388608,-8388608,-8388608,-8388608,-8388608,-8388608,-8388608
51187403,-8388608,-8388608,-8388608,-8388608,-8388608,-8388608,-8388608,-8388608
51219149,0,0,0,0,0,0,0,0
51250895,-8388608,-8388608,-8388608,-8388608,-8388608,-8388608,-8388608,-8388608
51282642,-8388608,-8388608,-8388608,-8388608,-8388608,-8388608,-8388608,-8388608
51314388,-8388608,-8388608,-8388608,-8388608,-8388608,-8388608,-8388608,-8388608
51346135,-8388608,-8388608,-8388608,-8388608,-8388608,-8388608,-8388608,-8388608
51377881,0,0,0,0,0,0,0,0
51409628,-8388608,-8388608,-8388608,-8388608,-8388608,-8388608,-8388608,-8388608
51441374,-8388608,-8388608,-8388608,-8388608,-8388608,-8388608,-8388608,-8388608
51473121,-8388608,-8388608,-8388608,-8388608,-8388608,-8388608,-8388608,-8388608
51504867,-8388608,-8388608,-8388608,-8388608,-8388608,-8388608,-8388608,-8388608
51536613,0,0,0,0,0,0,0,0
51568360,-8388608,-8388608,-8388608,-8388608,-8388608,-8388608,-8388608,-8388608
51600106,-8388608,-8388608,-8388608,-8388608,-8388608,-8388608,-8388608,-8388608
51631853,-8388608,-8388608,-8388608,-8388608,-8388608,-8388608,-8388608,-8388608
51663599,-8388608,-8388608,-8388608,-8388608,-8388608,-8388608,-8388608,-8388608
51695346,0,0,0,0,0,0,0,0
51727092,-8388608,-8388608,-8388608,-8388608,-8388608,-8388608,-8388608,-8388608
51758839,0,0,0,0,0,0,0,0
51790585,-8388608,-8388608,-8388608,-8388608,-8388608,-8388608,-8388608,-8388608
51822332,-8388608,-8388608,-8388608,-8388608,-8388608,-8388608,-8388608,-8388608
51854078,0,-8388608,0,0,-8388608,-8388608,-8388608,-8388608
51885825,-8388608,-8388608,-8388608,-8388608,-8388608,-8388608,-8388608,-8388608
51917571,-8388608,-8388608,0,0,0,0,0,0
51949318,-8388608,-8388608,-8388608,-8388608,-8388608,-8388608,-8388608,-8388608
51981065,0,0,-8388608,-8388608,-8388608,-8388608,-8388608,-8388608
52012811,-8388608,-8388608,-8388608,-8388608,-8388608,-8388608,-8388608,-8388608
52044558,-8388608,-8388608,-8388608,-8388608,-8388608,-8388608,-8388608,-8388608
52076304,-8388608,-8388608,-8388608,-8388608,-8388608,-8388608,-8388608,-8388608
52108050,-8388608,-8388608,-8388608,-8388608,-8388608,-8388608,-8388608,-8388608
52139796,0,0,0,0,0,0,0,0
52171544,-8388608,-8388608,-8388608,-8388608,-8388608,-8388608,-8388608,-8388608
52203289,-8388608,-8388608,-8388608,-8388608,-8388608,-8388608,-8388608,-8388608
52235036,-8388608,-8388608,-8388608,-8388608,-8388608,-8388608,-8388608,-8388608
52266782,-8388608,-8388608,-8388608,-8388608,-8388608,-8388608,-8388608,-8388608
52298529,0,0,0,0,0,0,0,0
52330275,-8388608,-8388608,-8388608,-8388608,-8388608,-8388608,-8388608,-8388608
52362022,-8388608,-8388608,-8388608,-8388608,-8388608,-8388608,0,0
52393768,-8388608,-8388608,-8388608,-8388608,-8388608,-8388608,-8388608,-8388608
52425516,-8388608,-8388608,-8388608,-8388608,-8388608,-8388608,-8388608,-8388608
52457261,-8388608,-8388608,-8388608,-8388608,-8388608,-8388608,-8388608,-8388608
52489008,-8388608,-8388608,-8388608,-8388608,-8388608,-8388608,-8388608,-8388608
52520754,0,0,0,0,0,-8388608,0,-8388608
52552501,-8388608,-8388608,-8388608,-8388608,-8388608,-8388608,-8388608,-8388608
52584247,-8388608,-8388608,-8388608,-8388608,-8388608,-8388608,-8388608,-8388608
52615993,-8388608,-8388608,-8388608,-8388608,-8388608,-8388608,-8388608,-8388608
52647740,-8388608,-8388608,-8388608,-8388608,-8388608,-8388608,-8388608,-8388608
52679487,0,0,0,0,0,0,0,0
52711233,-8388608,-8388608,-8388608,-8388608,-8388608,-8388608,-8388608,-8388608
52742979,-8388608,-8388608,-8388608,-8388608,-8388608,-8388608,-8388608,-8388608
52774726,-8388608,-8388608,-8388608,-8388608,-8388608,-8388608,-8388608,-8388608
52806472,-8388608,-8388608,-8388608,-8388608,-8388608,-8388608,-8388608,-8388608
52838219,-8388608,0,0,0,0,0,0,0
52869965,-8388608,-8388608,-8388608,-8388608,-8388608,-8388608,-8388608,-8388608
52901712,0,-8388608,-8388608,-8388608,-8388608,-8388608,-8388608,-8388608
52933458,-8388608,-8388608,-8388608,-8388608,-8388608,-8388608,-8388608,-8388608
52965205,-8388608,-8388608,-8388608,-8388608,-8388608,-8388608,-8388608,-8388608
52996951,-8388608,-8388608,-8388608,-8388608,-8388608,-8388608,-8388608,-8388608
53028698,-8388608,-8388608,-8388608,-8388608,-8388608,-8388608,-8388608,-8388608
53060444,0,0,0,0,0,0,0,0
53092191,-8388608,-8388608,-8388608,-8388608,-8388608,-8388608,-8388608,-8388608
53123937,-8388608,-8388608,-8388608,-8388608,-8388608,-8388608,-8388608,-8388608
53155683,-8388608,-8388608,-8388608,-8388608,-8388608,-8388608,-8388608,-8388608
53187430,-8388608,-8388608,-8388608,-8388608,-8388608,-8388608,-8388608,-8388608
53219176,0,0,0,0,0,0,0,0
53250923,-8388608,-8388608,-8388608,-8388608,-8388608,-8388608,-8388608,-8388608
53282669,-8388608,-8388608,-8388608,0,0,0,0,0
53314416,-8388608,-8388608,-8388608,-8388608,-8388608,-8388608,-8388608,-8388608
53346163,-8388608,-8388608,-8388608,-8388608,-8388608,-8388608,-8388608,-8388608
53377909,-8388608,-8388608,-8388608,-8388608,-8388608,-8388608,-8388608,-8388608
53409655,-8388608,-8388608,-8388608,-8388608,-8388608,-8388608,-8388608,-8388608
53441402,0,0,0,0,-8388608,-8388608,-8388608,-8388608
53473148,-8388608,-8388608,-8388608,-8388608,-8388608,-8388608,-8388608,-8388608
53504895,-8388608,-8388608,-8388608,-8388608,-8388608,-8388608,-8388608,-8388608
53536641,-8388608,-8388608,-8388608,-8388608,-8388608,-8388608,-8388608,-8388608
53568387,-8388608,-8388608,-8388608,-8388608,-8388608,-8388608,-8388608,-8388608
53600134,0,0,0,0,0,0,0,0
53631880,-8388608,-8388608,-8388608,-8388608,-8388608,-8388608,-8388608,-8388608
53663627,-8388608,-8388608,-8388608,-8388608,-8388608,-8388608,-8388608,-8388608
53695374,-8388608,-8388608,-8388608,-8388608,-8388608,-8388608,-8388608,-8388608
53727120,-8388608,-8388608,-8388608,-8388608,-8388608,-8388608,-8388608,-8388608
53758866,-8388608,-8388608,0,0,0,0,0,0
53790613,-8388608,-8388608,-8388608,-8388608,-8388608,-8388608,-8388608,-8388608
53822359,-8388608,-8388608,-8388608,-8388608,-8388608,-8388608,-8388608,-8388608
53854106,-8388608,-8388608,-8388608,-8388608,-8388608,-8388608,-8388608,-8388608
53885852,-8388608,-8388608,-8388608,-8388608,-8388608,-8388608,-8388608,-8388608
53917599,-8388608,-8388608,-8388608,-8388608,-8388608,-8388608,-8388608,-8388608
53949345,-8388608,-8388608,-8388608,-8388608,-8388608,-8388608,-8388608,-8388608
53981092,0,0,0,0,0,0,0,0
54012838,-8388608,-8388608,-8388608,-8388608,-8388608,-8388608,-8388608,-8388608
54044584,-8388608,-8388608,-8388608,-8388608,-8388608,-8388608,-8388608,-8388608
54076331,-8388608,-8388608,-8388608,-8388608,-8388608,-8388608,-8388608,-8388608
54108077,-8388608,-8388608,-8388608,-8388608,-8388608,-8388608,-8388608,-8388608
54139824,0,0,0,0,0,0,0,0
54171571,-8388608,-8388608,-8388608,-8388608,-8388608,-8388608,-8388608,-8388608
54203317,-8388608,-8388608,0,0,0,0,0,0
54235063,-8388608,-8388608,-8388608,-8388608,-8388608,-8388608,-8388608,-8388608
54266810,-8388608,-8388608,-8388608,-8388608,-8388608,-8388608,-8388608,-8388608
54298556,-8388608,-8388608,-8388608,-8388608,-8388608,-8388608,-8388608,-8388608
54330303,-8388608,-8388608,-8388608,-8388608,-8388608,-8388608,-8388608,-8388608
54362049,0,0,0,0,0,-8388608,-8388608,-8388608
54393796,-8388608,-8388608,-8388608,-8388608,-8388608,-8388608,-8388608,-8388608
54425542,-8388608,-8388608,-8388608,-8388608,-8388608,-8388608,-8388608,-8388608
54457289,-8388608,-8388608,-8388608,-8388608,-8388608,-8388608,-8388608,-8388608
54489035,-8388608,-8388608,-8388608,-8388608,-8388608,-8388608,-8388608,-8388608
54520782,0,0,0,0,0,0,0,0
54552528,-8388608,-8388608,-8388608,-8388608,-8388608,-8388608,-8388608,-8388608
54584274,-8388608,-8388608,-8388608,-8388608,-8388608,-8388608,-8388608,-8388608
54616022,-8388608,-8388608,-8388608,-8388608,-8388608,-8388608,-8388608,-8388608
54647767,-8388608,-8388608,-8388608,-8388608,-8388608,-8388608,-8388608,-8388608
54679514,0,0,0,0,0,0,0,0
54711260,-8388608,-8388608,-8388608,-8388608,-8388608,-8388608,-8388608,-8388608
54743008,-8388608,-8388608,-8388608,-8388608,-8388608,-8388608,-8388608,-8388608
54774753,-8388608,-8388608,-8388608,-8388608,-8388608,-8388608,-8388608,-8388608
54806500,-8388608,-8388608,-8388608,-8388608,-8388608,-8388608,-8388608,-8388608
54838246,-8388608,-8388608,-8388608,-8388608,-8388608,-8388608,-8388608,-8388608
54869993,-8388608,-8388608,-8388608,-8388608,-8388608,-8388608,-8388608,-8388608
54901739,0,0,0,0,0,0,0,0
54933486,-8388608,-8388608,-8388608,-8388608,-8388608,-8388608,-8388608,-8388608
54965232,-8388608,-8388608,-8388608,-8388608,-8388608,-8388608,-8388608,-8388608
54996979,-8388608,-8388608,-8388608,-8388608,-8388608,-8388608,-8388608,-8388608
55028725,-8388608,-8388608,-8388608,-8388608,-8388608,-8388608,-8388608,-8388608
55060472,0,0,0,0,0,0,0,0
55092218,-8388608,-8388608,-8388608,-8388608,-8388608,-8388608,-8388608,-8388608
55123964,0,0,0,0,0,0,0,0
55155711,-8388608,-8388608,-8388608,-8388608,-8388608,-8388608,-8388608,-8388608
55187457,-8388608,-8388608,-8388608,-8388608,-8388608,-8388608,-8388608,-8388608
55219205,-8388608,-8388608,-8388608,-8388608,-8388608,-8388608,-8388608,-8388608
55250951,-8388608,-8388608,-8388608,-8388608,-8388608,-8388608,-8388608,-8388608
55282698,0,-8388608,-8388608,-8388608,-8388608,-8388608,-8388608,-8388608
55314444,-8388608,-8388608,-8388608,-8388608,-8388608,-8388608,-8388608,-8388608
55346190,-8388608,-8388608,-8388608,-8388608,-8388608,-8388608,-8388608,-8388608
55377937,-8388608,-8388608,-8388608,-8388608,-8388608,-8388608,-8388608,-8388608
55409683,-8388608,-8388608,-8388608,-8388608,-8388608,-8388608,-8388608,-8388608
55441429,0,0,0,0,0,0,0,0
55473176,-8388608,-8388608,-8388608,-8388608,-8388608,-8388608,-8388608,-8388608
55504923,-8388608,-8388608,-8388608,-8388608,-8388608,-8388608,-8388608,-8388608
55536669,-8388608,-8388608,-8388608,-8388608,-8388608,-8388608,-8388608,-8388608
55568415,-8388608,-8388608,-8388608,-8388608,-8388608,-8388608,-8388608,-8388608
55600161,0,0,0,0,0,0,0,0
55631908,-8388608,-8388608,-8388608,-8388608,-8388608,-8388608,-8388608,-8388608
55663654,-8388608,-8388608,-8388608,-8388608,-8388608,-8388608,-8388608,-8388608
55695401,-8388608,-8388608,-8388608,-8388608,-8388608,-8388608,-8388608,-8388608
55727147,-8388608,-8388608,-8388608,-8388608,-8388608,-8388608,-8388608,-8388608
55758894,-8388608,-8388608,-8388608,-8388608,-8388608,-8388608,-8388608,-8388608
55790640,-8388608,-8388608,-8388608,-8388608,-8388608,-8388608,-8388608,-8388608
55822387,0,0,0,0,0,-8388608,-8388608,-8388608
55854134,-8388608,-8388608,-8388608,-8388608,-8388608,-8388608,-8388608,-8388608
55885880,-8388608,-8388608,-8388608,-8388608,-8388608,-8388608,-8388608,-8388608
55917626,-8388608,-8388608,-8388608,-8388608,-8388608,-8388608,-8388608,-8388608
55949373,-8388608,-8388608,-8388608,-8388608,-8388608,-8388608,-8388608,-8388608
55981119,0,0,0,0,0,0,0,0
56012866,-8388608,-8388608,-8388608,-8388608,-8388608,-8388608,-8388608,-8388608
56044612,0,0,0,0,0,0,0,0
56076359,-8388608,-8388608,-8388608,-8388608,-8388608,-8388608,-8388608,-8388608
56108105,-8388608,-8388608,-8388608,-8388608,-8388608,-8388608,-8388608,-8388608
56139851,-8388608,-8388608,0,0,0,0,0,0
56171598,-8388608,-8388608,-8388608,-8388608,-8388608,-8388608,-8388608,-8388608
56203344,-8388608,-8388608,-8388608,-8388608,-8388608,-8388608,-8388608,-8388608
56235091,-8388608,-8388608,-8388608,-8388608,-8388608,-8388608,-8388608,-8388608
56266837,-8388608,-8388608,-8388608,-8388608,-8388608,-8388608,-8388608,-8388608
56298584,-8388608,-8388608,-8388608,-8388608,-8388608,-8388608,-8388608,-8388608
56330330,-8388608,-8388608,-8388608,-8388608,-8388608,-8388608,-8388608,-8388608
56362077,0,0,0,0,0,0,0,0
56393823,-8388608,-8388608,-8388608,-8388608,-8388608,-8388608,-8388608,-8388608
56425570,-8388608,-8388608,-8388608,-8388608,-8388608,-8388608,-8388608,-8388608
56457316,-8388608,-8388608,-8388608,-8388608,-8388608,-8388608,-8388608,-8388608
56489063,-8388608,-8388608,-8388608,-8388608,-8388608,-8388608,-8388608,-8388608
56520809,0,0,0,0,0,0,0,0
56552556,-8388608,-8388608,-8388608,-8388608,-8388608,-8388608,-8388608,-8388608
56584302,-8388608,-8388608,-8388608,0,0,0,0,0
56616048,-8388608,-8388608,-8388608,-8388608,-8388608,-8388608,-8388608,0
56647795,-8388608,-8388608,-8388608,-8388608,-8388608,-8388608,-8388608,-8388608
56679541,-8388608,-8388608,-8388608,-8388608,-8388608,-8388608,-8388608,-8388608
56711288,-8388608,-8388608,-8388608,-8388608,-8388608,-8388608,-8388608,-8388608
56743034,0,-8388608,0,-8388608,-8388608,0,-8388608,-8388608
56774781,-8388608,-8388608,-8388608,-8388608,-8388608,-8388608,-8388608,-8388608
56806527,-8388608,-8388608,-8388608,-8388608,-8388608,-8388608,-8388608,-8388608
56838274,-8388608,-8388608,-8388608,-8388608,-8388608,-8388608,-8388608,-8388608
56870020,-8388608,-8388608,-8388608,-8388608,-8388608,-8388608,-8388608,-8388608
56901767,0,0,0,0,0,0,0,0
56933513,-8388608,-8388608,-8388608,-8388608,-8388608,-8388608,-8388608,-8388608
56965260,-8388608,-8388608,-8388608,-8388608,-8388608,-8388608,-8388608,-8388608
56997006,-8388608,-8388608,-8388608,-8388608,-8388608,-8388608,-8388608,-8388608
57028753,-8388608,-8388608,-8388608,-8388608,-8388608,-8388608,-8388608,-8388608
57060499,0,0,0,0,0,0,0,0
57092246,-8388608,-8388608,-8388608,-8388608,-8388608,-8388608,-8388608,-8388608
57123992,-8388608,-8388608,-8388608,-8388608,-8388608,-8388608,-8388608,-8388608
57155738,-8388608,-8388608,-8388608,-8388608,-8388608,-8388608,-8388608,-8388608
57187485,-8388608,-8388608,-8388608,-8388608,-8388608,-8388608,-8388608,-8388608
57219232,-8388608,-8388608,-8388608,-8388608,-8388608,-8388608,-8388608,-8388608
57250978,-8388608,-8388608,-8388608,-8388608,-8388608,-8388608,-8388608,-8388608
57282724,0,0,0,0,-8388608,0,0,-8388608
57314471,-8388608,-8388608,-8388608,-8388608,-8388608,-8388608,-8388608,-8388608
57346218,-8388608,-8388608,-8388608,-8388608,-8388608,-8388608,-8388608,-8388608
57377964,-8388608,-8388608,-8388608,-8388608,-8388608,-8388608,-8388608,-8388608
57409710,-8388608,-8388608,-8388608,-8388608,-8388608,-8388608,-8388608,-8388608
57441457,0,0,0,0,0,0,0,0
57473203,-8388608,-8388608,-8388608,-8388608,-8388608,-8388608,-8388608,-8388608
57504950,-8388608,-8388608,-8388608,-8388608,-8388608,-8388608,-8388608,-8388608
57536696,-8388608,-8388608,-8388608,-8388608,-8388608,-8388608,-8388608,-8388608
57568443,-8388608,-8388608,-8388608,-8388608,-8388608,-8388608,-8388608,-8388608
57600189,0,0,0,0,0,0,0,0
57631935,-8388608,-8388608,-8388608,-8388608,-8388608,-8388608,-8388608,-8388608
57663682,-8388608,-8388608,-8388608,-8388608,-8388608,-8388608,-8388608,-8388608
57695428,-8388608,-8388608,-8388608,-8388608,-8388608,-8388608,-8388608,-8388608
57727175,-8388608,-8388608,-8388608,-8388608,-8388608,-8388608,-8388608,-8388608
57758921,-8388608,-8388608,-8388608,-8388608,-8388608,-8388608,-8388608,-8388608
57790668,-8388608,-8388608,-8388608,-8388608,-8388608,-8388608,-8388608,-8388608
57822414,0,0,0,0,0,-8388608,-8388608,-8388608
57854161,-8388608,-8388608,-8388608,-8388608,-8388608,-8388608,-8388608,-8388608
57885907,-8388608,-8388608,-8388608,-8388608,-8388608,-8388608,-8388608,-8388608
57917654,-8388608,-8388608,-8388608,-8388608,-8388608,-8388608,-8388608,-8388608
57949400,-8388608,-8388608,-8388608,-8388608,-8388608,-8388608,-8388608,-8388608
57981147,0,0,0,0,0,0,0,0
58012893,-8388608,-8388608,-8388608,-8388608,-8388608,-8388608,-8388608,-8388608
58044640,-8388608,-8388608,-8388608,-8388608,-8388608,-8388608,-8388608,-8388608
58076386,-8388608,-8388608,-8388608,-8388608,-8388608,-8388608,-8388608,-8388608
58108132,-8388608,-8388608,-8388608,-8388608,-8388608,-8388608,-8388608,-8388608
58139879,0,0,0,0,0,0,0,0
58171626,-8388608,-8388608,-8388608,-8388608,-8388608,-8388608,-8388608,-8388608
58203372,-8388608,-8388608,-8388608,-8388608,0,0,0,0
58235119,-8388608,-8388608,-8388608,-8388608,-8388608,-8388608,-8388608,-8388608
58266865,-8388608,-8388608,-8388608,-8388608,-8388608,-8388608,-8388608,-8388608
58298613,-8388608,-8388608,-8388608,-8388608,-8388608,-8388608,-8388608,-8388608
58330358,-8388608,-8388608,-8388608,-8388608,-8388608,-8388608,-8388608,-8388608
58362104,0,0,0,0,0,-8388608,-8388608,-8388608
58393851,-8388608,-8388608,-8388608,-8388608,-8388608,-8388608,-8388608,-8388608
58425597,-8388608,-8388608,-8388608,-8388608,-8388608,-8388608,-8388608,-8388608
58457345,-8388608,-8388608,-8388608,-8388608,-8388608,-8388608,-8388608,-8388608
58489090,-8388608,-8388608,-8388608,-8388608,-8388608,-8388608,-8388608,-8388608
58520837,0,0,0,0,0,0,0,0
58552583,-8388608,-8388608,-8388608,-8388608,-8388608,-8388608,-8388608,-8388608
58584330,-8388608,-8388608,-8388608,-8388608,-8388608,-8388608,-8388608,-8388608
58616077,-8388608,-8388608,-8388608,-8388608,-8388608,-8388608,-8388608,-8388608
58647822,-8388608,-8388608,-8388608,-8388608,-8388608,-8388608,-8388608,-8388608
58679569,0,0,0,0,0,0,0,0
58711315,-8388608,-8388608,-8388608,-8388608,-8388608,-8388608,-8388608,-8388608
58743062,-8388608,-8388608,-8388608,-8388608,-8388608,-8388608,-8388608,-8388608
58774808,-8388608,-8388608,-8388608,-8388608,-8388608,-8388608,-8388608,-8388608
58806555,-8388608,-8388608,-8388608,-8388608,-8388608,-8388608,-8388608,-8388608
58838301,-8388608,-8388608,-8388608,-8388608,-8388608,-8388608,-8388608,-8388608
